{"/Users/jordan/projects/TrailTasksApp/App.tsx": {"path":"/Users/jordan/projects/TrailTasksApp/App.tsx","statementMap":{"0":{"start":{"line":31,"column":0},"end":{"line":34,"column":3}},"1":{"start":{"line":36,"column":12},"end":{"line":107,"column":1}},"2":{"start":{"line":37,"column":29},"end":{"line":37,"column":42}},"3":{"start":{"line":38,"column":28},"end":{"line":38,"column":44}},"4":{"start":{"line":39,"column":24},"end":{"line":39,"column":47}},"5":{"start":{"line":40,"column":21},"end":{"line":40,"column":48}},"6":{"start":{"line":41,"column":26},"end":{"line":41,"column":43}},"7":{"start":{"line":42,"column":26},"end":{"line":44,"column":3}},"8":{"start":{"line":45,"column":28},"end":{"line":51,"column":3}},"9":{"start":{"line":46,"column":4},"end":{"line":50,"column":5}},"10":{"start":{"line":47,"column":6},"end":{"line":47,"column":26}},"11":{"start":{"line":49,"column":6},"end":{"line":49,"column":23}},"12":{"start":{"line":55,"column":2},"end":{"line":85,"column":33}},"13":{"start":{"line":56,"column":19},"end":{"line":79,"column":5}},"14":{"start":{"line":57,"column":6},"end":{"line":78,"column":7}},"15":{"start":{"line":58,"column":8},"end":{"line":68,"column":9}},"16":{"start":{"line":60,"column":29},"end":{"line":60,"column":74}},"17":{"start":{"line":61,"column":10},"end":{"line":61,"column":60}},"18":{"start":{"line":62,"column":10},"end":{"line":66,"column":11}},"19":{"start":{"line":63,"column":12},"end":{"line":63,"column":86}},"20":{"start":{"line":64,"column":12},"end":{"line":64,"column":89}},"21":{"start":{"line":65,"column":12},"end":{"line":65,"column":90}},"22":{"start":{"line":69,"column":8},"end":{"line":73,"column":9}},"23":{"start":{"line":70,"column":10},"end":{"line":70,"column":62}},"24":{"start":{"line":72,"column":10},"end":{"line":72,"column":54}},"25":{"start":{"line":75,"column":8},"end":{"line":75,"column":15}},"26":{"start":{"line":77,"column":8},"end":{"line":77,"column":35}},"27":{"start":{"line":82,"column":4},"end":{"line":84,"column":54}},"28":{"start":{"line":83,"column":6},"end":{"line":83,"column":44}},"29":{"start":{"line":84,"column":18},"end":{"line":84,"column":52}},"30":{"start":{"line":87,"column":2},"end":{"line":106,"column":4}},"31":{"start":{"line":90,"column":8},"end":{"line":90,"column":40}},"32":{"start":{"line":109,"column":15},"end":{"line":140,"column":2}}},"fnMap":{"0":{"name":"(anonymous_0)","decl":{"start":{"line":36,"column":12},"end":{"line":36,"column":13}},"loc":{"start":{"line":36,"column":18},"end":{"line":107,"column":1}},"line":36},"1":{"name":"(anonymous_1)","decl":{"start":{"line":45,"column":28},"end":{"line":45,"column":29}},"loc":{"start":{"line":45,"column":34},"end":{"line":51,"column":3}},"line":45},"2":{"name":"(anonymous_2)","decl":{"start":{"line":55,"column":12},"end":{"line":55,"column":13}},"loc":{"start":{"line":55,"column":18},"end":{"line":85,"column":3}},"line":55},"3":{"name":"(anonymous_3)","decl":{"start":{"line":56,"column":19},"end":{"line":56,"column":20}},"loc":{"start":{"line":56,"column":31},"end":{"line":79,"column":5}},"line":56},"4":{"name":"(anonymous_4)","decl":{"start":{"line":82,"column":21},"end":{"line":82,"column":22}},"loc":{"start":{"line":82,"column":31},"end":{"line":84,"column":5}},"line":82},"5":{"name":"(anonymous_5)","decl":{"start":{"line":84,"column":13},"end":{"line":84,"column":14}},"loc":{"start":{"line":84,"column":18},"end":{"line":84,"column":52}},"line":84},"6":{"name":"(anonymous_6)","decl":{"start":{"line":89,"column":55},"end":{"line":89,"column":56}},"loc":{"start":{"line":89,"column":61},"end":{"line":91,"column":7}},"line":89}},"branchMap":{"0":{"loc":{"start":{"line":43,"column":21},"end":{"line":43,"column":64}},"type":"cond-expr","locations":[{"start":{"line":43,"column":34},"end":{"line":43,"column":47}},{"start":{"line":43,"column":50},"end":{"line":43,"column":64}}],"line":43},"1":{"loc":{"start":{"line":46,"column":4},"end":{"line":50,"column":5}},"type":"if","locations":[{"start":{"line":46,"column":4},"end":{"line":50,"column":5}},{"start":{"line":48,"column":11},"end":{"line":50,"column":5}}],"line":46},"2":{"loc":{"start":{"line":58,"column":8},"end":{"line":68,"column":9}},"type":"if","locations":[{"start":{"line":58,"column":8},"end":{"line":68,"column":9}},{"start":{},"end":{}}],"line":58},"3":{"loc":{"start":{"line":62,"column":10},"end":{"line":66,"column":11}},"type":"if","locations":[{"start":{"line":62,"column":10},"end":{"line":66,"column":11}},{"start":{},"end":{}}],"line":62},"4":{"loc":{"start":{"line":69,"column":8},"end":{"line":73,"column":9}},"type":"if","locations":[{"start":{"line":69,"column":8},"end":{"line":73,"column":9}},{"start":{"line":71,"column":15},"end":{"line":73,"column":9}}],"line":69},"5":{"loc":{"start":{"line":94,"column":22},"end":{"line":94,"column":67}},"type":"cond-expr","locations":[{"start":{"line":94,"column":35},"end":{"line":94,"column":50}},{"start":{"line":94,"column":53},"end":{"line":94,"column":67}}],"line":94},"6":{"loc":{"start":{"line":100,"column":11},"end":{"line":102,"column":78}},"type":"cond-expr","locations":[{"start":{"line":101,"column":12},"end":{"line":101,"column":29}},{"start":{"line":102,"column":14},"end":{"line":102,"column":78}}],"line":100}},"s":{"0":2,"1":2,"2":12,"3":12,"4":12,"5":12,"6":12,"7":12,"8":12,"9":0,"10":0,"11":0,"12":12,"13":6,"14":6,"15":6,"16":5,"17":5,"18":5,"19":0,"20":0,"21":0,"22":6,"23":1,"24":5,"25":6,"26":0,"27":6,"28":6,"29":0,"30":12,"31":0,"32":2},"f":{"0":12,"1":0,"2":6,"3":6,"4":6,"5":0,"6":0},"b":{"0":[0,12],"1":[0,0],"2":[5,1],"3":[0,5],"4":[1,5],"5":[0,12],"6":[1,11]},"_coverageSchema":"1a1c01bbd47fc00a2c39e90264f33305004495a9","hash":"d93d026f6feef528ca01ada7705fbb9fbfad9016"}
,"/Users/jordan/projects/TrailTasksApp/index.js": {"path":"/Users/jordan/projects/TrailTasksApp/index.js","statementMap":{"0":{"start":{"line":36,"column":16},"end":{"line":40,"column":2}},"1":{"start":{"line":42,"column":34},"end":{"line":63,"column":2}},"2":{"start":{"line":65,"column":17},"end":{"line":67,"column":22}},"3":{"start":{"line":69,"column":26},"end":{"line":79,"column":1}},"4":{"start":{"line":70,"column":2},"end":{"line":78,"column":4}},"5":{"start":{"line":81,"column":0},"end":{"line":81,"column":57}},"6":{"start":{"line":81,"column":45},"end":{"line":81,"column":55}}},"fnMap":{"0":{"name":"(anonymous_0)","decl":{"start":{"line":69,"column":26},"end":{"line":69,"column":27}},"loc":{"start":{"line":69,"column":32},"end":{"line":79,"column":1}},"line":69},"1":{"name":"(anonymous_1)","decl":{"start":{"line":81,"column":39},"end":{"line":81,"column":40}},"loc":{"start":{"line":81,"column":45},"end":{"line":81,"column":55}},"line":81}},"branchMap":{"0":{"loc":{"start":{"line":65,"column":17},"end":{"line":67,"column":22}},"type":"cond-expr","locations":[{"start":{"line":66,"column":4},"end":{"line":66,"column":10}},{"start":{"line":67,"column":4},"end":{"line":67,"column":22}}],"line":65}},"s":{"0":1,"1":1,"2":1,"3":1,"4":1,"5":1,"6":0},"f":{"0":1,"1":0},"b":{"0":[1,0]},"_coverageSchema":"1a1c01bbd47fc00a2c39e90264f33305004495a9","hash":"fbb5ead630c458b790d6e51a7dd0eda7b4dbf590"}
,"/Users/jordan/projects/TrailTasksApp/Screens/AchievementsScreen.tsx": {"path":"/Users/jordan/projects/TrailTasksApp/Screens/AchievementsScreen.tsx","statementMap":{"0":{"start":{"line":16,"column":27},"end":{"line":61,"column":1}},"1":{"start":{"line":17,"column":29},"end":{"line":17,"column":42}},"2":{"start":{"line":19,"column":4},"end":{"line":19,"column":23}},"3":{"start":{"line":22,"column":18},"end":{"line":26,"column":61}},"4":{"start":{"line":28,"column":4},"end":{"line":38,"column":5}},"5":{"start":{"line":29,"column":22},"end":{"line":32,"column":25}},"6":{"start":{"line":33,"column":6},"end":{"line":35,"column":7}},"7":{"start":{"line":34,"column":8},"end":{"line":34,"column":47}},"8":{"start":{"line":37,"column":6},"end":{"line":37,"column":56}},"9":{"start":{"line":41,"column":2},"end":{"line":43,"column":9}},"10":{"start":{"line":42,"column":4},"end":{"line":42,"column":65}},"11":{"start":{"line":42,"column":47},"end":{"line":42,"column":63}},"12":{"start":{"line":45,"column":2},"end":{"line":54,"column":3}},"13":{"start":{"line":46,"column":4},"end":{"line":53,"column":6}},"14":{"start":{"line":56,"column":2},"end":{"line":60,"column":4}},"15":{"start":{"line":63,"column":16},"end":{"line":63,"column":63}},"16":{"start":{"line":63,"column":55},"end":{"line":63,"column":61}},"17":{"start":{"line":64,"column":35},"end":{"line":64,"column":62}},"18":{"start":{"line":67,"column":15},"end":{"line":67,"column":36}}},"fnMap":{"0":{"name":"(anonymous_0)","decl":{"start":{"line":16,"column":27},"end":{"line":16,"column":28}},"loc":{"start":{"line":16,"column":46},"end":{"line":61,"column":1}},"line":16},"1":{"name":"getAchievementsWithCompletion","decl":{"start":{"line":21,"column":17},"end":{"line":21,"column":46}},"loc":{"start":{"line":21,"column":49},"end":{"line":39,"column":3}},"line":21},"2":{"name":"(anonymous_2)","decl":{"start":{"line":41,"column":12},"end":{"line":41,"column":13}},"loc":{"start":{"line":41,"column":18},"end":{"line":43,"column":3}},"line":41},"3":{"name":"(anonymous_3)","decl":{"start":{"line":42,"column":42},"end":{"line":42,"column":43}},"loc":{"start":{"line":42,"column":47},"end":{"line":42,"column":63}},"line":42},"4":{"name":"(anonymous_4)","decl":{"start":{"line":63,"column":42},"end":{"line":63,"column":43}},"loc":{"start":{"line":63,"column":55},"end":{"line":63,"column":61}},"line":63}},"branchMap":{"0":{"loc":{"start":{"line":33,"column":6},"end":{"line":35,"column":7}},"type":"if","locations":[{"start":{"line":33,"column":6},"end":{"line":35,"column":7}},{"start":{},"end":{}}],"line":33},"1":{"loc":{"start":{"line":45,"column":2},"end":{"line":54,"column":3}},"type":"if","locations":[{"start":{"line":45,"column":2},"end":{"line":54,"column":3}},{"start":{},"end":{}}],"line":45}},"s":{"0":2,"1":2,"2":2,"3":1,"4":1,"5":1,"6":1,"7":1,"8":0,"9":2,"10":1,"11":0,"12":2,"13":1,"14":1,"15":2,"16":1,"17":2,"18":2},"f":{"0":2,"1":1,"2":1,"3":0,"4":1},"b":{"0":[1,0],"1":[1,1]},"_coverageSchema":"1a1c01bbd47fc00a2c39e90264f33305004495a9","hash":"d93b8e3e2be4af9be5a653dbf9449fbc23e32006"}
,"/Users/jordan/projects/TrailTasksApp/Screens/AddOnStoreScreen.tsx": {"path":"/Users/jordan/projects/TrailTasksApp/Screens/AddOnStoreScreen.tsx","statementMap":{"0":{"start":{"line":12,"column":25},"end":{"line":44,"column":1}},"1":{"start":{"line":13,"column":35},"end":{"line":13,"column":46}},"2":{"start":{"line":14,"column":23},"end":{"line":14,"column":36}},"3":{"start":{"line":15,"column":24},"end":{"line":15,"column":47}},"4":{"start":{"line":17,"column":2},"end":{"line":19,"column":3}},"5":{"start":{"line":18,"column":4},"end":{"line":18,"column":43}},"6":{"start":{"line":20,"column":2},"end":{"line":22,"column":3}},"7":{"start":{"line":21,"column":4},"end":{"line":21,"column":55}},"8":{"start":{"line":25,"column":4},"end":{"line":33,"column":5}},"9":{"start":{"line":26,"column":27},"end":{"line":26,"column":53}},"10":{"start":{"line":27,"column":6},"end":{"line":29,"column":7}},"11":{"start":{"line":28,"column":8},"end":{"line":28,"column":54}},"12":{"start":{"line":30,"column":6},"end":{"line":30,"column":45}},"13":{"start":{"line":32,"column":6},"end":{"line":32,"column":50}},"14":{"start":{"line":35,"column":2},"end":{"line":43,"column":4}},"15":{"start":{"line":45,"column":16},"end":{"line":48,"column":3}},"16":{"start":{"line":45,"column":69},"end":{"line":48,"column":1}},"17":{"start":{"line":50,"column":33},"end":{"line":50,"column":58}},"18":{"start":{"line":54,"column":15},"end":{"line":76,"column":2}}},"fnMap":{"0":{"name":"(anonymous_0)","decl":{"start":{"line":12,"column":25},"end":{"line":12,"column":26}},"loc":{"start":{"line":12,"column":49},"end":{"line":44,"column":1}},"line":12},"1":{"name":"handleAddonPurchase","decl":{"start":{"line":24,"column":17},"end":{"line":24,"column":36}},"loc":{"start":{"line":24,"column":44},"end":{"line":34,"column":3}},"line":24},"2":{"name":"(anonymous_2)","decl":{"start":{"line":45,"column":56},"end":{"line":45,"column":57}},"loc":{"start":{"line":45,"column":69},"end":{"line":48,"column":1}},"line":45}},"branchMap":{"0":{"loc":{"start":{"line":17,"column":2},"end":{"line":19,"column":3}},"type":"if","locations":[{"start":{"line":17,"column":2},"end":{"line":19,"column":3}},{"start":{},"end":{}}],"line":17},"1":{"loc":{"start":{"line":20,"column":2},"end":{"line":22,"column":3}},"type":"if","locations":[{"start":{"line":20,"column":2},"end":{"line":22,"column":3}},{"start":{},"end":{}}],"line":20},"2":{"loc":{"start":{"line":27,"column":6},"end":{"line":29,"column":7}},"type":"if","locations":[{"start":{"line":27,"column":6},"end":{"line":29,"column":7}},{"start":{},"end":{}}],"line":27}},"s":{"0":2,"1":3,"2":3,"3":3,"4":3,"5":2,"6":1,"7":0,"8":0,"9":0,"10":0,"11":0,"12":0,"13":0,"14":1,"15":2,"16":1,"17":2,"18":2},"f":{"0":3,"1":0,"2":1},"b":{"0":[2,1],"1":[0,1],"2":[0,0]},"_coverageSchema":"1a1c01bbd47fc00a2c39e90264f33305004495a9","hash":"61df287812b4fcca65928e7dcc6d99f023d248b1"}
,"/Users/jordan/projects/TrailTasksApp/Screens/AuthScreen.tsx": {"path":"/Users/jordan/projects/TrailTasksApp/Screens/AuthScreen.tsx","statementMap":{"0":{"start":{"line":9,"column":19},"end":{"line":15,"column":1}},"1":{"start":{"line":10,"column":1},"end":{"line":14,"column":2}},"2":{"start":{"line":11,"column":3},"end":{"line":11,"column":62}},"3":{"start":{"line":13,"column":3},"end":{"line":13,"column":65}}},"fnMap":{"0":{"name":"(anonymous_0)","decl":{"start":{"line":9,"column":19},"end":{"line":9,"column":20}},"loc":{"start":{"line":9,"column":59},"end":{"line":15,"column":1}},"line":9}},"branchMap":{"0":{"loc":{"start":{"line":10,"column":1},"end":{"line":14,"column":2}},"type":"if","locations":[{"start":{"line":10,"column":1},"end":{"line":14,"column":2}},{"start":{"line":12,"column":8},"end":{"line":14,"column":2}}],"line":10}},"s":{"0":3,"1":17,"2":14,"3":3},"f":{"0":17},"b":{"0":[14,3]},"_coverageSchema":"1a1c01bbd47fc00a2c39e90264f33305004495a9","hash":"1e139cb934c20576c651b504df0eb9a14f868dff"}
,"/Users/jordan/projects/TrailTasksApp/Screens/CompletedTrailsScreen.tsx": {"path":"/Users/jordan/projects/TrailTasksApp/Screens/CompletedTrailsScreen.tsx","statementMap":{"0":{"start":{"line":16,"column":24},"end":{"line":24,"column":1}},"1":{"start":{"line":17,"column":2},"end":{"line":23,"column":4}},"2":{"start":{"line":26,"column":30},"end":{"line":59,"column":1}},"3":{"start":{"line":27,"column":30},"end":{"line":27,"column":56}},"4":{"start":{"line":28,"column":54},"end":{"line":30,"column":7}},"5":{"start":{"line":31,"column":50},"end":{"line":33,"column":20}},"6":{"start":{"line":35,"column":2},"end":{"line":58,"column":4}},"7":{"start":{"line":52,"column":10},"end":{"line":52,"column":68}},"8":{"start":{"line":55,"column":32},"end":{"line":55,"column":39}},"9":{"start":{"line":61,"column":16},"end":{"line":64,"column":3}},"10":{"start":{"line":61,"column":74},"end":{"line":64,"column":1}},"11":{"start":{"line":66,"column":38},"end":{"line":66,"column":68}},"12":{"start":{"line":69,"column":15},"end":{"line":99,"column":2}}},"fnMap":{"0":{"name":"(anonymous_0)","decl":{"start":{"line":16,"column":24},"end":{"line":16,"column":25}},"loc":{"start":{"line":16,"column":30},"end":{"line":24,"column":1}},"line":16},"1":{"name":"(anonymous_1)","decl":{"start":{"line":26,"column":30},"end":{"line":26,"column":31}},"loc":{"start":{"line":26,"column":66},"end":{"line":59,"column":1}},"line":26},"2":{"name":"(anonymous_2)","decl":{"start":{"line":51,"column":20},"end":{"line":51,"column":21}},"loc":{"start":{"line":52,"column":10},"end":{"line":52,"column":68}},"line":52},"3":{"name":"(anonymous_3)","decl":{"start":{"line":55,"column":22},"end":{"line":55,"column":23}},"loc":{"start":{"line":55,"column":32},"end":{"line":55,"column":39}},"line":55},"4":{"name":"(anonymous_4)","decl":{"start":{"line":61,"column":61},"end":{"line":61,"column":62}},"loc":{"start":{"line":61,"column":74},"end":{"line":64,"column":1}},"line":61}},"branchMap":{},"s":{"0":2,"1":1,"2":2,"3":1,"4":1,"5":1,"6":1,"7":0,"8":0,"9":2,"10":1,"11":2,"12":2},"f":{"0":1,"1":1,"2":0,"3":0,"4":1},"b":{},"_coverageSchema":"1a1c01bbd47fc00a2c39e90264f33305004495a9","hash":"c590abf9c9de0a1ebf15bb1ff2b67ac61d7706b3"}
,"/Users/jordan/projects/TrailTasksApp/Screens/ExploreScreen.tsx": {"path":"/Users/jordan/projects/TrailTasksApp/Screens/ExploreScreen.tsx","statementMap":{"0":{"start":{"line":25,"column":22},"end":{"line":99,"column":1}},"1":{"start":{"line":31,"column":29},"end":{"line":31,"column":42}},"2":{"start":{"line":33,"column":50},"end":{"line":33,"column":82}},"3":{"start":{"line":34,"column":42},"end":{"line":34,"column":62}},"4":{"start":{"line":36,"column":21},"end":{"line":65,"column":38}},"5":{"start":{"line":37,"column":8},"end":{"line":64,"column":9}},"6":{"start":{"line":38,"column":35},"end":{"line":55,"column":28}},"7":{"start":{"line":57,"column":10},"end":{"line":61,"column":11}},"8":{"start":{"line":58,"column":12},"end":{"line":58,"column":70}},"9":{"start":{"line":60,"column":12},"end":{"line":60,"column":50}},"10":{"start":{"line":63,"column":10},"end":{"line":63,"column":47}},"11":{"start":{"line":68,"column":0},"end":{"line":72,"column":2}},"12":{"start":{"line":70,"column":4},"end":{"line":70,"column":16}},"13":{"start":{"line":74,"column":2},"end":{"line":80,"column":3}},"14":{"start":{"line":75,"column":4},"end":{"line":79,"column":6}},"15":{"start":{"line":81,"column":2},"end":{"line":85,"column":3}},"16":{"start":{"line":82,"column":4},"end":{"line":84,"column":5}},"17":{"start":{"line":88,"column":2},"end":{"line":98,"column":4}},"18":{"start":{"line":101,"column":16},"end":{"line":106,"column":3}},"19":{"start":{"line":101,"column":97},"end":{"line":106,"column":1}},"20":{"start":{"line":108,"column":30},"end":{"line":108,"column":52}},"21":{"start":{"line":111,"column":15},"end":{"line":113,"column":2}}},"fnMap":{"0":{"name":"(anonymous_0)","decl":{"start":{"line":25,"column":22},"end":{"line":25,"column":23}},"loc":{"start":{"line":30,"column":13},"end":{"line":99,"column":1}},"line":30},"1":{"name":"(anonymous_1)","decl":{"start":{"line":36,"column":33},"end":{"line":36,"column":34}},"loc":{"start":{"line":36,"column":45},"end":{"line":65,"column":7}},"line":36},"2":{"name":"(anonymous_2)","decl":{"start":{"line":69,"column":14},"end":{"line":69,"column":15}},"loc":{"start":{"line":69,"column":20},"end":{"line":71,"column":3}},"line":69},"3":{"name":"(anonymous_3)","decl":{"start":{"line":101,"column":84},"end":{"line":101,"column":85}},"loc":{"start":{"line":101,"column":97},"end":{"line":106,"column":1}},"line":101}},"branchMap":{"0":{"loc":{"start":{"line":57,"column":10},"end":{"line":61,"column":11}},"type":"if","locations":[{"start":{"line":57,"column":10},"end":{"line":61,"column":11}},{"start":{"line":59,"column":17},"end":{"line":61,"column":11}}],"line":57},"1":{"loc":{"start":{"line":74,"column":2},"end":{"line":80,"column":3}},"type":"if","locations":[{"start":{"line":74,"column":2},"end":{"line":80,"column":3}},{"start":{},"end":{}}],"line":74},"2":{"loc":{"start":{"line":81,"column":2},"end":{"line":85,"column":3}},"type":"if","locations":[{"start":{"line":81,"column":2},"end":{"line":85,"column":3}},{"start":{},"end":{}}],"line":81}},"s":{"0":2,"1":2,"2":2,"3":2,"4":2,"5":1,"6":1,"7":1,"8":0,"9":1,"10":0,"11":2,"12":1,"13":2,"14":0,"15":2,"16":0,"17":2,"18":2,"19":1,"20":2,"21":2},"f":{"0":2,"1":1,"2":1,"3":1},"b":{"0":[0,1],"1":[0,2],"2":[0,2]},"_coverageSchema":"1a1c01bbd47fc00a2c39e90264f33305004495a9","hash":"51f48558efe5e9bf902e2f6e6c17909a079b74b7"}
,"/Users/jordan/projects/TrailTasksApp/Screens/FriendsScreen.tsx": {"path":"/Users/jordan/projects/TrailTasksApp/Screens/FriendsScreen.tsx","statementMap":{"0":{"start":{"line":14,"column":22},"end":{"line":114,"column":1}},"1":{"start":{"line":16,"column":29},"end":{"line":16,"column":42}},"2":{"start":{"line":17,"column":24},"end":{"line":17,"column":47}},"3":{"start":{"line":18,"column":46},"end":{"line":18,"column":66}},"4":{"start":{"line":20,"column":27},"end":{"line":23,"column":15}},"5":{"start":{"line":21,"column":4},"end":{"line":21,"column":34}},"6":{"start":{"line":22,"column":4},"end":{"line":22,"column":15}},"7":{"start":{"line":25,"column":4},"end":{"line":25,"column":85}},"8":{"start":{"line":28,"column":32},"end":{"line":28,"column":92}},"9":{"start":{"line":28,"column":62},"end":{"line":28,"column":91}},"10":{"start":{"line":29,"column":2},"end":{"line":93,"column":22}},"11":{"start":{"line":33,"column":34},"end":{"line":33,"column":114}},"12":{"start":{"line":34,"column":54},"end":{"line":34,"column":86}},"13":{"start":{"line":36,"column":6},"end":{"line":38,"column":7}},"14":{"start":{"line":37,"column":8},"end":{"line":37,"column":15}},"15":{"start":{"line":41,"column":45},"end":{"line":41,"column":87}},"16":{"start":{"line":48,"column":25},"end":{"line":72,"column":10}},"17":{"start":{"line":49,"column":8},"end":{"line":71,"column":11}},"18":{"start":{"line":50,"column":35},"end":{"line":50,"column":81}},"19":{"start":{"line":51,"column":10},"end":{"line":59,"column":11}},"20":{"start":{"line":52,"column":12},"end":{"line":58,"column":14}},"21":{"start":{"line":53,"column":14},"end":{"line":53,"column":47}},"22":{"start":{"line":54,"column":14},"end":{"line":54,"column":51}},"23":{"start":{"line":55,"column":14},"end":{"line":55,"column":39}},"24":{"start":{"line":56,"column":14},"end":{"line":56,"column":53}},"25":{"start":{"line":61,"column":12},"end":{"line":70,"column":14}},"26":{"start":{"line":62,"column":14},"end":{"line":62,"column":32}},"27":{"start":{"line":63,"column":14},"end":{"line":63,"column":43}},"28":{"start":{"line":64,"column":14},"end":{"line":64,"column":42}},"29":{"start":{"line":65,"column":14},"end":{"line":65,"column":47}},"30":{"start":{"line":66,"column":14},"end":{"line":66,"column":51}},"31":{"start":{"line":67,"column":14},"end":{"line":67,"column":53}},"32":{"start":{"line":68,"column":14},"end":{"line":68,"column":39}},"33":{"start":{"line":73,"column":6},"end":{"line":73,"column":67}},"34":{"start":{"line":73,"column":48},"end":{"line":73,"column":66}},"35":{"start":{"line":76,"column":4},"end":{"line":80,"column":5}},"36":{"start":{"line":77,"column":5},"end":{"line":79,"column":8}},"37":{"start":{"line":78,"column":8},"end":{"line":78,"column":56}},"38":{"start":{"line":81,"column":6},"end":{"line":81,"column":30}},"39":{"start":{"line":84,"column":4},"end":{"line":87,"column":5}},"40":{"start":{"line":86,"column":6},"end":{"line":86,"column":26}},"41":{"start":{"line":90,"column":4},"end":{"line":92,"column":5}},"42":{"start":{"line":91,"column":6},"end":{"line":91,"column":29}},"43":{"start":{"line":95,"column":2},"end":{"line":113,"column":3}},"44":{"start":{"line":106,"column":106},"end":{"line":106,"column":129}},"45":{"start":{"line":109,"column":62},"end":{"line":109,"column":182}},"46":{"start":{"line":116,"column":16},"end":{"line":120,"column":3}},"47":{"start":{"line":116,"column":98},"end":{"line":120,"column":1}},"48":{"start":{"line":121,"column":30},"end":{"line":121,"column":52}},"49":{"start":{"line":124,"column":15},"end":{"line":151,"column":2}}},"fnMap":{"0":{"name":"(anonymous_0)","decl":{"start":{"line":14,"column":22},"end":{"line":14,"column":23}},"loc":{"start":{"line":14,"column":71},"end":{"line":114,"column":1}},"line":14},"1":{"name":"(anonymous_1)","decl":{"start":{"line":20,"column":48},"end":{"line":20,"column":49}},"loc":{"start":{"line":20,"column":70},"end":{"line":23,"column":3}},"line":20},"2":{"name":"handleJoinSession","decl":{"start":{"line":24,"column":17},"end":{"line":24,"column":34}},"loc":{"start":{"line":24,"column":43},"end":{"line":27,"column":3}},"line":24},"3":{"name":"(anonymous_3)","decl":{"start":{"line":28,"column":50},"end":{"line":28,"column":51}},"loc":{"start":{"line":28,"column":62},"end":{"line":28,"column":91}},"line":28},"4":{"name":"(anonymous_4)","decl":{"start":{"line":29,"column":18},"end":{"line":29,"column":19}},"loc":{"start":{"line":29,"column":24},"end":{"line":93,"column":3}},"line":29},"5":{"name":"fetchOnlineFriends","decl":{"start":{"line":31,"column":19},"end":{"line":31,"column":37}},"loc":{"start":{"line":31,"column":40},"end":{"line":82,"column":5}},"line":31},"6":{"name":"(anonymous_6)","decl":{"start":{"line":48,"column":60},"end":{"line":48,"column":61}},"loc":{"start":{"line":48,"column":85},"end":{"line":72,"column":9}},"line":48},"7":{"name":"(anonymous_7)","decl":{"start":{"line":52,"column":50},"end":{"line":52,"column":51}},"loc":{"start":{"line":52,"column":55},"end":{"line":58,"column":13}},"line":52},"8":{"name":"(anonymous_8)","decl":{"start":{"line":61,"column":74},"end":{"line":61,"column":75}},"loc":{"start":{"line":61,"column":79},"end":{"line":70,"column":13}},"line":61},"9":{"name":"(anonymous_9)","decl":{"start":{"line":73,"column":39},"end":{"line":73,"column":40}},"loc":{"start":{"line":73,"column":48},"end":{"line":73,"column":66}},"line":73},"10":{"name":"(anonymous_10)","decl":{"start":{"line":77,"column":36},"end":{"line":77,"column":37}},"loc":{"start":{"line":77,"column":48},"end":{"line":79,"column":7}},"line":77},"11":{"name":"(anonymous_11)","decl":{"start":{"line":90,"column":11},"end":{"line":90,"column":12}},"loc":{"start":{"line":90,"column":17},"end":{"line":92,"column":5}},"line":90},"12":{"name":"(anonymous_12)","decl":{"start":{"line":106,"column":100},"end":{"line":106,"column":101}},"loc":{"start":{"line":106,"column":106},"end":{"line":106,"column":129}},"line":106},"13":{"name":"(anonymous_13)","decl":{"start":{"line":109,"column":52},"end":{"line":109,"column":53}},"loc":{"start":{"line":109,"column":62},"end":{"line":109,"column":182}},"line":109},"14":{"name":"(anonymous_14)","decl":{"start":{"line":116,"column":59},"end":{"line":116,"column":60}},"loc":{"start":{"line":116,"column":98},"end":{"line":120,"column":1}},"line":116}},"branchMap":{"0":{"loc":{"start":{"line":36,"column":6},"end":{"line":38,"column":7}},"type":"if","locations":[{"start":{"line":36,"column":6},"end":{"line":38,"column":7}},{"start":{},"end":{}}],"line":36},"1":{"loc":{"start":{"line":49,"column":8},"end":{"line":71,"column":11}},"type":"if","locations":[{"start":{"line":49,"column":8},"end":{"line":71,"column":11}},{"start":{"line":60,"column":15},"end":{"line":71,"column":11}}],"line":49},"2":{"loc":{"start":{"line":51,"column":10},"end":{"line":59,"column":11}},"type":"if","locations":[{"start":{"line":51,"column":10},"end":{"line":59,"column":11}},{"start":{},"end":{}}],"line":51},"3":{"loc":{"start":{"line":51,"column":13},"end":{"line":51,"column":223}},"type":"binary-expr","locations":[{"start":{"line":51,"column":13},"end":{"line":51,"column":62}},{"start":{"line":51,"column":66},"end":{"line":51,"column":119}},{"start":{"line":51,"column":123},"end":{"line":51,"column":164}},{"start":{"line":51,"column":168},"end":{"line":51,"column":223}}],"line":51},"4":{"loc":{"start":{"line":76,"column":4},"end":{"line":80,"column":5}},"type":"if","locations":[{"start":{"line":76,"column":4},"end":{"line":80,"column":5}},{"start":{},"end":{}}],"line":76},"5":{"loc":{"start":{"line":84,"column":4},"end":{"line":87,"column":5}},"type":"if","locations":[{"start":{"line":84,"column":4},"end":{"line":87,"column":5}},{"start":{},"end":{}}],"line":84},"6":{"loc":{"start":{"line":84,"column":7},"end":{"line":84,"column":44}},"type":"binary-expr","locations":[{"start":{"line":84,"column":7},"end":{"line":84,"column":18}},{"start":{"line":84,"column":22},"end":{"line":84,"column":26}},{"start":{"line":84,"column":30},"end":{"line":84,"column":44}}],"line":84},"7":{"loc":{"start":{"line":97,"column":7},"end":{"line":99,"column":26}},"type":"binary-expr","locations":[{"start":{"line":97,"column":7},"end":{"line":97,"column":19}},{"start":{"line":97,"column":24},"end":{"line":99,"column":26}}],"line":97},"8":{"loc":{"start":{"line":106,"column":8},"end":{"line":106,"column":199}},"type":"binary-expr","locations":[{"start":{"line":106,"column":8},"end":{"line":106,"column":19}},{"start":{"line":106,"column":23},"end":{"line":106,"column":199}}],"line":106},"9":{"loc":{"start":{"line":109,"column":7},"end":{"line":109,"column":292}},"type":"cond-expr","locations":[{"start":{"line":109,"column":34},"end":{"line":109,"column":183}},{"start":{"line":109,"column":186},"end":{"line":109,"column":292}}],"line":109}},"s":{"0":3,"1":28,"2":28,"3":28,"4":28,"5":9,"6":9,"7":1,"8":28,"9":9,"10":28,"11":8,"12":7,"13":7,"14":7,"15":0,"16":0,"17":0,"18":0,"19":0,"20":0,"21":0,"22":0,"23":0,"24":0,"25":0,"26":0,"27":0,"28":0,"29":0,"30":0,"31":0,"32":0,"33":0,"34":0,"35":0,"36":0,"37":0,"38":0,"39":8,"40":8,"41":8,"42":8,"43":28,"44":0,"45":9,"46":3,"47":8,"48":3,"49":3},"f":{"0":28,"1":9,"2":1,"3":9,"4":8,"5":8,"6":0,"7":0,"8":0,"9":0,"10":0,"11":8,"12":0,"13":9,"14":8},"b":{"0":[7,0],"1":[0,0],"2":[0,0],"3":[0,0,0,0],"4":[0,0],"5":[8,0],"6":[8,8,8],"7":[28,4],"8":[28,24],"9":[9,19]},"_coverageSchema":"1a1c01bbd47fc00a2c39e90264f33305004495a9","hash":"0d7ce0f591f56f17e7d5a88e4980dc7e7ffa4a4f"}
,"/Users/jordan/projects/TrailTasksApp/Screens/GroupResultsScreen.tsx": {"path":"/Users/jordan/projects/TrailTasksApp/Screens/GroupResultsScreen.tsx","statementMap":{"0":{"start":{"line":4,"column":27},"end":{"line":45,"column":1}},"1":{"start":{"line":5,"column":22},"end":{"line":5,"column":23}},"2":{"start":{"line":7,"column":2},"end":{"line":9,"column":4}},"3":{"start":{"line":8,"column":4},"end":{"line":8,"column":35}},"4":{"start":{"line":11,"column":23},"end":{"line":14,"column":4}},"5":{"start":{"line":13,"column":4},"end":{"line":13,"column":34}},"6":{"start":{"line":15,"column":2},"end":{"line":44,"column":4}},"7":{"start":{"line":29,"column":32},"end":{"line":29,"column":39}},"8":{"start":{"line":31,"column":10},"end":{"line":36,"column":17}},"9":{"start":{"line":49,"column":15},"end":{"line":142,"column":2}}},"fnMap":{"0":{"name":"(anonymous_0)","decl":{"start":{"line":4,"column":27},"end":{"line":4,"column":28}},"loc":{"start":{"line":4,"column":85},"end":{"line":45,"column":1}},"line":4},"1":{"name":"(anonymous_1)","decl":{"start":{"line":7,"column":32},"end":{"line":7,"column":33}},"loc":{"start":{"line":7,"column":43},"end":{"line":9,"column":3}},"line":7},"2":{"name":"(anonymous_2)","decl":{"start":{"line":11,"column":50},"end":{"line":11,"column":51}},"loc":{"start":{"line":11,"column":60},"end":{"line":14,"column":3}},"line":11},"3":{"name":"(anonymous_3)","decl":{"start":{"line":29,"column":22},"end":{"line":29,"column":23}},"loc":{"start":{"line":29,"column":32},"end":{"line":29,"column":39}},"line":29},"4":{"name":"(anonymous_4)","decl":{"start":{"line":30,"column":20},"end":{"line":30,"column":21}},"loc":{"start":{"line":31,"column":10},"end":{"line":36,"column":17}},"line":31}},"branchMap":{"0":{"loc":{"start":{"line":31,"column":61},"end":{"line":31,"column":145}},"type":"cond-expr","locations":[{"start":{"line":31,"column":74},"end":{"line":31,"column":96}},{"start":{"line":31,"column":99},"end":{"line":31,"column":145}}],"line":31},"1":{"loc":{"start":{"line":31,"column":99},"end":{"line":31,"column":145}},"type":"cond-expr","locations":[{"start":{"line":31,"column":120},"end":{"line":31,"column":140}},{"start":{"line":31,"column":143},"end":{"line":31,"column":145}}],"line":31}},"s":{"0":3,"1":0,"2":0,"3":0,"4":0,"5":0,"6":0,"7":0,"8":0,"9":3},"f":{"0":0,"1":0,"2":0,"3":0,"4":0},"b":{"0":[0,0],"1":[0,0]},"_coverageSchema":"1a1c01bbd47fc00a2c39e90264f33305004495a9","hash":"7d79818eb8279b6d3948667b53f6cdeff396737d"}
,"/Users/jordan/projects/TrailTasksApp/Screens/GroupSessionScreen.tsx": {"path":"/Users/jordan/projects/TrailTasksApp/Screens/GroupSessionScreen.tsx","statementMap":{"0":{"start":{"line":16,"column":16},"end":{"line":21,"column":1}},"1":{"start":{"line":17,"column":2},"end":{"line":20,"column":9}},"2":{"start":{"line":23,"column":31},"end":{"line":624,"column":1}},"3":{"start":{"line":24,"column":34},"end":{"line":24,"column":65}},"4":{"start":{"line":25,"column":37},"end":{"line":25,"column":60}},"5":{"start":{"line":26,"column":19},"end":{"line":26,"column":32}},"6":{"start":{"line":30,"column":36},"end":{"line":30,"column":50}},"7":{"start":{"line":31,"column":56},"end":{"line":38,"column":4}},"8":{"start":{"line":33,"column":6},"end":{"line":33,"column":27}},"9":{"start":{"line":34,"column":6},"end":{"line":36,"column":7}},"10":{"start":{"line":35,"column":8},"end":{"line":35,"column":33}},"11":{"start":{"line":39,"column":16},"end":{"line":39,"column":46}},"12":{"start":{"line":40,"column":26},"end":{"line":40,"column":45}},"13":{"start":{"line":41,"column":30},"end":{"line":41,"column":42}},"14":{"start":{"line":42,"column":2},"end":{"line":46,"column":7}},"15":{"start":{"line":43,"column":4},"end":{"line":45,"column":5}},"16":{"start":{"line":44,"column":6},"end":{"line":44,"column":40}},"17":{"start":{"line":48,"column":30},"end":{"line":48,"column":42}},"18":{"start":{"line":49,"column":32},"end":{"line":56,"column":4}},"19":{"start":{"line":57,"column":42},"end":{"line":57,"column":54}},"20":{"start":{"line":58,"column":28},"end":{"line":58,"column":40}},"21":{"start":{"line":59,"column":40},"end":{"line":59,"column":52}},"22":{"start":{"line":60,"column":28},"end":{"line":73,"column":4}},"23":{"start":{"line":75,"column":23},"end":{"line":75,"column":42}},"24":{"start":{"line":76,"column":2},"end":{"line":98,"column":9}},"25":{"start":{"line":77,"column":28},"end":{"line":95,"column":5}},"26":{"start":{"line":79,"column":6},"end":{"line":94,"column":7}},"27":{"start":{"line":81,"column":27},"end":{"line":81,"column":57}},"28":{"start":{"line":82,"column":8},"end":{"line":90,"column":9}},"29":{"start":{"line":83,"column":10},"end":{"line":83,"column":58}},"30":{"start":{"line":84,"column":15},"end":{"line":90,"column":9}},"31":{"start":{"line":86,"column":10},"end":{"line":86,"column":62}},"32":{"start":{"line":89,"column":10},"end":{"line":89,"column":59}},"33":{"start":{"line":93,"column":8},"end":{"line":93,"column":43}},"34":{"start":{"line":97,"column":4},"end":{"line":97,"column":22}},"35":{"start":{"line":100,"column":2},"end":{"line":109,"column":21}},"36":{"start":{"line":102,"column":6},"end":{"line":102,"column":35}},"37":{"start":{"line":103,"column":6},"end":{"line":103,"column":49}},"38":{"start":{"line":105,"column":4},"end":{"line":107,"column":5}},"39":{"start":{"line":106,"column":6},"end":{"line":106,"column":22}},"40":{"start":{"line":110,"column":60},"end":{"line":110,"column":75}},"41":{"start":{"line":114,"column":24},"end":{"line":114,"column":35}},"42":{"start":{"line":116,"column":4},"end":{"line":121,"column":5}},"43":{"start":{"line":117,"column":6},"end":{"line":117,"column":39}},"44":{"start":{"line":118,"column":6},"end":{"line":118,"column":40}},"45":{"start":{"line":119,"column":6},"end":{"line":119,"column":38}},"46":{"start":{"line":123,"column":4},"end":{"line":123,"column":27}},"47":{"start":{"line":124,"column":4},"end":{"line":138,"column":8}},"48":{"start":{"line":124,"column":22},"end":{"line":138,"column":5}},"49":{"start":{"line":139,"column":4},"end":{"line":148,"column":8}},"50":{"start":{"line":139,"column":24},"end":{"line":148,"column":5}},"51":{"start":{"line":153,"column":2},"end":{"line":157,"column":24}},"52":{"start":{"line":154,"column":4},"end":{"line":156,"column":5}},"53":{"start":{"line":155,"column":6},"end":{"line":155,"column":124}},"54":{"start":{"line":161,"column":4},"end":{"line":164,"column":7}},"55":{"start":{"line":169,"column":4},"end":{"line":172,"column":7}},"56":{"start":{"line":176,"column":4},"end":{"line":183,"column":8}},"57":{"start":{"line":176,"column":23},"end":{"line":183,"column":5}},"58":{"start":{"line":184,"column":4},"end":{"line":184,"column":64}},"59":{"start":{"line":184,"column":24},"end":{"line":184,"column":61}},"60":{"start":{"line":185,"column":4},"end":{"line":188,"column":7}},"61":{"start":{"line":193,"column":4},"end":{"line":196,"column":7}},"62":{"start":{"line":201,"column":4},"end":{"line":204,"column":7}},"63":{"start":{"line":208,"column":4},"end":{"line":208,"column":83}},"64":{"start":{"line":208,"column":23},"end":{"line":208,"column":80}},"65":{"start":{"line":209,"column":4},"end":{"line":212,"column":7}},"66":{"start":{"line":217,"column":4},"end":{"line":220,"column":7}},"67":{"start":{"line":226,"column":4},"end":{"line":226,"column":35}},"68":{"start":{"line":227,"column":4},"end":{"line":234,"column":5}},"69":{"start":{"line":229,"column":6},"end":{"line":232,"column":9}},"70":{"start":{"line":238,"column":4},"end":{"line":241,"column":7}},"71":{"start":{"line":245,"column":4},"end":{"line":248,"column":7}},"72":{"start":{"line":251,"column":4},"end":{"line":251,"column":34}},"73":{"start":{"line":252,"column":4},"end":{"line":255,"column":7}},"74":{"start":{"line":259,"column":4},"end":{"line":259,"column":12}},"75":{"start":{"line":260,"column":4},"end":{"line":260,"column":21}},"76":{"start":{"line":262,"column":22},"end":{"line":262,"column":34}},"77":{"start":{"line":265,"column":2},"end":{"line":281,"column":14}},"78":{"start":{"line":266,"column":4},"end":{"line":268,"column":5}},"79":{"start":{"line":267,"column":6},"end":{"line":267,"column":13}},"80":{"start":{"line":269,"column":4},"end":{"line":277,"column":5}},"81":{"start":{"line":270,"column":6},"end":{"line":275,"column":15}},"82":{"start":{"line":271,"column":8},"end":{"line":274,"column":12}},"83":{"start":{"line":271,"column":26},"end":{"line":274,"column":9}},"84":{"start":{"line":280,"column":4},"end":{"line":280,"column":52}},"85":{"start":{"line":280,"column":17},"end":{"line":280,"column":51}},"86":{"start":{"line":284,"column":21},"end":{"line":284,"column":33}},"87":{"start":{"line":285,"column":2},"end":{"line":296,"column":13}},"88":{"start":{"line":286,"column":4},"end":{"line":290,"column":5}},"89":{"start":{"line":287,"column":6},"end":{"line":289,"column":16}},"90":{"start":{"line":288,"column":8},"end":{"line":288,"column":20}},"91":{"start":{"line":291,"column":4},"end":{"line":293,"column":5}},"92":{"start":{"line":292,"column":6},"end":{"line":292,"column":39}},"93":{"start":{"line":295,"column":4},"end":{"line":295,"column":50}},"94":{"start":{"line":295,"column":17},"end":{"line":295,"column":49}},"95":{"start":{"line":299,"column":2},"end":{"line":315,"column":24}},"96":{"start":{"line":300,"column":33},"end":{"line":311,"column":5}},"97":{"start":{"line":301,"column":6},"end":{"line":310,"column":7}},"98":{"start":{"line":302,"column":8},"end":{"line":308,"column":9}},"99":{"start":{"line":303,"column":10},"end":{"line":303,"column":63}},"100":{"start":{"line":304,"column":10},"end":{"line":304,"column":24}},"101":{"start":{"line":305,"column":15},"end":{"line":308,"column":9}},"102":{"start":{"line":306,"column":10},"end":{"line":306,"column":56}},"103":{"start":{"line":307,"column":10},"end":{"line":307,"column":25}},"104":{"start":{"line":309,"column":8},"end":{"line":309,"column":34}},"105":{"start":{"line":313,"column":25},"end":{"line":313,"column":82}},"106":{"start":{"line":314,"column":4},"end":{"line":314,"column":39}},"107":{"start":{"line":314,"column":17},"end":{"line":314,"column":38}},"108":{"start":{"line":317,"column":2},"end":{"line":331,"column":4}},"109":{"start":{"line":321,"column":6},"end":{"line":323,"column":7}},"110":{"start":{"line":322,"column":8},"end":{"line":322,"column":23}},"111":{"start":{"line":324,"column":6},"end":{"line":329,"column":8}},"112":{"start":{"line":326,"column":8},"end":{"line":328,"column":9}},"113":{"start":{"line":327,"column":10},"end":{"line":327,"column":24}},"114":{"start":{"line":333,"column":2},"end":{"line":348,"column":90}},"115":{"start":{"line":334,"column":4},"end":{"line":347,"column":5}},"116":{"start":{"line":335,"column":6},"end":{"line":346,"column":8}},"117":{"start":{"line":350,"column":2},"end":{"line":352,"column":3}},"118":{"start":{"line":351,"column":4},"end":{"line":351,"column":60}},"119":{"start":{"line":355,"column":2},"end":{"line":623,"column":4}},"120":{"start":{"line":379,"column":115},"end":{"line":379,"column":133}},"121":{"start":{"line":389,"column":34},"end":{"line":389,"column":64}},"122":{"start":{"line":402,"column":45},"end":{"line":402,"column":93}},"123":{"start":{"line":402,"column":67},"end":{"line":402,"column":91}},"124":{"start":{"line":423,"column":48},"end":{"line":423,"column":109}},"125":{"start":{"line":423,"column":66},"end":{"line":423,"column":107}},"126":{"start":{"line":441,"column":48},"end":{"line":441,"column":114}},"127":{"start":{"line":441,"column":66},"end":{"line":441,"column":112}},"128":{"start":{"line":459,"column":48},"end":{"line":459,"column":113}},"129":{"start":{"line":459,"column":66},"end":{"line":459,"column":111}},"130":{"start":{"line":469,"column":45},"end":{"line":469,"column":110}},"131":{"start":{"line":469,"column":65},"end":{"line":469,"column":108}},"132":{"start":{"line":482,"column":41},"end":{"line":482,"column":109}},"133":{"start":{"line":482,"column":61},"end":{"line":482,"column":107}},"134":{"start":{"line":490,"column":33},"end":{"line":490,"column":52}},"135":{"start":{"line":504,"column":29},"end":{"line":504,"column":58}},"136":{"start":{"line":513,"column":77},"end":{"line":513,"column":90}},"137":{"start":{"line":525,"column":42},"end":{"line":525,"column":48}},"138":{"start":{"line":527,"column":40},"end":{"line":527,"column":44}},"139":{"start":{"line":528,"column":16},"end":{"line":533,"column":18}},"140":{"start":{"line":552,"column":17},"end":{"line":554,"column":34}},"141":{"start":{"line":566,"column":40},"end":{"line":566,"column":57}},"142":{"start":{"line":597,"column":40},"end":{"line":597,"column":46}},"143":{"start":{"line":599,"column":38},"end":{"line":599,"column":42}},"144":{"start":{"line":600,"column":14},"end":{"line":606,"column":16}},"145":{"start":{"line":627,"column":15},"end":{"line":854,"column":2}}},"fnMap":{"0":{"name":"(anonymous_0)","decl":{"start":{"line":16,"column":16},"end":{"line":16,"column":17}},"loc":{"start":{"line":17,"column":2},"end":{"line":20,"column":9}},"line":17},"1":{"name":"(anonymous_1)","decl":{"start":{"line":23,"column":31},"end":{"line":23,"column":32}},"loc":{"start":{"line":23,"column":84},"end":{"line":624,"column":1}},"line":23},"2":{"name":"(anonymous_2)","decl":{"start":{"line":32,"column":13},"end":{"line":32,"column":14}},"loc":{"start":{"line":32,"column":25},"end":{"line":37,"column":5}},"line":32},"3":{"name":"(anonymous_3)","decl":{"start":{"line":42,"column":12},"end":{"line":42,"column":13}},"loc":{"start":{"line":42,"column":18},"end":{"line":46,"column":1}},"line":42},"4":{"name":"(anonymous_4)","decl":{"start":{"line":76,"column":12},"end":{"line":76,"column":13}},"loc":{"start":{"line":76,"column":18},"end":{"line":98,"column":3}},"line":76},"5":{"name":"(anonymous_5)","decl":{"start":{"line":77,"column":28},"end":{"line":77,"column":29}},"loc":{"start":{"line":77,"column":40},"end":{"line":95,"column":5}},"line":77},"6":{"name":"(anonymous_6)","decl":{"start":{"line":100,"column":12},"end":{"line":100,"column":13}},"loc":{"start":{"line":100,"column":18},"end":{"line":109,"column":3}},"line":100},"7":{"name":"setUserRoomId","decl":{"start":{"line":101,"column":19},"end":{"line":101,"column":32}},"loc":{"start":{"line":101,"column":34},"end":{"line":104,"column":5}},"line":101},"8":{"name":"reset","decl":{"start":{"line":112,"column":11},"end":{"line":112,"column":16}},"loc":{"start":{"line":112,"column":19},"end":{"line":149,"column":3}},"line":112},"9":{"name":"(anonymous_9)","decl":{"start":{"line":124,"column":13},"end":{"line":124,"column":14}},"loc":{"start":{"line":124,"column":22},"end":{"line":138,"column":5}},"line":124},"10":{"name":"(anonymous_10)","decl":{"start":{"line":139,"column":15},"end":{"line":139,"column":16}},"loc":{"start":{"line":139,"column":24},"end":{"line":148,"column":5}},"line":139},"11":{"name":"(anonymous_11)","decl":{"start":{"line":153,"column":12},"end":{"line":153,"column":13}},"loc":{"start":{"line":153,"column":18},"end":{"line":157,"column":3}},"line":153},"12":{"name":"handleCreateRoom","decl":{"start":{"line":160,"column":11},"end":{"line":160,"column":27}},"loc":{"start":{"line":160,"column":29},"end":{"line":165,"column":3}},"line":160},"13":{"name":"handleJoinRoom","decl":{"start":{"line":168,"column":11},"end":{"line":168,"column":25}},"loc":{"start":{"line":168,"column":27},"end":{"line":173,"column":3}},"line":168},"14":{"name":"handlePause","decl":{"start":{"line":175,"column":11},"end":{"line":175,"column":22}},"loc":{"start":{"line":175,"column":25},"end":{"line":189,"column":3}},"line":175},"15":{"name":"(anonymous_15)","decl":{"start":{"line":176,"column":14},"end":{"line":176,"column":15}},"loc":{"start":{"line":176,"column":23},"end":{"line":183,"column":5}},"line":176},"16":{"name":"(anonymous_16)","decl":{"start":{"line":184,"column":15},"end":{"line":184,"column":16}},"loc":{"start":{"line":184,"column":24},"end":{"line":184,"column":61}},"line":184},"17":{"name":"handleLeaveActiveSession","decl":{"start":{"line":192,"column":11},"end":{"line":192,"column":35}},"loc":{"start":{"line":192,"column":37},"end":{"line":198,"column":3}},"line":192},"18":{"name":"handleEnd","decl":{"start":{"line":200,"column":11},"end":{"line":200,"column":20}},"loc":{"start":{"line":200,"column":22},"end":{"line":205,"column":3}},"line":200},"19":{"name":"handleResume","decl":{"start":{"line":207,"column":11},"end":{"line":207,"column":23}},"loc":{"start":{"line":207,"column":25},"end":{"line":213,"column":3}},"line":207},"20":{"name":"(anonymous_20)","decl":{"start":{"line":208,"column":14},"end":{"line":208,"column":15}},"loc":{"start":{"line":208,"column":23},"end":{"line":208,"column":80}},"line":208},"21":{"name":"toggleReadyState","decl":{"start":{"line":216,"column":11},"end":{"line":216,"column":27}},"loc":{"start":{"line":216,"column":29},"end":{"line":221,"column":3}},"line":216},"22":{"name":"sendUpdatedConfig","decl":{"start":{"line":224,"column":11},"end":{"line":224,"column":28}},"loc":{"start":{"line":224,"column":30},"end":{"line":235,"column":3}},"line":224},"23":{"name":"handleExtraSet","decl":{"start":{"line":237,"column":11},"end":{"line":237,"column":25}},"loc":{"start":{"line":237,"column":27},"end":{"line":242,"column":3}},"line":237},"24":{"name":"handleExtraSession","decl":{"start":{"line":244,"column":11},"end":{"line":244,"column":29}},"loc":{"start":{"line":244,"column":31},"end":{"line":249,"column":3}},"line":244},"25":{"name":"handleStart","decl":{"start":{"line":250,"column":11},"end":{"line":250,"column":22}},"loc":{"start":{"line":250,"column":24},"end":{"line":256,"column":3}},"line":250},"26":{"name":"handleReturnToLobby","decl":{"start":{"line":258,"column":11},"end":{"line":258,"column":30}},"loc":{"start":{"line":258,"column":32},"end":{"line":261,"column":3}},"line":258},"27":{"name":"(anonymous_27)","decl":{"start":{"line":265,"column":12},"end":{"line":265,"column":13}},"loc":{"start":{"line":265,"column":18},"end":{"line":281,"column":3}},"line":265},"28":{"name":"(anonymous_28)","decl":{"start":{"line":270,"column":40},"end":{"line":270,"column":41}},"loc":{"start":{"line":270,"column":46},"end":{"line":275,"column":7}},"line":270},"29":{"name":"(anonymous_29)","decl":{"start":{"line":271,"column":17},"end":{"line":271,"column":18}},"loc":{"start":{"line":271,"column":26},"end":{"line":274,"column":9}},"line":271},"30":{"name":"(anonymous_30)","decl":{"start":{"line":280,"column":11},"end":{"line":280,"column":12}},"loc":{"start":{"line":280,"column":17},"end":{"line":280,"column":51}},"line":280},"31":{"name":"(anonymous_31)","decl":{"start":{"line":285,"column":12},"end":{"line":285,"column":13}},"loc":{"start":{"line":285,"column":18},"end":{"line":296,"column":3}},"line":285},"32":{"name":"(anonymous_32)","decl":{"start":{"line":287,"column":38},"end":{"line":287,"column":39}},"loc":{"start":{"line":287,"column":44},"end":{"line":289,"column":7}},"line":287},"33":{"name":"(anonymous_33)","decl":{"start":{"line":295,"column":11},"end":{"line":295,"column":12}},"loc":{"start":{"line":295,"column":17},"end":{"line":295,"column":49}},"line":295},"34":{"name":"(anonymous_34)","decl":{"start":{"line":299,"column":12},"end":{"line":299,"column":13}},"loc":{"start":{"line":299,"column":18},"end":{"line":315,"column":3}},"line":299},"35":{"name":"(anonymous_35)","decl":{"start":{"line":300,"column":33},"end":{"line":300,"column":34}},"loc":{"start":{"line":300,"column":51},"end":{"line":311,"column":5}},"line":300},"36":{"name":"(anonymous_36)","decl":{"start":{"line":314,"column":11},"end":{"line":314,"column":12}},"loc":{"start":{"line":314,"column":17},"end":{"line":314,"column":38}},"line":314},"37":{"name":"(anonymous_37)","decl":{"start":{"line":318,"column":22},"end":{"line":318,"column":23}},"loc":{"start":{"line":318,"column":28},"end":{"line":330,"column":5}},"line":318},"38":{"name":"(anonymous_38)","decl":{"start":{"line":324,"column":13},"end":{"line":324,"column":14}},"loc":{"start":{"line":324,"column":19},"end":{"line":329,"column":7}},"line":324},"39":{"name":"(anonymous_39)","decl":{"start":{"line":333,"column":12},"end":{"line":333,"column":13}},"loc":{"start":{"line":333,"column":18},"end":{"line":348,"column":3}},"line":333},"40":{"name":"(anonymous_40)","decl":{"start":{"line":379,"column":109},"end":{"line":379,"column":110}},"loc":{"start":{"line":379,"column":115},"end":{"line":379,"column":133}},"line":379},"41":{"name":"(anonymous_41)","decl":{"start":{"line":389,"column":28},"end":{"line":389,"column":29}},"loc":{"start":{"line":389,"column":34},"end":{"line":389,"column":64}},"line":389},"42":{"name":"(anonymous_42)","decl":{"start":{"line":402,"column":34},"end":{"line":402,"column":35}},"loc":{"start":{"line":402,"column":45},"end":{"line":402,"column":93}},"line":402},"43":{"name":"(anonymous_43)","decl":{"start":{"line":402,"column":56},"end":{"line":402,"column":57}},"loc":{"start":{"line":402,"column":67},"end":{"line":402,"column":91}},"line":402},"44":{"name":"(anonymous_44)","decl":{"start":{"line":423,"column":30},"end":{"line":423,"column":31}},"loc":{"start":{"line":423,"column":48},"end":{"line":423,"column":109}},"line":423},"45":{"name":"(anonymous_45)","decl":{"start":{"line":423,"column":57},"end":{"line":423,"column":58}},"loc":{"start":{"line":423,"column":66},"end":{"line":423,"column":107}},"line":423},"46":{"name":"(anonymous_46)","decl":{"start":{"line":441,"column":30},"end":{"line":441,"column":31}},"loc":{"start":{"line":441,"column":48},"end":{"line":441,"column":114}},"line":441},"47":{"name":"(anonymous_47)","decl":{"start":{"line":441,"column":57},"end":{"line":441,"column":58}},"loc":{"start":{"line":441,"column":66},"end":{"line":441,"column":112}},"line":441},"48":{"name":"(anonymous_48)","decl":{"start":{"line":459,"column":30},"end":{"line":459,"column":31}},"loc":{"start":{"line":459,"column":48},"end":{"line":459,"column":113}},"line":459},"49":{"name":"(anonymous_49)","decl":{"start":{"line":459,"column":57},"end":{"line":459,"column":58}},"loc":{"start":{"line":459,"column":66},"end":{"line":459,"column":111}},"line":459},"50":{"name":"(anonymous_50)","decl":{"start":{"line":469,"column":34},"end":{"line":469,"column":35}},"loc":{"start":{"line":469,"column":45},"end":{"line":469,"column":110}},"line":469},"51":{"name":"(anonymous_51)","decl":{"start":{"line":469,"column":54},"end":{"line":469,"column":55}},"loc":{"start":{"line":469,"column":65},"end":{"line":469,"column":108}},"line":469},"52":{"name":"(anonymous_52)","decl":{"start":{"line":482,"column":35},"end":{"line":482,"column":36}},"loc":{"start":{"line":482,"column":41},"end":{"line":482,"column":109}},"line":482},"53":{"name":"(anonymous_53)","decl":{"start":{"line":482,"column":50},"end":{"line":482,"column":51}},"loc":{"start":{"line":482,"column":61},"end":{"line":482,"column":107}},"line":482},"54":{"name":"(anonymous_54)","decl":{"start":{"line":490,"column":27},"end":{"line":490,"column":28}},"loc":{"start":{"line":490,"column":33},"end":{"line":490,"column":52}},"line":490},"55":{"name":"(anonymous_55)","decl":{"start":{"line":504,"column":23},"end":{"line":504,"column":24}},"loc":{"start":{"line":504,"column":29},"end":{"line":504,"column":58}},"line":504},"56":{"name":"(anonymous_56)","decl":{"start":{"line":513,"column":68},"end":{"line":513,"column":69}},"loc":{"start":{"line":513,"column":77},"end":{"line":513,"column":90}},"line":513},"57":{"name":"(anonymous_57)","decl":{"start":{"line":525,"column":28},"end":{"line":525,"column":29}},"loc":{"start":{"line":525,"column":42},"end":{"line":525,"column":48}},"line":525},"58":{"name":"(anonymous_58)","decl":{"start":{"line":526,"column":26},"end":{"line":526,"column":27}},"loc":{"start":{"line":526,"column":40},"end":{"line":534,"column":15}},"line":526},"59":{"name":"(anonymous_59)","decl":{"start":{"line":551,"column":23},"end":{"line":551,"column":24}},"loc":{"start":{"line":552,"column":14},"end":{"line":554,"column":36}},"line":552},"60":{"name":"(anonymous_60)","decl":{"start":{"line":566,"column":34},"end":{"line":566,"column":35}},"loc":{"start":{"line":566,"column":40},"end":{"line":566,"column":57}},"line":566},"61":{"name":"(anonymous_61)","decl":{"start":{"line":597,"column":26},"end":{"line":597,"column":27}},"loc":{"start":{"line":597,"column":40},"end":{"line":597,"column":46}},"line":597},"62":{"name":"(anonymous_62)","decl":{"start":{"line":598,"column":24},"end":{"line":598,"column":25}},"loc":{"start":{"line":598,"column":38},"end":{"line":607,"column":13}},"line":598}},"branchMap":{"0":{"loc":{"start":{"line":19,"column":46},"end":{"line":19,"column":95}},"type":"cond-expr","locations":[{"start":{"line":19,"column":80},"end":{"line":19,"column":85}},{"start":{"line":19,"column":88},"end":{"line":19,"column":95}}],"line":19},"1":{"loc":{"start":{"line":19,"column":46},"end":{"line":19,"column":77}},"type":"binary-expr","locations":[{"start":{"line":19,"column":46},"end":{"line":19,"column":64}},{"start":{"line":19,"column":68},"end":{"line":19,"column":77}}],"line":19},"2":{"loc":{"start":{"line":23,"column":40},"end":{"line":23,"column":53}},"type":"default-arg","locations":[{"start":{"line":23,"column":49},"end":{"line":23,"column":53}}],"line":23},"3":{"loc":{"start":{"line":23,"column":55},"end":{"line":23,"column":70}},"type":"default-arg","locations":[{"start":{"line":23,"column":68},"end":{"line":23,"column":70}}],"line":23},"4":{"loc":{"start":{"line":34,"column":6},"end":{"line":36,"column":7}},"type":"if","locations":[{"start":{"line":34,"column":6},"end":{"line":36,"column":7}},{"start":{},"end":{}}],"line":34},"5":{"loc":{"start":{"line":34,"column":9},"end":{"line":34,"column":28}},"type":"binary-expr","locations":[{"start":{"line":34,"column":9},"end":{"line":34,"column":13}},{"start":{"line":34,"column":17},"end":{"line":34,"column":28}}],"line":34},"6":{"loc":{"start":{"line":43,"column":4},"end":{"line":45,"column":5}},"type":"if","locations":[{"start":{"line":43,"column":4},"end":{"line":45,"column":5}},{"start":{},"end":{}}],"line":43},"7":{"loc":{"start":{"line":79,"column":6},"end":{"line":94,"column":7}},"type":"if","locations":[{"start":{"line":79,"column":6},"end":{"line":94,"column":7}},{"start":{"line":92,"column":13},"end":{"line":94,"column":7}}],"line":79},"8":{"loc":{"start":{"line":81,"column":27},"end":{"line":81,"column":57}},"type":"binary-expr","locations":[{"start":{"line":81,"column":27},"end":{"line":81,"column":36}},{"start":{"line":81,"column":40},"end":{"line":81,"column":57}}],"line":81},"9":{"loc":{"start":{"line":82,"column":8},"end":{"line":90,"column":9}},"type":"if","locations":[{"start":{"line":82,"column":8},"end":{"line":90,"column":9}},{"start":{"line":84,"column":15},"end":{"line":90,"column":9}}],"line":82},"10":{"loc":{"start":{"line":84,"column":15},"end":{"line":90,"column":9}},"type":"if","locations":[{"start":{"line":84,"column":15},"end":{"line":90,"column":9}},{"start":{"line":87,"column":15},"end":{"line":90,"column":9}}],"line":84},"11":{"loc":{"start":{"line":105,"column":4},"end":{"line":107,"column":5}},"type":"if","locations":[{"start":{"line":105,"column":4},"end":{"line":107,"column":5}},{"start":{},"end":{}}],"line":105},"12":{"loc":{"start":{"line":105,"column":8},"end":{"line":105,"column":22}},"type":"binary-expr","locations":[{"start":{"line":105,"column":8},"end":{"line":105,"column":12}},{"start":{"line":105,"column":16},"end":{"line":105,"column":22}}],"line":105},"13":{"loc":{"start":{"line":154,"column":4},"end":{"line":156,"column":5}},"type":"if","locations":[{"start":{"line":154,"column":4},"end":{"line":156,"column":5}},{"start":{},"end":{}}],"line":154},"14":{"loc":{"start":{"line":227,"column":4},"end":{"line":234,"column":5}},"type":"if","locations":[{"start":{"line":227,"column":4},"end":{"line":234,"column":5}},{"start":{},"end":{}}],"line":227},"15":{"loc":{"start":{"line":266,"column":4},"end":{"line":268,"column":5}},"type":"if","locations":[{"start":{"line":266,"column":4},"end":{"line":268,"column":5}},{"start":{},"end":{}}],"line":266},"16":{"loc":{"start":{"line":266,"column":8},"end":{"line":266,"column":34}},"type":"binary-expr","locations":[{"start":{"line":266,"column":8},"end":{"line":266,"column":14}},{"start":{"line":266,"column":18},"end":{"line":266,"column":34}}],"line":266},"17":{"loc":{"start":{"line":269,"column":4},"end":{"line":277,"column":5}},"type":"if","locations":[{"start":{"line":269,"column":4},"end":{"line":277,"column":5}},{"start":{},"end":{}}],"line":269},"18":{"loc":{"start":{"line":273,"column":20},"end":{"line":273,"column":61}},"type":"cond-expr","locations":[{"start":{"line":273,"column":40},"end":{"line":273,"column":57}},{"start":{"line":273,"column":60},"end":{"line":273,"column":61}}],"line":273},"19":{"loc":{"start":{"line":286,"column":4},"end":{"line":290,"column":5}},"type":"if","locations":[{"start":{"line":286,"column":4},"end":{"line":290,"column":5}},{"start":{},"end":{}}],"line":286},"20":{"loc":{"start":{"line":291,"column":4},"end":{"line":293,"column":5}},"type":"if","locations":[{"start":{"line":291,"column":4},"end":{"line":293,"column":5}},{"start":{},"end":{}}],"line":291},"21":{"loc":{"start":{"line":301,"column":6},"end":{"line":310,"column":7}},"type":"if","locations":[{"start":{"line":301,"column":6},"end":{"line":310,"column":7}},{"start":{},"end":{}}],"line":301},"22":{"loc":{"start":{"line":302,"column":8},"end":{"line":308,"column":9}},"type":"if","locations":[{"start":{"line":302,"column":8},"end":{"line":308,"column":9}},{"start":{"line":305,"column":15},"end":{"line":308,"column":9}}],"line":302},"23":{"loc":{"start":{"line":302,"column":12},"end":{"line":302,"column":81}},"type":"binary-expr","locations":[{"start":{"line":302,"column":12},"end":{"line":302,"column":36}},{"start":{"line":302,"column":40},"end":{"line":302,"column":81}}],"line":302},"24":{"loc":{"start":{"line":305,"column":15},"end":{"line":308,"column":9}},"type":"if","locations":[{"start":{"line":305,"column":15},"end":{"line":308,"column":9}},{"start":{},"end":{}}],"line":305},"25":{"loc":{"start":{"line":305,"column":19},"end":{"line":305,"column":85}},"type":"binary-expr","locations":[{"start":{"line":305,"column":19},"end":{"line":305,"column":44}},{"start":{"line":305,"column":48},"end":{"line":305,"column":85}}],"line":305},"26":{"loc":{"start":{"line":321,"column":6},"end":{"line":323,"column":7}},"type":"if","locations":[{"start":{"line":321,"column":6},"end":{"line":323,"column":7}},{"start":{},"end":{}}],"line":321},"27":{"loc":{"start":{"line":326,"column":8},"end":{"line":328,"column":9}},"type":"if","locations":[{"start":{"line":326,"column":8},"end":{"line":328,"column":9}},{"start":{},"end":{}}],"line":326},"28":{"loc":{"start":{"line":334,"column":4},"end":{"line":347,"column":5}},"type":"if","locations":[{"start":{"line":334,"column":4},"end":{"line":347,"column":5}},{"start":{},"end":{}}],"line":334},"29":{"loc":{"start":{"line":334,"column":8},"end":{"line":334,"column":57}},"type":"binary-expr","locations":[{"start":{"line":334,"column":8},"end":{"line":334,"column":45}},{"start":{"line":334,"column":49},"end":{"line":334,"column":57}}],"line":334},"30":{"loc":{"start":{"line":350,"column":2},"end":{"line":352,"column":3}},"type":"if","locations":[{"start":{"line":350,"column":2},"end":{"line":352,"column":3}},{"start":{},"end":{}}],"line":350},"31":{"loc":{"start":{"line":357,"column":7},"end":{"line":377,"column":7}},"type":"binary-expr","locations":[{"start":{"line":357,"column":7},"end":{"line":357,"column":25}},{"start":{"line":358,"column":8},"end":{"line":376,"column":15}}],"line":357},"32":{"loc":{"start":{"line":382,"column":7},"end":{"line":538,"column":7}},"type":"binary-expr","locations":[{"start":{"line":382,"column":7},"end":{"line":382,"column":23}},{"start":{"line":383,"column":8},"end":{"line":537,"column":11}}],"line":382},"33":{"loc":{"start":{"line":398,"column":19},"end":{"line":406,"column":50}},"type":"cond-expr","locations":[{"start":{"line":398,"column":44},"end":{"line":406,"column":20}},{"start":{"line":406,"column":23},"end":{"line":406,"column":50}}],"line":398},"34":{"loc":{"start":{"line":466,"column":19},"end":{"line":473,"column":48}},"type":"cond-expr","locations":[{"start":{"line":466,"column":44},"end":{"line":473,"column":20}},{"start":{"line":473,"column":23},"end":{"line":473,"column":48}}],"line":466},"35":{"loc":{"start":{"line":469,"column":82},"end":{"line":469,"column":106}},"type":"binary-expr","locations":[{"start":{"line":469,"column":82},"end":{"line":469,"column":101}},{"start":{"line":469,"column":105},"end":{"line":469,"column":106}}],"line":469},"36":{"loc":{"start":{"line":480,"column":32},"end":{"line":480,"column":74}},"type":"cond-expr","locations":[{"start":{"line":480,"column":53},"end":{"line":480,"column":62}},{"start":{"line":480,"column":65},"end":{"line":480,"column":74}}],"line":480},"37":{"loc":{"start":{"line":493,"column":51},"end":{"line":493,"column":100}},"type":"cond-expr","locations":[{"start":{"line":493,"column":76},"end":{"line":493,"column":90}},{"start":{"line":493,"column":93},"end":{"line":493,"column":100}}],"line":493},"38":{"loc":{"start":{"line":510,"column":47},"end":{"line":510,"column":96}},"type":"cond-expr","locations":[{"start":{"line":510,"column":74},"end":{"line":510,"column":83}},{"start":{"line":510,"column":86},"end":{"line":510,"column":96}}],"line":510},"39":{"loc":{"start":{"line":513,"column":13},"end":{"line":517,"column":13}},"type":"binary-expr","locations":[{"start":{"line":513,"column":13},"end":{"line":513,"column":36}},{"start":{"line":513,"column":40},"end":{"line":513,"column":91}},{"start":{"line":514,"column":14},"end":{"line":516,"column":26}}],"line":513},"40":{"loc":{"start":{"line":531,"column":88},"end":{"line":531,"column":125}},"type":"cond-expr","locations":[{"start":{"line":531,"column":104},"end":{"line":531,"column":111}},{"start":{"line":531,"column":114},"end":{"line":531,"column":125}}],"line":531},"41":{"loc":{"start":{"line":539,"column":7},"end":{"line":611,"column":7}},"type":"binary-expr","locations":[{"start":{"line":539,"column":7},"end":{"line":539,"column":23}},{"start":{"line":540,"column":8},"end":{"line":610,"column":11}}],"line":539},"42":{"loc":{"start":{"line":541,"column":73},"end":{"line":541,"column":104}},"type":"cond-expr","locations":[{"start":{"line":541,"column":89},"end":{"line":541,"column":95}},{"start":{"line":541,"column":98},"end":{"line":541,"column":104}}],"line":541},"43":{"loc":{"start":{"line":542,"column":12},"end":{"line":542,"column":91}},"type":"cond-expr","locations":[{"start":{"line":542,"column":20},"end":{"line":542,"column":70}},{"start":{"line":542,"column":73},"end":{"line":542,"column":91}}],"line":542},"44":{"loc":{"start":{"line":552,"column":17},"end":{"line":554,"column":33}},"type":"cond-expr","locations":[{"start":{"line":553,"column":20},"end":{"line":553,"column":34}},{"start":{"line":554,"column":20},"end":{"line":554,"column":33}}],"line":552},"45":{"loc":{"start":{"line":559,"column":22},"end":{"line":559,"column":65}},"type":"cond-expr","locations":[{"start":{"line":559,"column":49},"end":{"line":559,"column":55}},{"start":{"line":559,"column":58},"end":{"line":559,"column":65}}],"line":559},"46":{"loc":{"start":{"line":561,"column":23},"end":{"line":561,"column":65}},"type":"cond-expr","locations":[{"start":{"line":561,"column":50},"end":{"line":561,"column":56}},{"start":{"line":561,"column":59},"end":{"line":561,"column":65}}],"line":561},"47":{"loc":{"start":{"line":565,"column":13},"end":{"line":569,"column":13}},"type":"binary-expr","locations":[{"start":{"line":565,"column":13},"end":{"line":565,"column":26}},{"start":{"line":565,"column":30},"end":{"line":565,"column":47}},{"start":{"line":565,"column":51},"end":{"line":569,"column":13}}],"line":565},"48":{"loc":{"start":{"line":572,"column":84},"end":{"line":572,"column":111}},"type":"cond-expr","locations":[{"start":{"line":572,"column":94},"end":{"line":572,"column":107}},{"start":{"line":572,"column":110},"end":{"line":572,"column":111}}],"line":572},"49":{"loc":{"start":{"line":580,"column":22},"end":{"line":580,"column":69}},"type":"cond-expr","locations":[{"start":{"line":580,"column":32},"end":{"line":580,"column":65}},{"start":{"line":580,"column":68},"end":{"line":580,"column":69}}],"line":580},"50":{"loc":{"start":{"line":583,"column":19},"end":{"line":583,"column":68}},"type":"cond-expr","locations":[{"start":{"line":583,"column":35},"end":{"line":583,"column":49}},{"start":{"line":583,"column":52},"end":{"line":583,"column":68}}],"line":583},"51":{"loc":{"start":{"line":603,"column":61},"end":{"line":603,"column":80}},"type":"binary-expr","locations":[{"start":{"line":603,"column":61},"end":{"line":603,"column":75}},{"start":{"line":603,"column":79},"end":{"line":603,"column":80}}],"line":603},"52":{"loc":{"start":{"line":604,"column":52},"end":{"line":604,"column":88}},"type":"cond-expr","locations":[{"start":{"line":604,"column":69},"end":{"line":604,"column":77}},{"start":{"line":604,"column":80},"end":{"line":604,"column":88}}],"line":604},"53":{"loc":{"start":{"line":613,"column":7},"end":{"line":621,"column":7}},"type":"binary-expr","locations":[{"start":{"line":613,"column":7},"end":{"line":613,"column":25}},{"start":{"line":614,"column":8},"end":{"line":620,"column":10}}],"line":613}},"s":{"0":3,"1":0,"2":3,"3":16,"4":16,"5":16,"6":16,"7":16,"8":4,"9":4,"10":0,"11":16,"12":16,"13":16,"14":16,"15":4,"16":0,"17":16,"18":16,"19":16,"20":16,"21":16,"22":16,"23":16,"24":16,"25":4,"26":4,"27":4,"28":4,"29":0,"30":4,"31":0,"32":4,"33":0,"34":4,"35":16,"36":0,"37":0,"38":4,"39":0,"40":16,"41":0,"42":0,"43":0,"44":0,"45":0,"46":0,"47":0,"48":0,"49":0,"50":0,"51":16,"52":4,"53":0,"54":2,"55":0,"56":0,"57":0,"58":0,"59":0,"60":0,"61":0,"62":0,"63":0,"64":0,"65":0,"66":0,"67":0,"68":0,"69":0,"70":0,"71":0,"72":0,"73":0,"74":0,"75":0,"76":16,"77":16,"78":4,"79":4,"80":0,"81":0,"82":0,"83":0,"84":0,"85":0,"86":16,"87":16,"88":4,"89":0,"90":0,"91":4,"92":0,"93":4,"94":4,"95":16,"96":4,"97":0,"98":0,"99":0,"100":0,"101":0,"102":0,"103":0,"104":0,"105":4,"106":4,"107":4,"108":16,"109":4,"110":0,"111":4,"112":4,"113":0,"114":16,"115":8,"116":6,"117":16,"118":0,"119":16,"120":0,"121":0,"122":0,"123":0,"124":0,"125":0,"126":0,"127":0,"128":0,"129":0,"130":0,"131":0,"132":0,"133":0,"134":0,"135":0,"136":0,"137":0,"138":0,"139":0,"140":0,"141":0,"142":0,"143":0,"144":0,"145":3},"f":{"0":0,"1":16,"2":4,"3":4,"4":4,"5":4,"6":4,"7":0,"8":0,"9":0,"10":0,"11":4,"12":2,"13":0,"14":0,"15":0,"16":0,"17":0,"18":0,"19":0,"20":0,"21":0,"22":0,"23":0,"24":0,"25":0,"26":0,"27":4,"28":0,"29":0,"30":0,"31":4,"32":0,"33":4,"34":4,"35":0,"36":4,"37":4,"38":4,"39":8,"40":0,"41":0,"42":0,"43":0,"44":0,"45":0,"46":0,"47":0,"48":0,"49":0,"50":0,"51":0,"52":0,"53":0,"54":0,"55":0,"56":0,"57":0,"58":0,"59":0,"60":0,"61":0,"62":0},"b":{"0":[0,0],"1":[0,0],"2":[4],"3":[16],"4":[0,4],"5":[4,4],"6":[0,4],"7":[4,0],"8":[4,1],"9":[0,4],"10":[0,4],"11":[0,4],"12":[4,4],"13":[0,4],"14":[0,0],"15":[4,0],"16":[4,4],"17":[0,0],"18":[0,0],"19":[0,4],"20":[0,4],"21":[0,0],"22":[0,0],"23":[0,0],"24":[0,0],"25":[0,0],"26":[0,4],"27":[0,4],"28":[6,2],"29":[8,8],"30":[0,16],"31":[16,16],"32":[16,0],"33":[0,0],"34":[0,0],"35":[0,0],"36":[0,0],"37":[0,0],"38":[0,0],"39":[0,0,0],"40":[0,0],"41":[16,0],"42":[0,0],"43":[0,0],"44":[0,0],"45":[0,0],"46":[0,0],"47":[0,0,0],"48":[0,0],"49":[0,0],"50":[0,0],"51":[0,0],"52":[0,0],"53":[16,0]},"_coverageSchema":"1a1c01bbd47fc00a2c39e90264f33305004495a9","hash":"a1e67716d46369d5716792e2d78ebc8e71de4f87"}
,"/Users/jordan/projects/TrailTasksApp/Screens/HomeScreen.tsx": {"path":"/Users/jordan/projects/TrailTasksApp/Screens/HomeScreen.tsx","statementMap":{"0":{"start":{"line":47,"column":36},"end":{"line":286,"column":1}},"1":{"start":{"line":54,"column":31},"end":{"line":54,"column":44}},"2":{"start":{"line":55,"column":24},"end":{"line":60,"column":26}},"3":{"start":{"line":61,"column":26},"end":{"line":61,"column":49}},"4":{"start":{"line":62,"column":42},"end":{"line":62,"column":59}},"5":{"start":{"line":63,"column":17},"end":{"line":63,"column":41}},"6":{"start":{"line":64,"column":18},"end":{"line":64,"column":48}},"7":{"start":{"line":65,"column":44},"end":{"line":65,"column":65}},"8":{"start":{"line":66,"column":21},"end":{"line":66,"column":37}},"9":{"start":{"line":68,"column":1},"end":{"line":68,"column":94}},"10":{"start":{"line":68,"column":43},"end":{"line":68,"column":72}},"11":{"start":{"line":70,"column":32},"end":{"line":72,"column":5}},"12":{"start":{"line":71,"column":8},"end":{"line":71,"column":31}},"13":{"start":{"line":75,"column":24},"end":{"line":75,"column":81}},"14":{"start":{"line":76,"column":8},"end":{"line":76,"column":23}},"15":{"start":{"line":80,"column":4},"end":{"line":94,"column":15}},"16":{"start":{"line":81,"column":8},"end":{"line":83,"column":9}},"17":{"start":{"line":82,"column":9},"end":{"line":82,"column":31}},"18":{"start":{"line":88,"column":8},"end":{"line":92,"column":9}},"19":{"start":{"line":89,"column":12},"end":{"line":89,"column":34}},"20":{"start":{"line":91,"column":12},"end":{"line":91,"column":35}},"21":{"start":{"line":100,"column":4},"end":{"line":119,"column":6}},"22":{"start":{"line":102,"column":12},"end":{"line":104,"column":13}},"23":{"start":{"line":103,"column":16},"end":{"line":103,"column":23}},"24":{"start":{"line":106,"column":12},"end":{"line":110,"column":14}},"25":{"start":{"line":107,"column":16},"end":{"line":109,"column":17}},"26":{"start":{"line":108,"column":21},"end":{"line":108,"column":128}},"27":{"start":{"line":108,"column":79},"end":{"line":108,"column":126}},"28":{"start":{"line":113,"column":12},"end":{"line":115,"column":14}},"29":{"start":{"line":114,"column":16},"end":{"line":114,"column":57}},"30":{"start":{"line":120,"column":4},"end":{"line":285,"column":6}},"31":{"start":{"line":156,"column":41},"end":{"line":156,"column":62}},"32":{"start":{"line":158,"column":20},"end":{"line":179,"column":27}},"33":{"start":{"line":185,"column":20},"end":{"line":191,"column":22}},"34":{"start":{"line":279,"column":35},"end":{"line":279,"column":43}},"35":{"start":{"line":288,"column":16},"end":{"line":292,"column":3}},"36":{"start":{"line":288,"column":55},"end":{"line":292,"column":1}},"37":{"start":{"line":294,"column":27},"end":{"line":294,"column":46}},"38":{"start":{"line":297,"column":15},"end":{"line":418,"column":2}}},"fnMap":{"0":{"name":"(anonymous_0)","decl":{"start":{"line":47,"column":36},"end":{"line":47,"column":37}},"loc":{"start":{"line":53,"column":43},"end":{"line":286,"column":1}},"line":53},"1":{"name":"(anonymous_1)","decl":{"start":{"line":68,"column":37},"end":{"line":68,"column":38}},"loc":{"start":{"line":68,"column":43},"end":{"line":68,"column":72}},"line":68},"2":{"name":"(anonymous_2)","decl":{"start":{"line":70,"column":32},"end":{"line":70,"column":33}},"loc":{"start":{"line":70,"column":38},"end":{"line":72,"column":5}},"line":70},"3":{"name":"checkUnsyncedChanges","decl":{"start":{"line":74,"column":19},"end":{"line":74,"column":39}},"loc":{"start":{"line":74,"column":42},"end":{"line":77,"column":5}},"line":74},"4":{"name":"(anonymous_4)","decl":{"start":{"line":80,"column":20},"end":{"line":80,"column":21}},"loc":{"start":{"line":80,"column":26},"end":{"line":94,"column":5}},"line":80},"5":{"name":"(anonymous_5)","decl":{"start":{"line":101,"column":26},"end":{"line":101,"column":27}},"loc":{"start":{"line":101,"column":32},"end":{"line":118,"column":9}},"line":101},"6":{"name":"(anonymous_6)","decl":{"start":{"line":106,"column":40},"end":{"line":106,"column":41}},"loc":{"start":{"line":106,"column":50},"end":{"line":110,"column":13}},"line":106},"7":{"name":"(anonymous_7)","decl":{"start":{"line":108,"column":73},"end":{"line":108,"column":74}},"loc":{"start":{"line":108,"column":79},"end":{"line":108,"column":126}},"line":108},"8":{"name":"(anonymous_8)","decl":{"start":{"line":113,"column":19},"end":{"line":113,"column":20}},"loc":{"start":{"line":113,"column":31},"end":{"line":115,"column":13}},"line":113},"9":{"name":"(anonymous_9)","decl":{"start":{"line":156,"column":30},"end":{"line":156,"column":31}},"loc":{"start":{"line":156,"column":41},"end":{"line":156,"column":62}},"line":156},"10":{"name":"(anonymous_10)","decl":{"start":{"line":157,"column":28},"end":{"line":157,"column":29}},"loc":{"start":{"line":158,"column":20},"end":{"line":179,"column":27}},"line":158},"11":{"name":"(anonymous_11)","decl":{"start":{"line":184,"column":26},"end":{"line":184,"column":27}},"loc":{"start":{"line":185,"column":20},"end":{"line":191,"column":22}},"line":185},"12":{"name":"(anonymous_12)","decl":{"start":{"line":279,"column":29},"end":{"line":279,"column":30}},"loc":{"start":{"line":279,"column":35},"end":{"line":279,"column":43}},"line":279},"13":{"name":"(anonymous_13)","decl":{"start":{"line":288,"column":42},"end":{"line":288,"column":43}},"loc":{"start":{"line":288,"column":55},"end":{"line":292,"column":1}},"line":288}},"branchMap":{"0":{"loc":{"start":{"line":81,"column":8},"end":{"line":83,"column":9}},"type":"if","locations":[{"start":{"line":81,"column":8},"end":{"line":83,"column":9}},{"start":{},"end":{}}],"line":81},"1":{"loc":{"start":{"line":88,"column":8},"end":{"line":92,"column":9}},"type":"if","locations":[{"start":{"line":88,"column":8},"end":{"line":92,"column":9}},{"start":{"line":90,"column":13},"end":{"line":92,"column":9}}],"line":88},"2":{"loc":{"start":{"line":102,"column":12},"end":{"line":104,"column":13}},"type":"if","locations":[{"start":{"line":102,"column":12},"end":{"line":104,"column":13}},{"start":{},"end":{}}],"line":102},"3":{"loc":{"start":{"line":107,"column":16},"end":{"line":109,"column":17}},"type":"if","locations":[{"start":{"line":107,"column":16},"end":{"line":109,"column":17}},{"start":{},"end":{}}],"line":107},"4":{"loc":{"start":{"line":120,"column":11},"end":{"line":285,"column":5}},"type":"cond-expr","locations":[{"start":{"line":121,"column":8},"end":{"line":123,"column":15}},{"start":{"line":125,"column":12},"end":{"line":284,"column":23}}],"line":120},"5":{"loc":{"start":{"line":120,"column":11},"end":{"line":120,"column":33}},"type":"binary-expr","locations":[{"start":{"line":120,"column":11},"end":{"line":120,"column":16}},{"start":{"line":120,"column":20},"end":{"line":120,"column":33}}],"line":120},"6":{"loc":{"start":{"line":127,"column":16},"end":{"line":127,"column":80}},"type":"binary-expr","locations":[{"start":{"line":127,"column":16},"end":{"line":127,"column":28}},{"start":{"line":127,"column":32},"end":{"line":127,"column":80}}],"line":127},"7":{"loc":{"start":{"line":136,"column":25},"end":{"line":136,"column":59}},"type":"cond-expr","locations":[{"start":{"line":136,"column":39},"end":{"line":136,"column":47}},{"start":{"line":136,"column":50},"end":{"line":136,"column":59}}],"line":136},"8":{"loc":{"start":{"line":159,"column":25},"end":{"line":178,"column":25}},"type":"cond-expr","locations":[{"start":{"line":160,"column":28},"end":{"line":171,"column":35}},{"start":{"line":173,"column":28},"end":{"line":177,"column":35}}],"line":159},"9":{"loc":{"start":{"line":159,"column":25},"end":{"line":159,"column":59}},"type":"binary-expr","locations":[{"start":{"line":159,"column":25},"end":{"line":159,"column":44}},{"start":{"line":159,"column":48},"end":{"line":159,"column":59}}],"line":159},"10":{"loc":{"start":{"line":189,"column":28},"end":{"line":189,"column":79}},"type":"binary-expr","locations":[{"start":{"line":189,"column":28},"end":{"line":189,"column":49}},{"start":{"line":189,"column":53},"end":{"line":189,"column":79}}],"line":189}},"s":{"0":3,"1":12,"2":12,"3":12,"4":12,"5":12,"6":12,"7":12,"8":12,"9":12,"10":5,"11":12,"12":0,"13":5,"14":5,"15":12,"16":5,"17":5,"18":5,"19":3,"20":2,"21":12,"22":5,"23":0,"24":5,"25":5,"26":5,"27":0,"28":5,"29":5,"30":12,"31":0,"32":0,"33":24,"34":0,"35":3,"36":5,"37":3,"38":3},"f":{"0":12,"1":5,"2":0,"3":5,"4":5,"5":5,"6":5,"7":0,"8":5,"9":0,"10":0,"11":24,"12":0,"13":5},"b":{"0":[5,0],"1":[3,2],"2":[0,5],"3":[5,0],"4":[0,12],"5":[12,12],"6":[12,3],"7":[12,0],"8":[0,0],"9":[0,0],"10":[24,12]},"_coverageSchema":"1a1c01bbd47fc00a2c39e90264f33305004495a9","hash":"7553fafa6a7308ef6334e0be61bdb107f681328c"}
,"/Users/jordan/projects/TrailTasksApp/Screens/LeaderboardsScreen.tsx": {"path":"/Users/jordan/projects/TrailTasksApp/Screens/LeaderboardsScreen.tsx","statementMap":{"0":{"start":{"line":21,"column":27},"end":{"line":104,"column":1}},"1":{"start":{"line":22,"column":29},"end":{"line":22,"column":42}},"2":{"start":{"line":23,"column":49},"end":{"line":23,"column":72}},"3":{"start":{"line":24,"column":30},"end":{"line":24,"column":49}},"4":{"start":{"line":25,"column":40},"end":{"line":25,"column":52}},"5":{"start":{"line":26,"column":42},"end":{"line":26,"column":57}},"6":{"start":{"line":29,"column":42},"end":{"line":29,"column":74}},"7":{"start":{"line":32,"column":23},"end":{"line":35,"column":3}},"8":{"start":{"line":33,"column":4},"end":{"line":33,"column":21}},"9":{"start":{"line":34,"column":4},"end":{"line":34,"column":27}},"10":{"start":{"line":37,"column":2},"end":{"line":43,"column":36}},"11":{"start":{"line":38,"column":21},"end":{"line":40,"column":14}},"12":{"start":{"line":39,"column":6},"end":{"line":39,"column":59}},"13":{"start":{"line":42,"column":4},"end":{"line":42,"column":41}},"14":{"start":{"line":42,"column":17},"end":{"line":42,"column":40}},"15":{"start":{"line":46,"column":25},"end":{"line":48,"column":3}},"16":{"start":{"line":47,"column":4},"end":{"line":47,"column":35}},"17":{"start":{"line":51,"column":34},"end":{"line":65,"column":40}},"18":{"start":{"line":52,"column":19},"end":{"line":52,"column":36}},"19":{"start":{"line":54,"column":4},"end":{"line":56,"column":5}},"20":{"start":{"line":55,"column":6},"end":{"line":55,"column":35}},"21":{"start":{"line":64,"column":4},"end":{"line":64,"column":20}},"22":{"start":{"line":67,"column":2},"end":{"line":74,"column":3}},"23":{"start":{"line":68,"column":4},"end":{"line":73,"column":6}},"24":{"start":{"line":76,"column":2},"end":{"line":82,"column":3}},"25":{"start":{"line":77,"column":4},"end":{"line":81,"column":6}},"26":{"start":{"line":84,"column":2},"end":{"line":103,"column":4}},"27":{"start":{"line":106,"column":16},"end":{"line":108,"column":3}},"28":{"start":{"line":106,"column":57},"end":{"line":108,"column":1}},"29":{"start":{"line":110,"column":35},"end":{"line":110,"column":62}},"30":{"start":{"line":113,"column":15},"end":{"line":118,"column":2}}},"fnMap":{"0":{"name":"(anonymous_0)","decl":{"start":{"line":21,"column":27},"end":{"line":21,"column":28}},"loc":{"start
[...]
,"column":23},"end":{"line":243,"column":24}},"loc":{"start":{"line":243,"column":31},"end":{"line":246,"column":9}},"line":243},"18":{"name":"(anonymous_18)","decl":{"start":{"line":272,"column":2},"end":{"line":272,"column":3}},"loc":{"start":{"line":273,"column":36},"end":{"line":284,"column":3}},"line":273},"19":{"name":"(anonymous_19)","decl":{"start":{"line":290,"column":2},"end":{"line":290,"column":3}},"loc":{"start":{"line":291,"column":51},"end":{"line":296,"column":3}},"line":291},"20":{"name":"(anonymous_20)","decl":{"start":{"line":299,"column":2},"end":{"line":299,"column":3}},"loc":{"start":{"line":300,"column":18},"end":{"line":315,"column":3}},"line":300},"21":{"name":"(anonymous_21)","decl":{"start":{"line":317,"column":2},"end":{"line":317,"column":3}},"loc":{"start":{"line":318,"column":30},"end":{"line":332,"column":3}},"line":318},"22":{"name":"(anonymous_22)","decl":{"start":{"line":322,"column":29},"end":{"line":322,"column":30}},"loc":{"start":{"line":322,"column":35},"end":{"line":326,"column":5}},"line":322},"23":{"name":"(anonymous_23)","decl":{"start":{"line":334,"column":2},"end":{"line":334,"column":3}},"loc":{"start":{"line":335,"column":27},"end":{"line":340,"column":3}},"line":335},"24":{"name":"(anonymous_24)","decl":{"start":{"line":336,"column":29},"end":{"line":336,"column":30}},"loc":{"start":{"line":336,"column":35},"end":{"line":339,"column":5}},"line":336},"25":{"name":"(anonymous_25)","decl":{"start":{"line":342,"column":2},"end":{"line":342,"column":3}},"loc":{"start":{"line":347,"column":39},"end":{"line":369,"column":3}},"line":347},"26":{"name":"(anonymous_26)","decl":{"start":{"line":349,"column":27},"end":{"line":349,"column":28}},"loc":{"start":{"line":349,"column":44},"end":{"line":354,"column":9}},"line":349},"27":{"name":"(anonymous_27)","decl":{"start":{"line":356,"column":34},"end":{"line":356,"column":35}},"loc":{"start":{"line":356,"column":51},"end":{"line":366,"column":9}},"line":356},"28":{"name":"(anonymous_28)","decl":{"start":{"line":373,"column":2},"end":{"line":373,"column":3}},"loc":{"start":{"line":374,"column":37},"end":{"line":378,"column":3}},"line":374},"29":{"name":"(anonymous_29)","decl":{"start":{"line":375,"column":29},"end":{"line":375,"column":30}},"loc":{"start":{"line":375,"column":35},"end":{"line":377,"column":5}},"line":375},"30":{"name":"(anonymous_30)","decl":{"start":{"line":381,"column":2},"end":{"line":381,"column":3}},"loc":{"start":{"line":382,"column":51},"end":{"line":389,"column":3}},"line":382},"31":{"name":"(anonymous_31)","decl":{"start":{"line":383,"column":22},"end":{"line":383,"column":23}},"loc":{"start":{"line":383,"column":28},"end":{"line":387,"column":5}},"line":383},"32":{"name":"(anonymous_32)","decl":{"start":{"line":391,"column":2},"end":{"line":391,"column":3}},"loc":{"start":{"line":392,"column":40},"end":{"line":401,"column":3}},"line":392},"33":{"name":"(anonymous_33)","decl":{"start":{"line":394,"column":24},"end":{"line":394,"column":25}},"loc":{"start":{"line":394,"column":34},"end":{"line":396,"column":7}},"line":394},"34":{"name":"(anonymous_34)","decl":{"start":{"line":404,"column":2},"end":{"line":404,"column":3}},"loc":{"start":{"line":410,"column":4},"end":{"line":428,"column":3}},"line":410},"35":{"name":"(anonymous_35)","decl":{"start":{"line":411,"column":63},"end":{"line":411,"column":64}},"loc":{"start":{"line":411,"column":73},"end":{"line":425,"column":5}},"line":411},"36":{"name":"(anonymous_36)","decl":{"start":{"line":445,"column":0},"end":{"line":445,"column":1}},"loc":{"start":{"line":446,"column":22},"end":{"line":502,"column":1}},"line":446},"37":{"name":"(anonymous_37)","decl":{"start":{"line":473,"column":23},"end":{"line":473,"column":24}},"loc":{"start":{"line":473,"column":38},"end":{"line":477,"column":9}},"line":473},"38":{"name":"(anonymous_38)","decl":{"start":{"line":480,"column":48},"end":{"line":480,"column":49}},"loc":{"start":{"line":480,"column":63},"end":{"line":482,"column":7}},"line":480},"39":{"name":"(anonymous_39)","decl":{"start":{"line":490,"column":25},"end":{"line":490,"column":26}},"loc":{"start":{"line":490,"column":35},"end":{"line":492,"column":7}},"line":490},"40":{"name":"(anonymous_40)","decl":{"start":{"line":503,"column":0},"end":{"line":503,"column":1}},"loc":{"start":{"line":504,"column":58},"end":{"line":532,"column":3}},"line":504},"41":{"name":"(anonymous_41)","decl":{"start":{"line":508,"column":36},"end":{"line":508,"column":37}},"loc":{"start":{"line":508,"column":59},"end":{"line":522,"column":11}},"line":508},"42":{"name":"(anonymous_42)","decl":{"start":{"line":511,"column":31},"end":{"line":511,"column":32}},"loc":{"start":{"line":511,"column":53},"end":{"line":515,"column":17}},"line":511},"43":{"name":"(anonymous_43)","decl":{"start":{"line":534,"column":2},"end":{"line":534,"column":3}},"loc":{"start":{"line":535,"column":38},"end":{"line":539,"column":3}},"line":535},"44":{"name":"(anonymous_44)","decl":{"start":{"line":536,"column":29},"end":{"line":536,"column":30}},"loc":{"start":{"line":536,"column":39},"end":{"line":538,"column":5}},"line":536},"45":{"name":"(anonymous_45)","decl":{"start":{"line":542,"column":2},"end":{"line":542,"column":3}},"loc":{"start":{"line":547,"column":26},"end":{"line":558,"column":3}},"line":547},"46":{"name":"(anonymous_46)","decl":{"start":{"line":550,"column":16},"end":{"line":550,"column":17}},"loc":{"start":{"line":550,"column":34},"end":{"line":557,"column":9}},"line":550},"47":{"name":"(anonymous_47)","decl":{"start":{"line":562,"column":2},"end":{"line":562,"column":3}},"loc":{"start":{"line":563,"column":62},"end":{"line":575,"column":3}},"line":563},"48":{"name":"(anonymous_48)","decl":{"start":{"line":578,"column":2},"end":{"line":578,"column":3}},"loc":{"start":{"line":584,"column":29},"end":{"line":595,"column":3}},"line":584},"49":{"name":"(anonymous_49)","decl":{"start":{"line":587,"column":16},"end":{"line":587,"column":17}},"loc":{"start":{"line":587,"column":36},"end":{"line":594,"column":9}},"line":587},"50":{"name":"(anonymous_50)","decl":{"start":{"line":598,"column":2},"end":{"line":598,"column":3}},"loc":{"start":{"line":603,"column":32},"end":{"line":613,"column":3}},"line":603},"51":{"name":"(anonymous_51)","decl":{"start":{"line":608,"column":39},"end":{"line":608,"column":40}},"loc":{"start":{"line":608,"column":58},"end":{"line":612,"column":5}},"line":608},"52":{"name":"(anonymous_52)","decl":{"start":{"line":616,"column":2},"end":{"line":616,"column":3}},"loc":{"start":{"line":617,"column":47},"end":{"line":622,"column":3}},"line":617},"53":{"name":"(anonymous_53)","decl":{"start":{"line":624,"column":2},"end":{"line":624,"column":3}},"loc":{"start":{"line":625,"column":38},"end":{"line":657,"column":3}},"line":625},"54":{"name":"(anonymous_54)","decl":{"start":{"line":635,"column":70},"end":{"line":635,"column":71}},"loc":{"start":{"line":635,"column":84},"end":{"line":641,"column":7}},"line":635},"55":{"name":"(anonymous_55)","decl":{"start":{"line":644,"column":52},"end":{"line":644,"column":53}},"loc":{"start":{"line":644,"column":62},"end":{"line":648,"column":9}},"line":644},"56":{"name":"(anonymous_56)","decl":{"start":{"line":651,"column":25},"end":{"line":651,"column":26}},"loc":{"start":{"line":651,"column":35},"end":{"line":653,"column":7}},"line":651},"57":{"name":"(anonymous_57)","decl":{"start":{"line":659,"column":2},"end":{"line":659,"column":3}},"loc":{"start":{"line":660,"column":29},"end":{"line":666,"column":3}},"line":660},"58":{"name":"(anonymous_58)","decl":{"start":{"line":662,"column":22},"end":{"line":662,"column":23}},"loc":{"start":{"line":662,"column":32},"end":{"line":665,"column":5}},"line":662},"59":{"name":"(anonymous_59)","decl":{"start":{"line":815,"column":2},"end":{"line":815,"column":3}},"loc":{"start":{"line":815,"column":39},"end":{"line":817,"column":3}},"line":815},"60":{"name":"(anonymous_60)","decl":{"start":{"line":858,"column":2},"end":{"line":858,"column":3}},"loc":{"start":{"line":858,"column":50},"end":{"line":864,"column":3}},"line":858},"61":{"name":"(anonymous_61)","decl":{"start":{"line":859,"column":29},"end":{"line":859,"column":30}},"loc":{"start":{"line":859,"column":35},"end":{"line":863,"column":5}},"line":859},"62":{"name":"(anonymous_62)","decl":{"start":{"line":866,"column":2},"end":{"line":866,"column":3}},"loc":{"start":{"line":866,"column":41},"end":{"line":870,"column":3}},"line":866},"63":{"name":"(anonymous_63)","decl":{"start":{"line":867,"column":29},"end":{"line":867,"column":30}},"loc":{"start":{"line":867,"column":35},"end":{"line":869,"column":5}},"line":867}},"branchMap":{"0":{"loc":{"start":{"line":196,"column":4},"end":{"line":202,"column":5}},"type":"if","locations":[{"start":{"line":196,"column":4},"end":{"line":202,"column":5}},{"start":{},"end":{}}],"line":196},"1":{"loc":{"start":{"line":208,"column":4},"end":{"line":214,"column":5}},"type":"if","locations":[{"start":{"line":208,"column":4},"end":{"line":214,"column":5}},{"start":{"line":212,"column":9},"end":{"line":214,"column":5}}],"line":208},"2":{"loc":{"start":{"line":227,"column":41},"end":{"line":227,"column":80}},"type":"binary-expr","locations":[{"start":{"line":227,"column":41},"end":{"line":227,"column":74}},{"start":{"line":227,"column":78},"end":{"line":227,"column":80}}],"line":227},"3":{"loc":{"start":{"line":238,"column":8},"end":{"line":238,"column":33}},"type":"if","locations":[{"start":{"line":238,"column":8},"end":{"line":238,"column":33}},{"start":{},"end":{}}],"line":238},"4":{"loc":{"start":{"line":251,"column":8},"end":{"line":255,"column":9}},"type":"if","locations":[{"start":{"line":251,"column":8},"end":{"line":255,"column":9}},{"start":{},"end":{}}],"line":251},"5":{"loc":{"start":{"line":451,"column":4},"end":{"line":453,"column":5}},"type":"if","locations":[{"start":{"line":451,"column":4},"end":{"line":453,"column":5}},{"start":{},"end":{}}],"line":451},"6":{"loc":{"start":{"line":458,"column":4},"end":{"line":460,"column":5}},"type":"if","locations":[{"start":{"line":458,"column":4},"end":{"line":460,"column":5}},{"start":{},"end":{}}],"line":458},"7":{"loc":{"start":{"line":469,"column":4},"end":{"line":483,"column":5}},"type":"if","locations":[{"start":{"line":469,"column":4},"end":{"line":483,"column":5}},{"start":{"line":478,"column":11},"end":{"line":483,"column":5}}],"line":469},"8":{"loc":{"start":{"line":516,"column":12},"end":{"line":518,"column":13}},"type":"if","locations":[{"start":{"line":516,"column":12},"end":{"line":518,"column":13}},{"start":{},"end":{}}],"line":516},"9":{"loc":{"start":{"line":634,"column":4},"end":{"line":649,"column":5}},"type":"if","locations":[{"start":{"line":634,"column":4},"end":{"line":649,"column":5}},{"start":{"line":643,"column":11},"end":{"line":649,"column":5}}],"line":634},"10":{"loc":{"start":{"line":643,"column":11},"end":{"line":649,"column":5}},"type":"if","locations":[{"start":{"line":643,"column":11},"end":{"line":649,"column":5}},{"start":{},"end":{}}],"line":643}},"s":{"0":19,"1":19,"2":19,"3":19,"4":0,"5":0,"6":0,"7":0,"8":0,"9":0,"10":0,"11":19,"12":19,"13":0,"14":0,"15":0,"16":0,"17":0,"18":0,"19":0,"20":0,"21":2,"22":2,"23":2,"24":2,"25":2,"26":2,"27":2,"28":2,"29":2,"30":2,"31":2,"32":2,"33":2,"34":0,"35":0,"36":1,"37":1,"38":1,"39":1,"40":1,"41":1,"42":1,"43":1,"44":0,"45":3,"46":1,"47":1,"48":2,"49":5,"50":5,"51":5,"52":5,"53":5,"54":5,"55":5,"56":5,"57":5,"58":5,"59":5,"60":5,"61":20,"62":19,"63":1,"64":1,"65":1,"66":1,"67":1,"68":1,"69":0,"70":1,"71":1,"72":5,"73":5,"74":0,"75":0,"76":2,"77":2,"78":2,"79":0,"80":0,"81":0,"82":0,"83":3,"84":3,"85":3,"86":3,"87":1,"88":1,"89":1,"90":0,"91":0,"92":0,"93":0,"94":0,"95":0,"96":0,"97":0,"98":0,"99":0,"100":0,"101":0,"102":1,"103":1,"104":1,"105":1,"106":0,"107":0,"108":0,"109":0,"110":0,"111":0,"112":0,"113":0,"114":0,"115":0,"116":0,"117":0,"118":0,"119":0,"120":0,"121":0,"122":0,"123":8,"124":8,"125":1,"126":7,"127":1,"128":6,"129":6,"130":4,"131":4,"132":4,"133":4,"134":2,"135":2,"136":6,"137":6,"138":6,"139":2,"140":2,"141":0,"142":0,"143":0,"144":0,"145":0,"146":0,"147":0,"148":0,"149":0,"150":0,"151":0,"152":0,"153":0,"154":0,"155":0,"156":0,"157":0,"158":0,"159":0,"160":0,"161":0,"162":0,"163":0,"164":0,"165":0,"166":0,"167":0,"168":0,"169":0,"170":0,"171":0,"172":0,"173":0,"174":0,"175":0,"176":0,"177":0,"178":0,"179":0,"180":4,"181":4,"182":4,"183":2,"184":2,"185":2,"186":2,"187":2,"188":2,"189":2,"190":2,"191":2,"192":2,"193":2,"194":4,"195":4,"196":3,"197":3,"198":3,"199":3,"200":19,"201":19,"202":19,"203":19,"204":19,"205":19,"206":19,"207":19,"208":0,"209":19,"210":19,"211":19,"212":19,"213":19,"214":19,"215":19,"216":19,"217":0,"218":19,"219":19,"220":19,"221":19,"222":0,"223":0,"224":0,"225":0,"226":19,"227":19,"228":19,"229":19,"230":19,"231":19,"232":19,"233":19},"f":{"0":0,"1":0,"2":0,"3":0,"4":0,"5":0,"6":0,"7":2,"8":2,"9":2,"10":1,"11":1,"12":1,"13":3,"14":1,"15":5,"16":5,"17":1,"18":2,"19":0,"20":0,"21":3,"22":3,"23":1,"24":1,"25":0,"26":0,"27":0,"28":0,"29":0,"30":0,"31":0,"32":1,"33":1,"34":0,"35":0,"36":8,"37":4,"38":2,"39":6,"40":0,"41":0,"42":0,"43":0,"44":0,"45":0,"46":0,"47":0,"48":0,"49":0,"50":0,"51":0,"52":0,"53":4,"54":2,"55":2,"56":4,"57":3,"58":3,"59":0,"60":0,"61":0,"62":0,"63":0},"b":{"0":[1,0],"1":[1,2],"2":[5,4],"3":[19,1],"4":[0,1],"5":[1,7],"6":[1,6],"7":[4,2],"8":[0,0],"9":[2,2],"10":[2,0]},"_coverageSchema":"1a1c01bbd47fc00a2c39e90264f33305004495a9","hash":"6ee8026458c6206ea3e876545f798861f760f5fb"}
,"/Users/jordan/projects/TrailTasksApp/watermelon/schema.js": {"path":"/Users/jordan/projects/TrailTasksApp/watermelon/schema.js","statementMap":{"0":{"start":{"line":3,"column":15},"end":{"line":242,"column":2}}},"fnMap":{},"branchMap":{},"s":{"0":19},"f":{},"b":{},"_coverageSchema":"1a1c01bbd47fc00a2c39e90264f33305004495a9","hash":"b88479af7512a4ee46d8d527247fa0e6ab6288fd"}
,"/Users/jordan/projects/TrailTasksApp/watermelon/sync.ts": {"path":"/Users/jordan/projects/TrailTasksApp/watermelon/sync.ts","statementMap":{"0":{"start":{"line":7,"column":15},"end":{"line":7,"column":33}},"1":{"start":{"line":8,"column":16},"end":{"line":8,"column":21}},"2":{"start":{"line":11,"column":2},"end":{"line":14,"column":3}},"3":{"start":{"line":12,"column":4},"end":{"line":12,"column":59}},"4":{"start":{"line":13,"column":4},"end":{"line":13,"column":11}},"5":{"start":{"line":16,"column":2},"end":{"line":19,"column":3}},"6":{"start":{"line":17,"column":4},"end":{"line":17,"column":64}},"7":{"start":{"line":18,"column":4},"end":{"line":18,"column":11}},"8":{"start":{"line":21,"column":2},"end":{"line":21,"column":19}},"9":{"start":{"line":22,"column":19},"end":{"line":22,"column":20}},"10":{"start":{"line":23,"column":21},"end":{"line":23,"column":22}},"11":{"start":{"line":25,"column":2},"end":{"line":90,"column":3}},"12":{"start":{"line":26,"column":4},"end":{"line":89,"column":5}},"13":{"start":{"line":27,"column":6},"end":{"line":27,"column":59}},"14":{"start":{"line":28,"column":6},"end":{"line":77,"column":9}},"15":{"start":{"line":31,"column":10},"end":{"line":47,"column":11}},"16":{"start":{"line":32,"column":30},"end":{"line":34,"column":80}},"17":{"start":{"line":36,"column":29},"end":{"line":36,"column":89}},"18":{"start":{"line":37,"column":12},"end":{"line":39,"column":13}},"19":{"start":{"line":38,"column":14},"end":{"line":38,"column":53}},"20":{"start":{"line":41,"column":43},"end":{"line":41,"column":64}},"21":{"start":{"line":42,"column":12},"end":{"line":42,"column":67}},"22":{"start":{"line":43,"column":12},"end":{"line":43,"column":42}},"23":{"start":{"line":45,"column":12},"end":{"line":45,"column":79}},"24":{"start":{"line":46,"column":12},"end":{"line":46,"column":22}},"25":{"start":{"line":51,"column":10},"end":{"line":73,"column":11}},"26":{"start":{"line":53,"column":12},"end":{"line":53,"column":42}},"27":{"start":{"line":55,"column":29},"end":{"line":64,"column":13}},"28":{"start":{"line":65,"column":12},"end":{"line":67,"column":13}},"29":{"start":{"line":66,"column":14},"end":{"line":66,"column":53}},"30":{"start":{"line":69,"column":12},"end":{"line":69,"column":68}},"31":{"start":{"line":71,"column":12},"end":{"line":71,"column":79}},"32":{"start":{"line":72,"column":12},"end":{"line":72,"column":22}},"33":{"start":{"line":79,"column":6},"end":{"line":79,"column":58}},"34":{"start":{"line":80,"column":6},"end":{"line":80,"column":12}},"35":{"start":{"line":82,"column":6},"end":{"line":82,"column":19}},"36":{"start":{"line":83,"column":6},"end":{"line":88,"column":7}},"37":{"start":{"line":84,"column":8},"end":{"line":84,"column":66}},"38":{"start":{"line":85,"column":8},"end":{"line":85,"column":47}},"39":{"start":{"line":87,"column":8},"end":{"line":87,"column":74}},"40":{"start":{"line":92,"column":2},"end":{"line":92,"column":20}}},"fnMap":{"0":{"name":"sync","decl":{"start":{"line":10,"column":22},"end":{"line":10,"column":26}},"loc":{"start":{"line":10,"column":99},"end":{"line":93,"column":1}},"line":10},"1":{"name":"(anonymous_1)","decl":{"start":{"line":30,"column":21},"end":{"line":30,"column":22}},"loc":{"start":{"line":30,"column":64},"end":{"line":48,"column":9}},"line":30},"2":{"name":"(anonymous_2)","decl":{"start":{"line":50,"column":21},"end":{"line":50,"column":22}},"loc":{"start":{"line":50,"column":58},"end":{"line":74,"column":9}},"line":50}},"branchMap":{"0":{"loc":{"start":{"line":10,"column":47},"end":{"line":10,"column":75}},"type":"default-arg","locations":[{"start":{"line":10,"column":70},"end":{"line":10,"column":75}}],"line":10},"1":{"loc":{"start":{"line":10,"column":77},"end":{"line":10,"column":97}},"type":"default-arg","locations":[{"start":{"line":10,"column":94},"end":{"line":10,"column":97}}],"line":10},"2":{"loc":{"start":{"line":11,"column":2},"end":{"line":14,"column":3}},"type":"if","locations":[{"start":{"line":11,"column":2},"end":{"line":14,"column":3}},{"start":{},"end":{}}],"line":11},"3":{"loc":{"start":{"line":16,"column":2},"end":{"line":19,"column":3}},"type":"if","locations":[{"start":{"line":16,"column":2},"end":{"line":19,"column":3}},{"start":{},"end":{}}],"line":16},"4":{"loc":{"start":{"line":32,"column":30},"end":{"line":34,"column":80}},"type":"cond-expr","locations":[{"start":{"line":33,"column":16},"end":{"line":33,"column":97}},{"start":{"line":34,"column":16},"end":{"line":34,"column":80}}],"line":32},"5":{"loc":{"start":{"line":37,"column":12},"end":{"line":39,"column":13}},"type":"if","locations":[{"start":{"line":37,"column":12},"end":{"line":39,"column":13}},{"start":{},"end":{}}],"line":37},"6":{"loc":{"start":{"line":65,"column":12},"end":{"line":67,"column":13}},"type":"if","locations":[{"start":{"line":65,"column":12},"end":{"line":67,"column":13}},{"start":{},"end":{}}],"line":65},"7":{"loc":{"start":{"line":83,"column":6},"end":{"line":88,"column":7}},"type":"if","locations":[{"start":{"line":83,"column":6},"end":{"line":88,"column":7}},{"start":{"line":86,"column":13},"end":{"line":88,"column":7}}],"line":83}},"s":{"0":15,"1":15,"2":56,"3":0,"4":0,"5":56,"6":7,"7":7,"8":49,"9":49,"10":49,"11":49,"12":50,"13":50,"14":50,"15":50,"16":50,"17":50,"18":49,"19":0,"20":49,"21":49,"22":49,"23":0,"24":0,"25":8,"26":8,"27":8,"28":8,"29":2,"30":6,"31":2,"32":2,"33":47,"34":47,"35":2,"36":2,"37":1,"38":1,"39":1,"40":48},"f":{"0":56,"1":50,"2":8},"b":{"0":[0],"1":[45],"2":[0,56],"3":[7,49],"4":[50,0],"5":[0,49],"6":[2,6],"7":[1,1]},"_coverageSchema":"1a1c01bbd47fc00a2c39e90264f33305004495a9","hash":"3810855af0d9348664d1c095f15887f5a9e2fa9d"}
,"/Users/jordan/projects/TrailTasksApp/watermelon/testDB.ts": {"path":"/Users/jordan/projects/TrailTasksApp/watermelon/testDB.ts","statementMap":{"0":{"start":{"line":27,"column":16},"end":{"line":34,"column":2}},"1":{"start":{"line":37,"column":22},"end":{"line":58,"column":2}}},"fnMap":{},"branchMap":{},"s":{"0":19,"1":19},"f":{},"b":{},"_coverageSchema":"1a1c01bbd47fc00a2c39e90264f33305004495a9","hash":"39b7afe6c0c72de32ad4cd24667c1533820e1cfd"}
}
