TN:
SF:App.tsx
FN:36,(anonymous_0)
FN:45,(anonymous_1)
FN:55,(anonymous_2)
FN:56,(anonymous_3)
FN:82,(anonymous_4)
FN:84,(anonymous_5)
FN:89,(anonymous_6)
FNF:7
FNH:4
FNDA:12,(anonymous_0)
FNDA:0,(anonymous_1)
FNDA:6,(anonymous_2)
FNDA:6,(anonymous_3)
FNDA:6,(anonymous_4)
FNDA:0,(anonymous_5)
FNDA:0,(anonymous_6)
DA:31,2
DA:36,2
DA:37,12
DA:38,12
DA:39,12
DA:40,12
DA:41,12
DA:42,12
DA:45,12
DA:46,0
DA:47,0
DA:49,0
DA:55,12
DA:56,6
DA:57,6
DA:58,6
DA:60,5
DA:61,5
DA:62,5
DA:63,0
DA:64,0
DA:65,0
DA:69,6
DA:70,1
DA:72,5
DA:75,6
DA:77,0
DA:82,6
DA:83,6
DA:84,0
DA:87,12
DA:90,0
DA:109,2
LF:33
LH:24
BRDA:43,0,0,0
BRDA:43,0,1,12
BRDA:46,1,0,0
BRDA:46,1,1,0
BRDA:58,2,0,5
BRDA:58,2,1,1
BRDA:62,3,0,0
BRDA:62,3,1,5
BRDA:69,4,0,1
BRDA:69,4,1,5
BRDA:94,5,0,0
BRDA:94,5,1,12
BRDA:100,6,0,1
BRDA:100,6,1,11
BRF:14
BRH:9
end_of_record
TN:
SF:index.js
FN:69,(anonymous_0)
FN:81,(anonymous_1)
FNF:2
FNH:1
FNDA:1,(anonymous_0)
FNDA:0,(anonymous_1)
DA:36,1
DA:42,1
DA:65,1
DA:69,1
DA:70,1
DA:81,1
LF:6
LH:6
BRDA:65,0,0,1
BRDA:65,0,1,0
BRF:2
BRH:1
end_of_record
TN:
SF:Screens/AchievementsScreen.tsx
FN:16,(anonymous_0)
FN:21,getAchievementsWithCompletion
FN:41,(anonymous_2)
FN:42,(anonymous_3)
FN:63,(anonymous_4)
FNF:5
FNH:4
FNDA:2,(anonymous_0)
FNDA:1,getAchievementsWithCompletion
FNDA:1,(anonymous_2)
FNDA:0,(anonymous_3)
FNDA:1,(anonymous_4)
DA:16,2
DA:17,2
DA:19,2
DA:22,1
DA:28,1
DA:29,1
DA:33,1
DA:34,1
DA:37,0
DA:41,2
DA:42,1
DA:45,2
DA:46,1
DA:56,1
DA:63,2
DA:64,2
DA:67,2
LF:17
LH:16
BRDA:33,0,0,1
BRDA:33,0,1,0
BRDA:45,1,0,1
BRDA:45,1,1,1
BRF:4
BRH:3
end_of_record
TN:
SF:Screens/AddOnStoreScreen.tsx
FN:12,(anonymous_0)
FN:24,handleAddonPurchase
FN:45,(anonymous_2)
FNF:3
FNH:2
FNDA:3,(anonymous_0)
FNDA:0,handleAddonPurchase
FNDA:1,(anonymous_2)
DA:12,2
DA:13,3
DA:14,3
DA:15,3
DA:17,3
DA:18,2
DA:20,1
DA:21,0
DA:25,0
DA:26,0
DA:27,0
DA:28,0
DA:30,0
DA:32,0
DA:35,1
DA:45,2
DA:50,2
DA:54,2
LF:18
LH:11
BRDA:17,0,0,2
BRDA:17,0,1,1
BRDA:20,1,0,0
BRDA:20,1,1,1
BRDA:27,2,0,0
BRDA:27,2,1,0
BRF:6
BRH:3
end_of_record
TN:
SF:Screens/AuthScreen.tsx
FN:9,(anonymous_0)
FNF:1
FNH:1
FNDA:17,(anonymous_0)
DA:9,3
DA:10,17
DA:11,14
DA:13,3
LF:4
LH:4
BRDA:10,0,0,14
BRDA:10,0,1,3
BRF:2
BRH:2
end_of_record
TN:
SF:Screens/CompletedTrailsScreen.tsx
FN:16,(anonymous_0)
FN:26,(anonymous_1)
FN:51,(anonymous_2)
FN:55,(anonymous_3)
FN:61,(anonymous_4)
FNF:5
FNH:3
FNDA:1,(anonymous_0)
FNDA:1,(anonymous_1)
FNDA:0,(anonymous_2)
FNDA:0,(anonymous_3)
FNDA:1,(anonymous_4)
DA:16,2
DA:17,1
DA:26,2
DA:27,1
DA:28,1
DA:31,1
DA:35,1
DA:52,0
DA:55,0
DA:61,2
DA:66,2
DA:69,2
LF:12
LH:10
BRF:0
BRH:0
end_of_record
TN:
SF:Screens/ExploreScreen.tsx
FN:25,(anonymous_0)
FN:36,(anonymous_1)
FN:69,(anonymous_2)
FN:101,(anonymous_3)
FNF:4
FNH:4
FNDA:2,(anonymous_0)
FNDA:1,(anonymous_1)
FNDA:1,(anonymous_2)
FNDA:1,(anonymous_3)
DA:25,2
DA:31,2
DA:33,2
DA:34,2
DA:36,2
DA:37,1
DA:38,1
DA:57,1
DA:58,0
DA:60,1
DA:63,0
DA:68,2
DA:70,1
DA:74,2
DA:75,0
DA:81,2
DA:82,0
DA:88,2
DA:101,2
DA:108,2
DA:111,2
LF:21
LH:17
BRDA:57,0,0,0
BRDA:57,0,1,1
BRDA:74,1,0,0
BRDA:74,1,1,2
BRDA:81,2,0,0
BRDA:81,2,1,2
BRF:6
BRH:3
end_of_record
TN:
SF:Screens/FriendsScreen.tsx
FN:14,(anonymous_0)
FN:20,(anonymous_1)
FN:24,handleJoinSession
FN:28,(anonymous_3)
FN:29,(anonymous_4)
FN:31,fetchOnlineFriends
FN:48,(anonymous_6)
FN:52,(anonymous_7)
FN:61,(anonymous_8)
FN:73,(anonymous_9)
FN:77,(anonymous_10)
FN:90,(anonymous_11)
FN:106,(anonymous_12)
FN:109,(anonymous_13)
FN:116,(anonymous_14)
FNF:15
FNH:9
FNDA:28,(anonymous_0)
FNDA:9,(anonymous_1)
FNDA:1,handleJoinSession
FNDA:9,(anonymous_3)
FNDA:8,(anonymous_4)
FNDA:8,fetchOnlineFriends
FNDA:0,(anonymous_6)
FNDA:0,(anonymous_7)
FNDA:0,(anonymous_8)
FNDA:0,(anonymous_9)
FNDA:0,(anonymous_10)
FNDA:8,(anonymous_11)
FNDA:0,(anonymous_12)
FNDA:9,(anonymous_13)
FNDA:8,(anonymous_14)
DA:14,3
DA:16,28
DA:17,28
DA:18,28
DA:20,28
DA:21,9
DA:22,9
DA:25,1
DA:28,28
DA:29,28
DA:33,8
DA:34,7
DA:36,7
DA:37,7
DA:41,0
DA:48,0
DA:49,0
DA:50,0
DA:51,0
DA:52,0
DA:53,0
DA:54,0
DA:55,0
DA:56,0
DA:61,0
DA:62,0
DA:63,0
DA:64,0
DA:65,0
DA:66,0
DA:67,0
DA:68,0
DA:73,0
DA:76,0
DA:77,0
DA:78,0
DA:81,0
DA:84,8
DA:86,8
DA:90,8
DA:91,8
DA:95,28
DA:106,0
DA:109,9
DA:116,8
DA:121,3
DA:124,3
LF:47
LH:23
BRDA:36,0,0,7
BRDA:36,0,1,0
BRDA:49,1,0,0
BRDA:49,1,1,0
BRDA:51,2,0,0
BRDA:51,2,1,0
BRDA:51,3,0,0
BRDA:51,3,1,0
BRDA:51,3,2,0
BRDA:51,3,3,0
BRDA:76,4,0,0
BRDA:76,4,1,0
BRDA:84,5,0,8
BRDA:84,5,1,0
BRDA:84,6,0,8
BRDA:84,6,1,8
BRDA:84,6,2,8
BRDA:97,7,0,28
BRDA:97,7,1,4
BRDA:106,8,0,28
BRDA:106,8,1,24
BRDA:109,9,0,9
BRDA:109,9,1,19
BRF:23
BRH:11
end_of_record
TN:
SF:Screens/GroupResultsScreen.tsx
FN:4,(anonymous_0)
FN:7,(anonymous_1)
FN:11,(anonymous_2)
FN:29,(anonymous_3)
FN:30,(anonymous_4)
FNF:5
FNH:0
FNDA:0,(anonymous_0)
FNDA:0,(anonymous_1)
FNDA:0,(anonymous_2)
FNDA:0,(anonymous_3)
FNDA:0,(anonymous_4)
DA:4,3
DA:5,0
DA:7,0
DA:8,0
DA:11,0
DA:13,0
DA:15,0
DA:29,0
DA:31,0
DA:49,3
LF:10
LH:2
BRDA:31,0,0,0
BRDA:31,0,1,0
BRDA:31,1,0,0
BRDA:31,1,1,0
BRF:4
BRH:0
end_of_record
TN:
SF:Screens/GroupSessionScreen.tsx
FN:16,(anonymous_0)
FN:23,(anonymous_1)
FN:32,(anonymous_2)
FN:42,(anonymous_3)
FN:76,(anonymous_4)
FN:77,(anonymous_5)
FN:100,(anonymous_6)
FN:101,setUserRoomId
FN:112,reset
FN:124,(anonymous_9)
FN:139,(anonymous_10)
FN:153,(anonymous_11)
FN:160,handleCreateRoom
FN:168,handleJoinRoom
FN:175,handlePause
FN:176,(anonymous_15)
FN:184,(anonymous_16)
FN:192,handleLeaveActiveSession
FN:200,handleEnd
FN:207,handleResume
FN:208,(anonymous_20)
FN:216,toggleReadyState
FN:224,sendUpdatedConfig
FN:237,handleExtraSet
FN:244,handleExtraSession
FN:250,handleStart
FN:258,handleReturnToLobby
FN:265,(anonymous_27)
FN:270,(anonymous_28)
FN:271,(anonymous_29)
FN:280,(anonymous_30)
FN:285,(anonymous_31)
FN:287,(anonymous_32)
FN:295,(anonymous_33)
FN:299,(anonymous_34)
FN:300,(anonymous_35)
FN:314,(anonymous_36)
FN:318,(anonymous_37)
FN:324,(anonymous_38)
FN:333,(anonymous_39)
FN:379,(anonymous_40)
FN:389,(anonymous_41)
FN:402,(anonymous_42)
FN:402,(anonymous_43)
FN:423,(anonymous_44)
FN:423,(anonymous_45)
FN:441,(anonymous_46)
FN:441,(anonymous_47)
FN:459,(anonymous_48)
FN:459,(anonymous_49)
FN:469,(anonymous_50)
FN:469,(anonymous_51)
FN:482,(anonymous_52)
FN:482,(anonymous_53)
FN:490,(anonymous_54)
FN:504,(anonymous_55)
FN:513,(anonymous_56)
FN:525,(anonymous_57)
FN:526,(anonymous_58)
FN:551,(anonymous_59)
FN:566,(anonymous_60)
FN:597,(anonymous_61)
FN:598,(anonymous_62)
FNF:63
FNH:16
FNDA:0,(anonymous_0)
FNDA:16,(anonymous_1)
FNDA:4,(anonymous_2)
FNDA:4,(anonymous_3)
FNDA:4,(anonymous_4)
FNDA:4,(anonymous_5)
FNDA:4,(anonymous_6)
FNDA:0,setUserRoomId
FNDA:0,reset
FNDA:0,(anonymous_9)
FNDA:0,(anonymous_10)
FNDA:4,(anonymous_11)
FNDA:2,handleCreateRoom
FNDA:0,handleJoinRoom
FNDA:0,handlePause
FNDA:0,(anonymous_15)
FNDA:0,(anonymous_16)
FNDA:0,handleLeaveActiveSession
FNDA:0,handleEnd
FNDA:0,handleResume
FNDA:0,(anonymous_20)
FNDA:0,toggleReadyState
FNDA:0,sendUpdatedConfig
FNDA:0,handleExtraSet
FNDA:0,handleExtraSession
FNDA:0,handleStart
FNDA:0,handleReturnToLobby
FNDA:4,(anonymous_27)
FNDA:0,(anonymous_28)
FNDA:0,(anonymous_29)
FNDA:0,(anonymous_30)
FNDA:4,(anonymous_31)
FNDA:0,(anonymous_32)
FNDA:4,(anonymous_33)
FNDA:4,(anonymous_34)
FNDA:0,(anonymous_35)
FNDA:4,(anonymous_36)
FNDA:4,(anonymous_37)
FNDA:4,(anonymous_38)
FNDA:8,(anonymous_39)
FNDA:0,(anonymous_40)
FNDA:0,(anonymous_41)
FNDA:0,(anonymous_42)
FNDA:0,(anonymous_43)
FNDA:0,(anonymous_44)
FNDA:0,(anonymous_45)
FNDA:0,(anonymous_46)
FNDA:0,(anonymous_47)
FNDA:0,(anonymous_48)
FNDA:0,(anonymous_49)
FNDA:0,(anonymous_50)
FNDA:0,(anonymous_51)
FNDA:0,(anonymous_52)
FNDA:0,(anonymous_53)
FNDA:0,(anonymous_54)
FNDA:0,(anonymous_55)
FNDA:0,(anonymous_56)
FNDA:0,(anonymous_57)
FNDA:0,(anonymous_58)
FNDA:0,(anonymous_59)
FNDA:0,(anonymous_60)
FNDA:0,(anonymous_61)
FNDA:0,(anonymous_62)
DA:16,3
DA:17,0
DA:23,3
DA:24,16
DA:25,16
DA:26,16
DA:30,16
DA:31,16
DA:33,4
DA:34,4
DA:35,0
DA:39,16
DA:40,16
DA:41,16
DA:42,16
DA:43,4
DA:44,0
DA:48,16
DA:49,16
DA:57,16
DA:58,16
DA:59,16
DA:60,16
DA:75,16
DA:76,16
DA:77,4
DA:79,4
DA:81,4
DA:82,4
DA:83,0
DA:84,4
DA:86,0
DA:89,4
DA:93,0
DA:97,4
DA:100,16
DA:102,0
DA:103,0
DA:105,4
DA:106,0
DA:110,16
DA:114,0
DA:116,0
DA:117,0
DA:118,0
DA:119,0
DA:123,0
DA:124,0
DA:139,0
DA:153,16
DA:154,4
DA:155,0
DA:161,2
DA:169,0
DA:176,0
DA:184,0
DA:185,0
DA:193,0
DA:201,0
DA:208,0
DA:209,0
DA:217,0
DA:226,0
DA:227,0
DA:229,0
DA:238,0
DA:245,0
DA:251,0
DA:252,0
DA:259,0
DA:260,0
DA:262,16
DA:265,16
DA:266,4
DA:267,4
DA:269,0
DA:270,0
DA:271,0
DA:280,0
DA:284,16
DA:285,16
DA:286,4
DA:287,0
DA:288,0
DA:291,4
DA:292,0
DA:295,4
DA:299,16
DA:300,4
DA:301,0
DA:302,0
DA:303,0
DA:304,0
DA:305,0
DA:306,0
DA:307,0
DA:309,0
DA:313,4
DA:314,4
DA:317,16
DA:321,4
DA:322,0
DA:324,4
DA:326,4
DA:327,0
DA:333,16
DA:334,8
DA:335,6
DA:350,16
DA:351,0
DA:355,16
DA:379,0
DA:389,0
DA:402,0
DA:423,0
DA:441,0
DA:459,0
DA:469,0
DA:482,0
DA:490,0
DA:504,0
DA:513,0
DA:525,0
DA:527,0
DA:528,0
DA:552,0
DA:566,0
DA:597,0
DA:599,0
DA:600,0
DA:627,3
LF:131
LH:58
BRDA:19,0,0,0
BRDA:19,0,1,0
BRDA:19,1,0,0
BRDA:19,1,1,0
BRDA:23,2,0,4
BRDA:23,3,0,16
BRDA:34,4,0,0
BRDA:34,4,1,4
BRDA:34,5,0,4
BRDA:34,5,1,4
BRDA:43,6,0,0
BRDA:43,6,1,4
BRDA:79,7,0,4
BRDA:79,7,1,0
BRDA:81,8,0,4
BRDA:81,8,1,1
BRDA:82,9,0,0
BRDA:82,9,1,4
BRDA:84,10,0,0
BRDA:84,10,1,4
BRDA:105,11,0,0
BRDA:105,11,1,4
BRDA:105,12,0,4
BRDA:105,12,1,4
BRDA:154,13,0,0
BRDA:154,13,1,4
BRDA:227,14,0,0
BRDA:227,14,1,0
BRDA:266,15,0,4
BRDA:266,15,1,0
BRDA:266,16,0,4
BRDA:266,16,1,4
BRDA:269,17,0,0
BRDA:269,17,1,0
BRDA:273,18,0,0
BRDA:273,18,1,0
BRDA:286,19,0,0
BRDA:286,19,1,4
BRDA:291,20,0,0
BRDA:291,20,1,4
BRDA:301,21,0,0
BRDA:301,21,1,0
BRDA:302,22,0,0
BRDA:302,22,1,0
BRDA:302,23,0,0
BRDA:302,23,1,0
BRDA:305,24,0,0
BRDA:305,24,1,0
BRDA:305,25,0,0
BRDA:305,25,1,0
BRDA:321,26,0,0
BRDA:321,26,1,4
BRDA:326,27,0,0
BRDA:326,27,1,4
BRDA:334,28,0,6
BRDA:334,28,1,2
BRDA:334,29,0,8
BRDA:334,29,1,8
BRDA:350,30,0,0
BRDA:350,30,1,16
BRDA:357,31,0,16
BRDA:357,31,1,16
BRDA:382,32,0,16
BRDA:382,32,1,0
BRDA:398,33,0,0
BRDA:398,33,1,0
BRDA:466,34,0,0
BRDA:466,34,1,0
BRDA:469,35,0,0
BRDA:469,35,1,0
BRDA:480,36,0,0
BRDA:480,36,1,0
BRDA:493,37,0,0
BRDA:493,37,1,0
BRDA:510,38,0,0
BRDA:510,38,1,0
BRDA:513,39,0,0
BRDA:513,39,1,0
BRDA:513,39,2,0
BRDA:531,40,0,0
BRDA:531,40,1,0
BRDA:539,41,0,16
BRDA:539,41,1,0
BRDA:541,42,0,0
BRDA:541,42,1,0
BRDA:542,43,0,0
BRDA:542,43,1,0
BRDA:552,44,0,0
BRDA:552,44,1,0
BRDA:559,45,0,0
BRDA:559,45,1,0
BRDA:561,46,0,0
BRDA:561,46,1,0
BRDA:565,47,0,0
BRDA:565,47,1,0
BRDA:565,47,2,0
BRDA:572,48,0,0
BRDA:572,48,1,0
BRDA:580,49,0,0
BRDA:580,49,1,0
BRDA:583,50,0,0
BRDA:583,50,1,0
BRDA:603,51,0,0
BRDA:603,51,1,0
BRDA:604,52,0,0
BRDA:604,52,1,0
BRDA:613,53,0,16
BRDA:613,53,1,0
BRF:108
BRH:32
end_of_record
TN:
SF:Screens/HomeScreen.tsx
FN:47,(anonymous_0)
FN:68,(anonymous_1)
FN:70,(anonymous_2)
FN:74,checkUnsyncedChanges
FN:80,(anonymous_4)
FN:101,(anonymous_5)
FN:106,(anonymous_6)
FN:108,(anonymous_7)
FN:113,(anonymous_8)
FN:156,(anonymous_9)
FN:157,(anonymous_10)
FN:184,(anonymous_11)
FN:279,(anonymous_12)
FN:288,(anonymous_13)
FNF:14
FNH:9
FNDA:12,(anonymous_0)
FNDA:5,(anonymous_1)
FNDA:0,(anonymous_2)
FNDA:5,checkUnsyncedChanges
FNDA:5,(anonymous_4)
FNDA:5,(anonymous_5)
FNDA:5,(anonymous_6)
FNDA:0,(anonymous_7)
FNDA:5,(anonymous_8)
FNDA:0,(anonymous_9)
FNDA:0,(anonymous_10)
FNDA:24,(anonymous_11)
FNDA:0,(anonymous_12)
FNDA:5,(anonymous_13)
DA:47,3
DA:54,12
DA:55,12
DA:61,12
DA:62,12
DA:63,12
DA:64,12
DA:65,12
DA:66,12
DA:68,12
DA:70,12
DA:71,0
DA:75,5
DA:76,5
DA:80,12
DA:81,5
DA:82,5
DA:88,5
DA:89,3
DA:91,2
DA:100,12
DA:102,5
DA:103,0
DA:106,5
DA:107,5
DA:108,5
DA:113,5
DA:114,5
DA:120,12
DA:156,0
DA:158,0
DA:185,24
DA:279,0
DA:288,5
DA:294,3
DA:297,3
LF:36
LH:31
BRDA:81,0,0,5
BRDA:81,0,1,0
BRDA:88,1,0,3
BRDA:88,1,1,2
BRDA:102,2,0,0
BRDA:102,2,1,5
BRDA:107,3,0,5
BRDA:107,3,1,0
BRDA:120,4,0,0
BRDA:120,4,1,12
BRDA:120,5,0,12
BRDA:120,5,1,12
BRDA:127,6,0,12
BRDA:127,6,1,3
BRDA:136,7,0,12
BRDA:136,7,1,0
BRDA:159,8,0,0
BRDA:159,8,1,0
BRDA:159,9,0,0
BRDA:159,9,1,0
BRDA:189,10,0,24
BRDA:189,10,1,12
BRF:22
BRH:13
end_of_record
TN:
SF:Screens/LeaderboardsScreen.tsx
FN:21,(anonymous_0)
FN:32,(anonymous_1)
FN:37,(anonymous_2)
FN:38,(anonymous_3)
FN:42,(anonymous_4)
FN:46,(anonymous_5)
FN:51,(anonymous_6)
FN:106,(anonymous_7)
FNF:8
FNH:5
FNDA:1,(anonymous_0)
FNDA:0,(anonymous_1)
FNDA:1,(anonymous_2)
FNDA:0,(anonymous_3)
FNDA:1,(anonymous_4)
FNDA:0,(anonymous_5)
FNDA:1,(anonymous_6)
FNDA:1,(anonymous_7)
DA:21,2
DA:22,1
DA:23,1
DA:24,1
DA:25,1
DA:26,1
DA:29,1
DA:32,1
DA:33,0
DA:34,0
DA:37,1
DA:38,1
DA:39,0
DA:42,1
DA:46,1
DA:47,0
DA:51,1
DA:52,1
DA:54,1
DA:55,1
DA:64,1
DA:67,1
DA:68,0
DA:76,1
DA:77,1
DA:84,0
DA:106,2
DA:110,2
DA:113,2
LF:29
LH:23
BRDA:52,0,0,1
BRDA:52,0,1,0
BRDA:54,1,0,1
BRDA:54,1,1,0
BRDA:55,2,0,1
BRDA:55,2,1,0
BRDA:67,3,0,0
BRDA:67,3,1,1
BRDA:76,4,0,1
BRDA:76,4,1,0
BRF:10
BRH:5
end_of_record
TN:
SF:Screens/LoginScreen.tsx
FN:12,(anonymous_0)
FN:19,(anonymous_1)
FNF:2
FNH:2
FNDA:22,(anonymous_0)
FNDA:2,(anonymous_1)
DA:12,3
DA:13,22
DA:14,22
DA:16,22
DA:17,22
DA:19,22
DA:20,2
DA:23,22
DA:47,3
LF:9
LH:9
BRF:0
BRH:0
end_of_record
TN:
SF:Screens/ParkPassScreen.tsx
FN:11,(anonymous_0)
FN:47,(anonymous_1)
FN:49,(anonymous_2)
FN:61,(anonymous_3)
FN:64,(anonymous_4)
FN:73,(anonymous_5)
FN:83,(anonymous_6)
FN:90,(anonymous_7)
FN:94,(anonymous_8)
FN:117,(anonymous_9)
FN:124,(anonymous_10)
FN:133,(anonymous_11)
FN:136,(anonymous_12)
FN:150,(anonymous_13)
FNF:14
FNH:14
FNDA:21,(anonymous_0)
FNDA:9,(anonymous_1)
FNDA:9,(anonymous_2)
FNDA:9,(anonymous_3)
FNDA:15,(anonymous_4)
FNDA:864,(anonymous_5)
FNDA:127,(anonymous_6)
FNDA:567,(anonymous_7)
FNDA:864,(anonymous_8)
FNDA:129,(anonymous_9)
FNDA:1,(anonymous_10)
FNDA:328,(anonymous_11)
FNDA:260,(anonymous_12)
FNDA:8,(anonymous_13)
DA:11,3
DA:12,21
DA:13,21
DA:47,21
DA:48,9
DA:49,9
DA:50,9
DA:51,9
DA:52,9
DA:53,9
DA:56,9
DA:61,21
DA:64,9
DA:65,15
DA:66,15
DA:68,15
DA:73,9
DA:74,864
DA:75,306
DA:77,864
DA:78,864
DA:83,9
DA:84,127
DA:85,127
DA:90,9
DA:92,567
DA:94,864
DA:96,567
DA:108,21
DA:109,0
DA:114,21
DA:117,129
DA:125,1
DA:133,328
DA:137,260
DA:150,8
DA:156,3
DA:160,3
LF:38
LH:37
BRDA:48,0,0,9
BRDA:48,0,1,0
BRDA:48,1,0,9
BRDA:48,1,1,9
BRDA:65,2,0,15
BRDA:65,2,1,0
BRDA:74,3,0,306
BRDA:74,3,1,558
BRDA:92,4,0,567
BRDA:92,4,1,261
BRDA:108,5,0,0
BRDA:108,5,1,21
BRDA:108,6,0,21
BRDA:108,6,1,21
BRDA:108,6,2,21
BRDA:117,7,0,21
BRDA:117,7,1,10
BRDA:117,7,2,8
BRF:18
BRH:15
end_of_record
TN:
SF:Screens/RegisterScreen.tsx
FN:10,(anonymous_0)
FN:18,handleRegister
FNF:2
FNH:2
FNDA:33,(anonymous_0)
FNDA:4,handleRegister
DA:10,4
DA:11,33
DA:12,33
DA:13,33
DA:14,33
DA:15,33
DA:16,33
DA:19,4
DA:22,33
DA:59,4
LF:10
LH:10
BRDA:26,0,0,33
BRDA:26,0,1,0
BRF:2
BRH:1
end_of_record
TN:
SF:Screens/SessionScreen.tsx
FN:35,(anonymous_0)
FN:101,handleEndSession
FN:111,handleShowResultsScreen
FN:117,getAchievementsWithCompletion
FN:139,getSessionCategories
FN:156,getCurrentSessionCategory
FN:173,(anonymous_6)
FN:186,(anonymous_7)
FN:190,(anonymous_8)
FN:194,(anonymous_9)
FN:233,(anonymous_10)
FNF:11
FNH:9
FNDA:18,(anonymous_0)
FNDA:0,handleEndSession
FNDA:0,handleShowResultsScreen
FNDA:3,getAchievementsWithCompletion
FNDA:3,getSessionCategories
FNDA:2,getCurrentSessionCategory
FNDA:18,(anonymous_6)
FNDA:3,(anonymous_7)
FNDA:3,(anonymous_8)
FNDA:3,(anonymous_9)
FNDA:3,(anonymous_10)
DA:35,3
DA:45,18
DA:47,18
DA:49,18
DA:50,18
DA:52,18
DA:53,18
DA:55,18
DA:56,18
DA:59,18
DA:60,18
DA:84,18
DA:102,0
DA:103,0
DA:104,0
DA:105,0
DA:107,0
DA:112,0
DA:113,0
DA:114,0
DA:118,3
DA:124,3
DA:125,3
DA:129,3
DA:130,3
DA:132,3
DA:134,0
DA:135,0
DA:140,3
DA:141,3
DA:146,3
DA:147,3
DA:148,3
DA:150,0
DA:152,0
DA:157,2
DA:158,2
DA:162,2
DA:163,2
DA:166,0
DA:173,18
DA:174,18
DA:175,3
DA:179,15
DA:186,18
DA:187,3
DA:190,18
DA:191,3
DA:194,18
DA:195,3
DA:196,2
DA:200,18
DA:233,3
DA:239,3
DA:242,3
LF:55
LH:42
BRDA:60,0,0,18
BRDA:60,0,1,3
BRDA:129,1,0,3
BRDA:129,1,1,0
BRDA:146,2,0,3
BRDA:146,2,1,0
BRDA:162,3,0,2
BRDA:162,3,1,0
BRDA:174,4,0,3
BRDA:174,4,1,15
BRDA:195,5,0,2
BRDA:195,5,1,1
BRDA:202,6,0,5
BRDA:202,6,1,13
BRDA:204,7,0,10
BRDA:204,7,1,3
BRDA:204,8,0,13
BRDA:204,8,1,10
BRDA:204,8,2,10
BRDA:214,9,0,0
BRDA:214,9,1,3
BRF:21
BRH:17
end_of_record
TN:
SF:Screens/SessionTypeScreen.tsx
FN:16,(anonymous_0)
FNF:1
FNH:1
FNDA:1,(anonymous_0)
DA:16,2
DA:17,1
DA:43,2
LF:3
LH:3
BRF:0
BRH:0
end_of_record
TN:
SF:Screens/SettingsScreen.tsx
FN:15,(anonymous_0)
FN:21,(anonymous_1)
FNF:2
FNH:1
FNDA:1,(anonymous_0)
FNDA:0,(anonymous_1)
DA:15,2
DA:16,1
DA:17,1
DA:18,1
DA:21,0
LF:5
LH:4
BRF:0
BRH:0
end_of_record
TN:
SF:Screens/SoloResultsScreen.tsx
FN:4,(anonymous_0)
FNF:1
FNH:0
FNDA:0,(anonymous_0)
DA:4,3
DA:6,0
DA:30,3
LF:3
LH:2
BRF:0
BRH:0
end_of_record
TN:
SF:Screens/StatsScreen.tsx
FN:43,(anonymous_0)
FN:62,(anonymous_1)
FN:66,(anonymous_2)
FN:68,(anonymous_3)
FN:73,(anonymous_4)
FN:79,getUserSessionsWithCategories
FN:99,getSessionCategories
FN:113,(anonymous_7)
FN:117,(anonymous_8)
FN:125,(anonymous_9)
FN:125,(anonymous_10)
FN:143,(anonymous_11)
FN:146,(anonymous_12)
FN:150,(anonymous_13)
FN:160,(anonymous_14)
FN:163,(anonymous_15)
FN:165,(anonymous_16)
FN:175,(anonymous_17)
FN:207,(anonymous_18)
FNF:19
FNH:6
FNDA:15,(anonymous_0)
FNDA:0,(anonymous_1)
FNDA:0,(anonymous_2)
FNDA:0,(anonymous_3)
FNDA:0,(anonymous_4)
FNDA:4,getUserSessionsWithCategories
FNDA:4,getSessionCategories
FNDA:4,(anonymous_7)
FNDA:4,(anonymous_8)
FNDA:0,(anonymous_9)
FNDA:0,(anonymous_10)
FNDA:0,(anonymous_11)
FNDA:0,(anonymous_12)
FNDA:0,(anonymous_13)
FNDA:0,(anonymous_14)
FNDA:0,(anonymous_15)
FNDA:0,(anonymous_16)
FNDA:0,(anonymous_17)
FNDA:1,(anonymous_18)
DA:27,3
DA:43,3
DA:44,15
DA:46,15
DA:50,15
DA:51,15
DA:55,15
DA:56,15
DA:59,15
DA:60,15
DA:62,15
DA:63,0
DA:66,15
DA:67,0
DA:68,0
DA:69,0
DA:70,0
DA:72,0
DA:73,0
DA:80,4
DA:81,4
DA:86,4
DA:90,3
DA:91,3
DA:92,3
DA:95,1
DA:100,4
DA:101,4
DA:105,4
DA:106,4
DA:109,0
DA:113,15
DA:114,4
DA:115,4
DA:117,4
DA:120,15
DA:125,0
DA:144,0
DA:147,0
DA:150,0
DA:161,0
DA:163,0
DA:165,0
DA:176,0
DA:207,1
DA:218,3
LF:46
LH:30
BRDA:69,0,0,0
BRDA:69,0,1,0
BRDA:90,1,0,3
BRDA:90,1,1,0
BRDA:105,2,0,4
BRDA:105,2,1,0
BRDA:128,3,0,0
BRDA:128,3,1,15
BRDA:135,4,0,15
BRDA:135,4,1,0
BRDA:189,5,0,4
BRDA:189,5,1,11
BRDA:207,6,0,1
BRDA:207,6,1,0
BRDA:209,7,0,11
BRDA:209,7,1,4
BRF:16
BRH:9
end_of_record
TN:
SF:Screens/SubscribeScreen.tsx
FN:15,(anonymous_0)
FN:26,(anonymous_1)
FNF:2
FNH:2
FNDA:2,(anonymous_0)
FNDA:2,(anonymous_1)
DA:15,2
DA:16,2
DA:26,2
DA:31,2
DA:36,2
LF:5
LH:5
BRF:0
BRH:0
end_of_record
TN:
SF:Screens/TrailDetailScreen.tsx
FN:22,(anonymous_0)
FN:47,(anonymous_1)
FN:50,(anonymous_2)
FN:52,(anonymous_3)
FN:57,(anonymous_4)
FN:69,(anonymous_5)
FN:103,(anonymous_6)
FN:114,(anonymous_7)
FN:126,(anonymous_8)
FN:137,(anonymous_9)
FN:142,(anonymous_10)
FN:152,(anonymous_11)
FN:158,(anonymous_12)
FN:171,(anonymous_13)
FN:215,(anonymous_14)
FN:243,(anonymous_15)
FNF:16
FNH:5
FNDA:1,(anonymous_0)
FNDA:1,(anonymous_1)
FNDA:0,(anonymous_2)
FNDA:0,(anonymous_3)
FNDA:1,(anonymous_4)
FNDA:1,(anonymous_5)
FNDA:0,(anonymous_6)
FNDA:0,(anonymous_7)
FNDA:0,(anonymous_8)
FNDA:0,(anonymous_9)
FNDA:0,(anonymous_10)
FNDA:0,(anonymous_11)
FNDA:0,(anonymous_12)
FNDA:0,(anonymous_13)
FNDA:0,(anonymous_14)
FNDA:1,(anonymous_15)
DA:22,2
DA:23,1
DA:29,1
DA:31,1
DA:39,1
DA:40,1
DA:41,1
DA:42,1
DA:43,1
DA:44,1
DA:45,1
DA:47,1
DA:48,1
DA:49,0
DA:50,0
DA:51,0
DA:52,0
DA:56,1
DA:57,1
DA:58,1
DA:59,1
DA:60,1
DA:61,1
DA:66,1
DA:67,1
DA:69,1
DA:70,1
DA:71,0
DA:74,1
DA:75,0
DA:78,1
DA:79,0
DA:82,1
DA:83,0
DA:84,1
DA:85,0
DA:86,1
DA:87,0
DA:89,1
DA:93,1
DA:95,1
DA:96,1
DA:99,0
DA:100,0
DA:103,0
DA:105,0
DA:110,0
DA:114,0
DA:116,0
DA:119,0
DA:126,0
DA:137,0
DA:142,0
DA:153,0
DA:154,0
DA:159,0
DA:160,0
DA:171,0
DA:216,0
DA:217,0
DA:218,0
DA:219,0
DA:241,2
DA:243,1
DA:251,2
DA:254,2
LF:66
LH:36
BRDA:23,0,0,1
BRDA:23,0,1,1
BRDA:31,1,0,1
BRDA:31,1,1,1
BRDA:48,2,0,0
BRDA:48,2,1,1
BRDA:48,3,0,1
BRDA:48,3,1,0
BRDA:48,3,2,0
BRDA:58,4,0,0
BRDA:58,4,1,1
BRDA:59,5,0,0
BRDA:59,5,1,1
BRDA:60,6,0,0
BRDA:60,6,1,1
BRDA:67,7,0,0
BRDA:67,7,1,1
BRDA:67,8,0,0
BRDA:67,8,1,1
BRDA:70,9,0,0
BRDA:70,9,1,1
BRDA:74,10,0,0
BRDA:74,10,1,1
BRDA:74,11,0,1
BRDA:74,11,1,1
BRDA:78,12,0,0
BRDA:78,12,1,1
BRDA:78,13,0,1
BRDA:78,13,1,0
BRDA:82,14,0,0
BRDA:82,14,1,1
BRDA:84,15,0,0
BRDA:84,15,1,1
BRDA:86,16,0,0
BRDA:86,16,1,1
BRDA:95,17,0,1
BRDA:95,17,1,0
BRDA:99,18,0,0
BRDA:99,18,1,0
BRDA:166,19,0,0
BRDA:166,19,1,0
BRDA:181,20,0,0
BRDA:181,20,1,0
BRDA:182,21,0,0
BRDA:182,21,1,0
BRDA:205,22,0,0
BRDA:205,22,1,0
BRDA:205,22,2,0
BRDA:207,23,0,0
BRDA:207,23,1,0
BRDA:209,24,0,0
BRDA:209,24,1,0
BRDA:209,25,0,0
BRDA:209,25,1,0
BRDA:216,26,0,0
BRDA:216,26,1,0
BRDA:216,27,0,0
BRDA:216,27,1,0
BRDA:218,28,0,0
BRDA:218,28,1,0
BRDA:218,29,0,0
BRDA:218,29,1,0
BRDA:223,30,0,0
BRDA:223,30,1,0
BRDA:225,31,0,0
BRDA:225,31,1,0
BRDA:225,32,0,0
BRDA:225,32,1,0
BRDA:227,33,0,0
BRDA:227,33,1,0
BRDA:229,34,0,0
BRDA:229,34,1,0
BRF:72
BRH:21
end_of_record
TN:
SF:assets/LOGO.png
FNF:0
FNH:0
DA:1,3
LF:1
LH:1
BRF:0
BRH:0
end_of_record
TN:
SF:assets/StopwatchLogo.png
FNF:0
FNH:0
DA:1,2
LF:1
LH:1
BRF:0
BRH:0
end_of_record
TN:
SF:assets/incompleteBadge.png
FNF:0
FNH:0
DA:1,2
LF:1
LH:1
BRF:0
BRH:0
end_of_record
TN:
SF:assets/redeemableBadge.png
FNF:0
FNH:0
DA:1,1
LF:1
LH:1
BRF:0
BRH:0
end_of_record
TN:
SF:assets/RankBadges/advanced.png
FNF:0
FNH:0
DA:1,6
LF:1
LH:1
BRF:0
BRH:0
end_of_record
TN:
SF:assets/RankBadges/amateur.png
FNF:0
FNH:0
DA:1,6
LF:1
LH:1
BRF:0
BRH:0
end_of_record
TN:
SF:assets/RankBadges/beginner.png
FNF:0
FNH:0
DA:1,6
LF:1
LH:1
BRF:0
BRH:0
end_of_record
TN:
SF:assets/RankBadges/elite.png
FNF:0
FNH:0
DA:1,6
LF:1
LH:1
BRF:0
BRH:0
end_of_record
TN:
SF:assets/RankBadges/experienced.png
FNF:0
FNH:0
DA:1,6
LF:1
LH:1
BRF:0
BRH:0
end_of_record
TN:
SF:assets/RankBadges/expert.png
FNF:0
FNH:0
DA:1,6
LF:1
LH:1
BRF:0
BRH:0
end_of_record
TN:
SF:assets/RankBadges/intermediate.png
FNF:0
FNH:0
DA:1,6
LF:1
LH:1
BRF:0
BRH:0
end_of_record
TN:
SF:assets/RankBadges/journeyman.png
FNF:0
FNH:0
DA:1,6
LF:1
LH:1
BRF:0
BRH:0
end_of_record
TN:
SF:assets/RankBadges/legendary.png
FNF:0
FNH:0
DA:1,6
LF:1
LH:1
BRF:0
BRH:0
end_of_record
TN:
SF:assets/RankBadges/master.png
FNF:0
FNH:0
DA:1,6
LF:1
LH:1
BRF:0
BRH:0
end_of_record
TN:
SF:assets/addons/FirstAid1.png
FNF:0
FNH:0
DA:1,4
LF:1
LH:1
BRF:0
BRH:0
end_of_record
TN:
SF:assets/addons/FirstAid2.png
FNF:0
FNH:0
DA:1,4
LF:1
LH:1
BRF:0
BRH:0
end_of_record
TN:
SF:assets/addons/FirstAid3.png
FNF:0
FNH:0
DA:1,4
LF:1
LH:1
BRF:0
BRH:0
end_of_record
TN:
SF:assets/addons/HikingPoles1.png
FNF:0
FNH:0
DA:1,4
LF:1
LH:1
BRF:0
BRH:0
end_of_record
TN:
SF:assets/addons/HikingPoles2.png
FNF:0
FNH:0
DA:1,4
LF:1
LH:1
BRF:0
BRH:0
end_of_record
TN:
SF:assets/addons/HikingPoles3.png
FNF:0
FNH:0
DA:1,4
LF:1
LH:1
BRF:0
BRH:0
end_of_record
TN:
SF:assets/addons/RunningShoes1.png
FNF:0
FNH:0
DA:1,4
LF:1
LH:1
BRF:0
BRH:0
end_of_record
TN:
SF:assets/addons/RunningShoes2.png
FNF:0
FNH:0
DA:1,4
LF:1
LH:1
BRF:0
BRH:0
end_of_record
TN:
SF:assets/addons/RunningShoes3.png
FNF:0
FNH:0
DA:1,4
LF:1
LH:1
BRF:0
BRH:0
end_of_record
TN:
SF:assets/addons/TrailMix1.png
FNF:0
FNH:0
DA:1,4
LF:1
LH:1
BRF:0
BRH:0
end_of_record
TN:
SF:assets/addons/TrailMix2.png
FNF:0
FNH:0
DA:1,4
LF:1
LH:1
BRF:0
BRH:0
end_of_record
TN:
SF:assets/addons/TrailMix3.png
FNF:0
FNH:0
DA:1,4
LF:1
LH:1
BRF:0
BRH:0
end_of_record
TN:
SF:assets/addons/TreasureMap1.png
FNF:0
FNH:0
DA:1,4
LF:1
LH:1
BRF:0
BRH:0
end_of_record
TN:
SF:assets/addons/TreasureMap2.png
FNF:0
FNH:0
DA:1,4
LF:1
LH:1
BRF:0
BRH:0
end_of_record
TN:
SF:assets/addons/TreasureMap3.png
FNF:0
FNH:0
DA:1,4
LF:1
LH:1
BRF:0
BRH:0
end_of_record
TN:
SF:assets/addons/Ultralight1.png
FNF:0
FNH:0
DA:1,4
LF:1
LH:1
BRF:0
BRH:0
end_of_record
TN:
SF:assets/addons/Ultralight2.png
FNF:0
FNH:0
DA:1,4
LF:1
LH:1
BRF:0
BRH:0
end_of_record
TN:
SF:assets/addons/Ultralight3.png
FNF:0
FNH:0
DA:1,4
LF:1
LH:1
BRF:0
BRH:0
end_of_record
TN:
SF:assets/addons/WaterBottle1.png
FNF:0
FNH:0
DA:1,4
LF:1
LH:1
BRF:0
BRH:0
end_of_record
TN:
SF:assets/addons/WaterBottle2.png
FNF:0
FNH:0
DA:1,4
LF:1
LH:1
BRF:0
BRH:0
end_of_record
TN:
SF:assets/addons/WaterBottle3.png
FNF:0
FNH:0
DA:1,4
LF:1
LH:1
BRF:0
BRH:0
end_of_record
TN:
SF:components/DistanceProgressBar.tsx
FN:17,(anonymous_0)
FN:69,(anonymous_1)
FNF:2
FNH:2
FNDA:40,(anonymous_0)
FNDA:11,(anonymous_1)
DA:17,5
DA:25,40
DA:26,40
DA:69,11
DA:75,5
DA:79,5
LF:6
LH:6
BRDA:45,0,0,30
BRDA:45,0,1,10
BRDA:45,1,0,40
BRDA:45,1,1,40
BRDA:45,1,2,40
BRDA:45,1,3,14
BRDA:45,1,4,14
BRDA:45,1,5,14
BRDA:45,1,6,10
BRDA:45,1,7,10
BRF:10
BRH:10
end_of_record
TN:
SF:components/FilterSearch.tsx
FN:17,(anonymous_0)
FN:33,(anonymous_1)
FN:34,(anonymous_2)
FNF:3
FNH:1
FNDA:2,(anonymous_0)
FNDA:0,(anonymous_1)
FNDA:0,(anonymous_2)
DA:17,2
DA:18,2
DA:34,0
DA:46,2
LF:4
LH:3
BRDA:20,0,0,0
BRDA:20,0,1,2
BRDA:21,1,0,2
BRDA:21,1,1,2
BRDA:31,2,0,2
BRDA:31,2,1,0
BRF:6
BRH:4
end_of_record
TN:
SF:components/RefreshConnection.tsx
FN:7,(anonymous_0)
FNF:1
FNH:1
FNDA:8,(anonymous_0)
DA:7,6
DA:8,8
DA:12,8
DA:43,6
LF:4
LH:4
BRF:0
BRH:0
end_of_record
TN:
SF:components/SyncIndicator.tsx
FN:10,(anonymous_0)
FN:13,(anonymous_1)
FN:14,(anonymous_2)
FN:38,(anonymous_3)
FNF:4
FNH:0
FNDA:0,(anonymous_0)
FNDA:0,(anonymous_1)
FNDA:0,(anonymous_2)
FNDA:0,(anonymous_3)
DA:10,2
DA:11,0
DA:13,0
DA:14,0
DA:19,0
DA:38,0
DA:41,0
DA:42,0
DA:45,0
DA:52,2
LF:10
LH:2
BRDA:41,0,0,0
BRDA:41,0,1,0
BRF:2
BRH:0
end_of_record
TN:
SF:components/TrailsList.tsx
FN:21,(anonymous_0)
FN:33,(anonymous_1)
FN:34,(anonymous_2)
FN:38,(anonymous_3)
FN:43,(anonymous_4)
FN:47,(anonymous_5)
FN:48,(anonymous_6)
FN:52,(anonymous_7)
FN:55,(anonymous_8)
FN:58,(anonymous_9)
FN:59,(anonymous_10)
FN:63,(anonymous_11)
FN:73,(anonymous_12)
FN:77,(anonymous_13)
FN:82,(anonymous_14)
FN:101,(anonymous_15)
FN:106,(anonymous_16)
FN:117,(anonymous_17)
FNF:18
FNH:8
FNDA:2,(anonymous_0)
FNDA:1,(anonymous_1)
FNDA:0,(anonymous_2)
FNDA:1,(anonymous_3)
FNDA:2,(anonymous_4)
FNDA:0,(anonymous_5)
FNDA:0,(anonymous_6)
FNDA:0,(anonymous_7)
FNDA:0,(anonymous_8)
FNDA:0,(anonymous_9)
FNDA:0,(anonymous_10)
FNDA:0,(anonymous_11)
FNDA:0,(anonymous_12)
FNDA:0,(anonymous_13)
FNDA:5,(anonymous_14)
FNDA:8,(anonymous_15)
FNDA:2,(anonymous_16)
FNDA:1,(anonymous_17)
DA:21,2
DA:27,2
DA:28,2
DA:29,2
DA:30,2
DA:33,2
DA:34,1
DA:35,0
DA:38,1
DA:39,1
DA:43,2
DA:44,2
DA:46,2
DA:47,0
DA:48,0
DA:50,2
DA:52,0
DA:53,2
DA:55,0
DA:56,2
DA:57,0
DA:58,0
DA:59,0
DA:62,2
DA:63,0
DA:64,0
DA:70,2
DA:73,2
DA:74,0
DA:77,2
DA:78,0
DA:79,0
DA:82,2
DA:83,5
DA:86,2
DA:101,8
DA:107,2
DA:115,2
DA:117,1
DA:125,2
DA:128,2
LF:41
LH:28
BRDA:46,0,0,0
BRDA:46,0,1,2
BRDA:50,1,0,0
BRDA:50,1,1,2
BRDA:52,2,0,0
BRDA:52,2,1,0
BRDA:53,3,0,0
BRDA:53,3,1,2
BRDA:55,4,0,0
BRDA:55,4,1,0
BRDA:56,5,0,0
BRDA:56,5,1,2
BRDA:62,6,0,0
BRDA:62,6,1,2
BRDA:64,7,0,0
BRDA:64,7,1,0
BRDA:64,7,2,0
BRF:17
BRH:5
end_of_record
TN:
SF:components/searchBar.tsx
FN:14,(anonymous_0)
FN:23,(anonymous_1)
FN:39,(anonymous_2)
FNF:3
FNH:1
FNDA:1,(anonymous_0)
FNDA:0,(anonymous_1)
FNDA:0,(anonymous_2)
DA:14,2
DA:23,1
DA:24,0
DA:33,1
DA:39,0
DA:44,2
LF:6
LH:4
BRF:0
BRH:0
end_of_record
TN:
SF:components/syncButton.tsx
FN:10,(anonymous_0)
FN:16,handleClick
FN:20,(anonymous_2)
FN:29,(anonymous_3)
FNF:4
FNH:3
FNDA:17,(anonymous_0)
FNDA:0,handleClick
FNDA:5,(anonymous_2)
FNDA:5,(anonymous_3)
DA:10,3
DA:11,17
DA:12,17
DA:13,17
DA:14,17
DA:17,0
DA:18,0
DA:20,17
DA:21,5
DA:22,5
DA:23,5
DA:25,17
DA:26,17
DA:29,17
DA:31,5
DA:34,17
LF:16
LH:14
BRDA:36,0,0,17
BRDA:36,0,1,7
BRF:2
BRH:2
end_of_record
TN:
SF:components/Achievements/AchievementsList.tsx
FN:16,(anonymous_0)
FN:24,(anonymous_1)
FN:33,(anonymous_2)
FN:45,(anonymous_3)
FN:91,(anonymous_4)
FNF:5
FNH:3
FNDA:1,(anonymous_0)
FNDA:0,(anonymous_1)
FNDA:10,(anonymous_2)
FNDA:0,(anonymous_3)
FNDA:1,(anonymous_4)
DA:16,2
DA:20,1
DA:24,1
DA:25,0
DA:28,1
DA:29,1
DA:34,10
DA:47,0
DA:84,0
DA:91,2
DA:96,2
DA:99,2
LF:12
LH:9
BRDA:25,0,0,0
BRDA:25,0,1,0
BRDA:28,1,0,1
BRDA:28,1,1,0
BRDA:38,2,0,0
BRDA:38,2,1,10
BRDA:47,3,0,0
BRDA:47,3,1,0
BRDA:54,4,0,0
BRDA:54,4,1,10
BRDA:62,5,0,0
BRDA:62,5,1,10
BRDA:65,6,0,0
BRDA:65,6,1,10
BRDA:71,7,0,10
BRDA:71,7,1,0
BRDA:71,7,2,0
BRF:17
BRH:6
end_of_record
TN:
SF:components/AddOnStore/AddOnStore.tsx
FN:5,(anonymous_0)
FN:10,(anonymous_1)
FN:11,(anonymous_2)
FN:17,(anonymous_3)
FN:22,(anonymous_4)
FN:32,(anonymous_5)
FNF:6
FNH:4
FNDA:1,(anonymous_0)
FNDA:13,(anonymous_1)
FNDA:10,(anonymous_2)
FNDA:0,(anonymous_3)
FNDA:0,(anonymous_4)
FNDA:1,(anonymous_5)
DA:5,2
DA:6,1
DA:10,13
DA:12,10
DA:17,0
DA:22,0
DA:32,2
DA:37,2
DA:41,2
LF:9
LH:7
BRDA:17,0,0,10
BRDA:17,0,1,10
BRDA:21,1,0,4
BRDA:21,1,1,6
BRDA:21,2,0,10
BRDA:21,2,1,4
BRDA:21,3,0,6
BRDA:21,3,1,0
BRDA:23,4,0,10
BRDA:23,4,1,4
BRF:10
BRH:9
end_of_record
TN:
SF:components/AddOnStore/AddonListItem.tsx
FN:7,(anonymous_0)
FN:10,(anonymous_1)
FN:23,(anonymous_2)
FNF:3
FNH:0
FNDA:0,(anonymous_0)
FNDA:0,(anonymous_1)
FNDA:0,(anonymous_2)
DA:7,3
DA:9,0
DA:10,0
DA:23,3
DA:28,3
DA:32,3
LF:6
LH:4
BRF:0
BRH:0
end_of_record
TN:
SF:components/Auth/LoginForm.tsx
FN:10,(anonymous_0)
FNF:1
FNH:1
FNDA:23,(anonymous_0)
DA:10,4
DA:11,23
DA:57,4
LF:3
LH:3
BRDA:34,0,0,23
BRDA:34,0,1,7
BRDA:37,1,0,19
BRDA:37,1,1,4
BRDA:37,2,0,23
BRDA:37,2,1,7
BRDA:52,3,0,23
BRDA:52,3,1,22
BRF:8
BRH:8
end_of_record
TN:
SF:components/Auth/RegisterForm.tsx
FN:21,(anonymous_0)
FNF:1
FNH:1
FNDA:35,(anonymous_0)
DA:21,5
DA:22,35
DA:123,5
LF:3
LH:3
BRDA:21,0,0,2
BRDA:21,1,0,2
BRDA:21,2,0,2
BRDA:21,3,0,2
BRDA:21,4,0,2
BRDA:21,5,0,1
BRDA:22,6,0,34
BRDA:22,6,1,1
BRDA:26,7,0,34
BRDA:26,7,1,0
BRDA:28,8,0,34
BRDA:28,8,1,31
BRDA:70,9,0,34
BRDA:70,9,1,20
BRDA:70,9,2,16
BRDA:70,9,3,12
BRDA:81,10,0,26
BRDA:81,10,1,8
BRDA:81,11,0,34
BRDA:81,11,1,20
BRDA:81,11,2,16
BRDA:81,11,3,12
BRF:22
BRH:21
end_of_record
TN:
SF:components/CompletedTrails/CompletedTrailCard.tsx
FN:12,(anonymous_0)
FN:34,(anonymous_1)
FNF:2
FNH:0
FNDA:0,(anonymous_0)
FNDA:0,(anonymous_1)
DA:12,2
DA:13,0
DA:32,2
DA:34,0
DA:42,2
LF:5
LH:3
BRF:0
BRH:0
end_of_record
TN:
SF:components/Friends/FriendCard.tsx
FN:7,(anonymous_0)
FN:32,(anonymous_1)
FN:38,(anonymous_2)
FN:51,(anonymous_3)
FNF:4
FNH:4
FNDA:12,(anonymous_0)
FNDA:12,(anonymous_1)
FNDA:1,(anonymous_2)
FNDA:5,(anonymous_3)
DA:7,4
DA:8,12
DA:9,0
DA:10,0
DA:13,12
DA:15,12
DA:32,12
DA:38,1
DA:51,5
DA:54,4
DA:57,4
LF:11
LH:9
BRDA:8,0,0,0
BRDA:8,0,1,12
BRDA:8,1,0,12
BRDA:8,1,1,12
BRDA:8,1,2,0
BRDA:34,2,0,12
BRDA:34,2,1,0
BRDA:35,3,0,12
BRDA:35,3,1,10
BRDA:35,3,2,8
BRDA:37,4,0,12
BRDA:37,4,1,10
BRDA:40,5,0,12
BRDA:40,5,1,8
BRDA:44,6,0,2
BRDA:44,6,1,10
BRF:16
BRH:13
end_of_record
TN:
SF:components/Friends/SearchAddFriend.tsx
FN:9,(anonymous_0)
FN:14,handleSearch
FN:18,(anonymous_2)
FN:24,(anonymous_3)
FN:50,(anonymous_4)
FN:57,(anonymous_5)
FN:61,handleAddFriend
FNF:7
FNH:4
FNDA:56,(anonymous_0)
FNDA:6,handleSearch
FNDA:0,(anonymous_2)
FNDA:0,(anonymous_3)
FNDA:0,(anonymous_4)
FNDA:18,(anonymous_5)
FNDA:2,handleAddFriend
DA:9,4
DA:10,56
DA:11,56
DA:12,56
DA:15,6
DA:16,6
DA:17,1
DA:18,1
DA:19,1
DA:22,5
DA:23,1
DA:24,1
DA:25,1
DA:28,4
DA:29,4
DA:30,4
DA:32,4
DA:43,4
DA:44,3
DA:45,3
DA:46,3
DA:48,1
DA:49,1
DA:50,1
DA:53,0
DA:57,56
DA:58,18
DA:62,2
DA:63,2
DA:64,2
DA:65,2
DA:66,2
DA:70,56
DA:109,4
LF:34
LH:33
BRDA:15,0,0,0
BRDA:15,0,1,6
BRDA:16,1,0,1
BRDA:16,1,1,5
BRDA:22,2,0,1
BRDA:22,2,1,4
BRDA:22,3,0,5
BRDA:22,3,1,1
BRDA:32,4,0,3
BRDA:32,4,1,1
BRDA:39,5,0,3
BRDA:39,5,1,2
BRDA:43,6,0,3
BRDA:43,6,1,1
BRDA:63,7,0,2
BRDA:63,7,1,0
BRDA:93,8,0,56
BRDA:93,8,1,15
BRDA:102,9,0,56
BRDA:102,9,1,3
BRF:20
BRH:18
end_of_record
TN:
SF:components/Friends/SearchFriendCard.tsx
FN:8,(anonymous_0)
FN:30,(anonymous_1)
FN:35,(anonymous_2)
FNF:3
FNH:3
FNDA:12,(anonymous_0)
FNDA:12,(anonymous_1)
FNDA:2,(anonymous_2)
DA:8,4
DA:11,12
DA:13,12
DA:30,12
DA:36,2
DA:51,4
LF:6
LH:6
BRDA:32,0,0,12
BRDA:32,0,1,0
BRDA:33,1,0,12
BRDA:33,1,1,0
BRF:4
BRH:2
end_of_record
TN:
SF:components/HomeScreen/screenLink.tsx
FN:15,(anonymous_0)
FN:27,(anonymous_1)
FNF:2
FNH:1
FNDA:98,(anonymous_0)
FNDA:0,(anonymous_1)
DA:15,3
DA:23,98
DA:28,0
DA:64,3
LF:4
LH:3
BRDA:28,0,0,0
BRDA:28,0,1,0
BRDA:30,1,0,0
BRDA:30,1,1,0
BRDA:39,2,0,26
BRDA:39,2,1,72
BRDA:39,3,0,98
BRDA:39,3,1,38
BRDA:41,4,0,12
BRDA:41,4,1,60
BRDA:41,5,0,72
BRDA:41,5,1,12
BRDA:46,6,0,12
BRDA:46,6,1,86
BRDA:46,7,0,98
BRDA:46,7,1,38
BRDA:52,8,0,26
BRDA:52,8,1,72
BRDA:52,9,0,98
BRDA:52,9,1,38
BRDA:54,10,0,12
BRDA:54,10,1,60
BRDA:54,11,0,72
BRDA:54,11,1,12
BRF:24
BRH:20
end_of_record
TN:
SF:components/HomeScreen/tutorialModal.tsx
FN:6,(anonymous_0)
FN:51,(anonymous_1)
FNF:2
FNH:1
FNDA:3,(anonymous_0)
FNDA:0,(anonymous_1)
DA:6,3
DA:7,3
DA:8,3
DA:51,3
DA:52,0
DA:53,0
DA:55,0
DA:59,3
DA:86,3
LF:9
LH:6
BRDA:52,0,0,0
BRDA:52,0,1,0
BRDA:74,1,0,0
BRDA:74,1,1,3
BRF:4
BRH:1
end_of_record
TN:
SF:components/Leaderboards/FetchGlobalLeaderboards.tsx
FN:19,(anonymous_0)
FN:24,(anonymous_1)
FN:25,(anonymous_2)
FNF:3
FNH:3
FNDA:1,(anonymous_0)
FNDA:1,(anonymous_1)
FNDA:1,(anonymous_2)
DA:19,2
DA:20,1
DA:21,1
DA:22,1
DA:24,1
DA:25,1
DA:26,1
DA:27,1
DA:28,1
DA:29,0
DA:32,1
DA:33,1
DA:59,0
DA:60,0
DA:64,0
DA:65,0
DA:67,0
DA:68,0
DA:70,0
DA:74,1
DA:77,1
LF:21
LH:13
BRDA:28,0,0,0
BRDA:28,0,1,1
BRDA:59,1,0,0
BRDA:59,1,1,0
BRDA:65,2,0,0
BRDA:65,2,1,0
BRF:6
BRH:1
end_of_record
TN:
SF:components/Leaderboards/Leaderboard.tsx
FN:12,(anonymous_0)
FN:14,(anonymous_1)
FN:26,(anonymous_2)
FN:34,(anonymous_3)
FN:41,(anonymous_4)
FNF:5
FNH:0
FNDA:0,(anonymous_0)
FNDA:0,(anonymous_1)
FNDA:0,(anonymous_2)
FNDA:0,(anonymous_3)
FNDA:0,(anonymous_4)
DA:12,2
DA:14,0
DA:17,0
DA:19,0
DA:27,0
DA:34,0
DA:41,2
DA:45,2
DA:48,2
LF:9
LH:4
BRDA:14,0,0,0
BRDA:14,0,1,0
BRDA:17,1,0,0
BRDA:17,1,1,0
BRDA:17,2,0,0
BRDA:17,2,1,0
BRF:6
BRH:0
end_of_record
TN:
SF:components/Leaderboards/UserMile.tsx
FN:13,(anonymous_0)
FN:38,(anonymous_1)
FNF:2
FNH:0
FNDA:0,(anonymous_0)
FNDA:0,(anonymous_1)
DA:13,2
DA:15,0
DA:17,0
DA:19,0
DA:38,2
DA:42,2
DA:45,2
LF:7
LH:4
BRDA:15,0,0,0
BRDA:15,0,1,0
BRDA:17,1,0,0
BRDA:17,1,1,0
BRDA:22,2,0,0
BRDA:22,2,1,0
BRDA:26,3,0,0
BRDA:26,3,1,0
BRDA:31,4,0,0
BRDA:31,4,1,0
BRF:10
BRH:0
end_of_record
TN:
SF:components/Navigation/ExploreStackNavigator.tsx
FN:9,(anonymous_0)
FN:17,(anonymous_1)
FN:23,(anonymous_2)
FNF:3
FNH:3
FNDA:1,(anonymous_0)
FNDA:1,(anonymous_1)
FNDA:1,(anonymous_2)
DA:7,2
DA:9,2
DA:10,1
DA:11,1
DA:17,1
DA:23,1
LF:6
LH:6
BRF:0
BRH:0
end_of_record
TN:
SF:components/Navigation/HomeStackNavigator.tsx
FN:18,HomeStackNavigator
FN:23,(anonymous_1)
FN:31,(anonymous_2)
FN:38,(anonymous_3)
FN:46,(anonymous_4)
FN:51,(anonymous_5)
FN:56,(anonymous_6)
FN:63,(anonymous_7)
FN:66,(anonymous_8)
FN:69,(anonymous_9)
FN:72,(anonymous_10)
FNF:11
FNH:11
FNDA:1,HomeStackNavigator
FNDA:1,(anonymous_1)
FNDA:1,(anonymous_2)
FNDA:1,(anonymous_3)
FNDA:1,(anonymous_4)
FNDA:1,(anonymous_5)
FNDA:1,(anonymous_6)
FNDA:1,(anonymous_7)
FNDA:1,(anonymous_8)
FNDA:1,(anonymous_9)
FNDA:1,(anonymous_10)
DA:16,2
DA:19,1
DA:20,1
DA:24,1
DA:32,1
DA:39,1
DA:47,1
DA:52,1
DA:57,1
DA:63,1
DA:66,1
DA:69,1
DA:72,1
LF:13
LH:13
BRF:0
BRH:0
end_of_record
TN:
SF:components/Navigation/SessionStackNavigator.tsx
FN:9,SessionStackNavigator
FN:15,(anonymous_1)
FN:18,(anonymous_2)
FN:22,(anonymous_3)
FNF:4
FNH:4
FNDA:1,SessionStackNavigator
FNDA:1,(anonymous_1)
FNDA:1,(anonymous_2)
FNDA:1,(anonymous_3)
DA:7,2
DA:11,1
DA:12,1
DA:15,1
DA:18,1
DA:22,1
LF:6
LH:6
BRF:0
BRH:0
end_of_record
TN:
SF:components/Navigation/TabNavigator.tsx
FN:12,(anonymous_0)
FN:15,(anonymous_1)
FN:18,(anonymous_2)
FN:19,(anonymous_3)
FN:35,(anonymous_4)
FN:38,(anonymous_5)
FN:41,(anonymous_6)
FNF:7
FNH:5
FNDA:1,(anonymous_0)
FNDA:1,(anonymous_1)
FNDA:0,(anonymous_2)
FNDA:0,(anonymous_3)
FNDA:1,(anonymous_4)
FNDA:1,(anonymous_5)
FNDA:1,(anonymous_6)
DA:11,2
DA:12,2
DA:15,1
DA:16,1
DA:18,0
DA:21,0
DA:22,0
DA:23,0
DA:24,0
DA:25,0
DA:26,0
DA:29,0
DA:35,1
DA:38,1
DA:41,1
LF:15
LH:7
BRDA:21,0,0,0
BRDA:21,0,1,0
BRDA:22,1,0,0
BRDA:22,1,1,0
BRDA:23,2,0,0
BRDA:23,2,1,0
BRDA:24,3,0,0
BRDA:24,3,1,0
BRDA:25,4,0,0
BRDA:25,4,1,0
BRDA:26,5,0,0
BRDA:26,5,1,0
BRF:12
BRH:0
end_of_record
TN:
SF:components/ParkPass/ParkPassCard.tsx
FN:14,(anonymous_0)
FN:70,(anonymous_1)
FN:85,(anonymous_2)
FNF:3
FNH:3
FNDA:320,(anonymous_0)
FNDA:2,(anonymous_1)
FNDA:160,(anonymous_2)
DA:14,3
DA:16,320
DA:18,320
DA:72,2
DA:85,160
DA:93,3
LF:6
LH:6
BRDA:22,0,0,320
BRDA:22,0,1,121
BRDA:30,1,0,320
BRDA:30,1,1,121
BRDA:39,2,0,320
BRDA:39,2,1,121
BRDA:39,2,2,277
BRDA:65,3,0,7
BRDA:65,3,1,313
BRDA:65,4,0,320
BRDA:65,4,1,11
BRDA:65,4,2,6
BRF:12
BRH:12
end_of_record
TN:
SF:components/Session/ActiveSession.tsx
FN:60,(anonymous_0)
FN:81,(anonymous_1)
FN:82,(anonymous_2)
FN:90,(anonymous_3)
FN:91,(anonymous_4)
FN:95,(anonymous_5)
FN:102,(anonymous_6)
FN:104,(anonymous_7)
FN:109,(anonymous_8)
FN:113,(anonymous_9)
FN:132,(anonymous_10)
FN:137,(anonymous_11)
FN:147,(anonymous_12)
FN:153,handleShowQuitSessionModal
FN:160,handleContinueSession
FN:167,(anonymous_15)
FN:175,(anonymous_16)
FN:180,(anonymous_17)
FN:192,(anonymous_18)
FN:200,(anonymous_19)
FN:205,(anonymous_20)
FN:217,(anonymous_21)
FN:221,(anonymous_22)
FN:230,(anonymous_23)
FN:235,updateSessionTokens
FN:239,(anonymous_25)
FN:243,(anonymous_26)
FN:244,(anonymous_27)
FN:258,(anonymous_28)
FN:262,(anonymous_29)
FN:267,(anonymous_30)
FN:312,(anonymous_31)
FN:327,(anonymous_32)
FN:357,(anonymous_33)
FN:364,(anonymous_34)
FN:443,(anonymous_35)
FNF:36
FNH:19
FNDA:12,(anonymous_0)
FNDA:0,(anonymous_1)
FNDA:0,(anonymous_2)
FNDA:0,(anonymous_3)
FNDA:0,(anonymous_4)
FNDA:0,(anonymous_5)
FNDA:4,(anonymous_6)
FNDA:8,(anonymous_7)
FNDA:4,(anonymous_8)
FNDA:0,(anonymous_9)
FNDA:4,(anonymous_10)
FNDA:7,(anonymous_11)
FNDA:7,(anonymous_12)
FNDA:2,handleShowQuitSessionModal
FNDA:1,handleContinueSession
FNDA:0,(anonymous_15)
FNDA:0,(anonymous_16)
FNDA:0,(anonymous_17)
FNDA:0,(anonymous_18)
FNDA:0,(anonymous_19)
FNDA:0,(anonymous_20)
FNDA:4,(anonymous_21)
FNDA:0,(anonymous_22)
FNDA:4,(anonymous_23)
FNDA:4,updateSessionTokens
FNDA:4,(anonymous_25)
FNDA:9,(anonymous_26)
FNDA:0,(anonymous_27)
FNDA:9,(anonymous_28)
FNDA:5,(anonymous_29)
FNDA:5,(anonymous_30)
FNDA:0,(anonymous_31)
FNDA:0,(anonymous_32)
FNDA:72,(anonymous_33)
FNDA:0,(anonymous_34)
FNDA:7,(anonymous_35)
DA:60,4
DA:75,12
DA:76,12
DA:77,12
DA:78,12
DA:79,12
DA:80,12
DA:82,0
DA:90,12
DA:91,0
DA:94,12
DA:96,0
DA:97,0
DA:102,12
DA:104,12
DA:105,8
DA:106,8
DA:109,12
DA:110,4
DA:112,4
DA:113,0
DA:114,0
DA:132,4
DA:133,4
DA:137,12
DA:138,7
DA:144,7
DA:147,12
DA:148,7
DA:149,7
DA:154,2
DA:156,2
DA:157,2
DA:161,1
DA:162,1
DA:167,12
DA:168,0
DA:169,0
DA:175,0
DA:180,0
DA:188,0
DA:192,12
DA:193,0
DA:194,0
DA:200,0
DA:205,0
DA:213,0
DA:217,12
DA:218,4
DA:220,4
DA:221,0
DA:222,0
DA:223,0
DA:225,0
DA:230,4
DA:231,4
DA:236,4
DA:239,12
DA:240,4
DA:243,12
DA:244,9
DA:245,0
DA:246,0
DA:247,0
DA:248,0
DA:250,0
DA:253,0
DA:257,9
DA:258,9
DA:261,12
DA:264,5
DA:265,1
DA:267,5
DA:269,5
DA:270,1
DA:277,12
DA:313,0
DA:327,0
DA:357,4
DA:358,72
DA:364,4
DA:365,0
DA:370,4
DA:443,7
DA:452,4
LF:85
LH:56
BRDA:106,0,0,8
BRDA:106,0,1,0
BRDA:106,0,2,0
BRDA:106,0,3,0
BRDA:112,1,0,0
BRDA:112,1,1,4
BRDA:133,2,0,0
BRDA:133,2,1,4
BRDA:144,3,0,0
BRDA:144,3,1,7
BRDA:148,4,0,7
BRDA:148,4,1,0
BRDA:148,5,0,7
BRDA:148,5,1,7
BRDA:148,5,2,7
BRDA:148,5,3,7
BRDA:220,6,0,0
BRDA:220,6,1,4
BRDA:222,7,0,0
BRDA:222,7,1,0
BRDA:231,8,0,0
BRDA:231,8,1,4
BRDA:245,9,0,0
BRDA:245,9,1,0
BRDA:246,10,0,0
BRDA:246,10,1,0
BRDA:246,11,0,0
BRDA:246,11,1,0
BRDA:248,12,0,0
BRDA:248,12,1,0
BRDA:248,13,0,0
BRDA:248,13,1,0
BRDA:264,14,0,1
BRDA:264,14,1,4
BRDA:269,15,0,1
BRDA:269,15,1,4
BRDA:313,16,0,0
BRDA:313,16,1,0
BRDA:320,17,0,4
BRDA:320,17,1,8
BRDA:326,18,0,12
BRDA:326,18,1,0
BRF:42
BRH:18
end_of_record
TN:
SF:components/Session/ActiveSessionBackpack.tsx
FN:5,(anonymous_0)
FN:11,(anonymous_1)
FNF:2
FNH:2
FNDA:12,(anonymous_0)
FNDA:48,(anonymous_1)
DA:5,4
DA:7,12
DA:8,12
DA:12,48
DA:13,0
LF:5
LH:4
BRDA:7,0,0,12
BRDA:7,0,1,0
BRDA:12,1,0,0
BRDA:12,1,1,48
BRF:4
BRH:2
end_of_record
TN:
SF:components/Session/BackpackModal.tsx
FN:14,(anonymous_0)
FN:22,(anonymous_1)
FN:24,(anonymous_2)
FN:27,(anonymous_3)
FN:48,(anonymous_4)
FN:57,(anonymous_5)
FN:80,(anonymous_6)
FNF:7
FNH:2
FNDA:28,(anonymous_0)
FNDA:0,(anonymous_1)
FNDA:0,(anonymous_2)
FNDA:0,(anonymous_3)
FNDA:112,(anonymous_4)
FNDA:0,(anonymous_5)
FNDA:0,(anonymous_6)
DA:14,3
DA:22,28
DA:23,0
DA:24,0
DA:27,0
DA:28,0
DA:29,0
DA:32,0
DA:33,0
DA:34,0
DA:35,0
DA:38,0
DA:41,28
DA:49,112
DA:58,0
DA:59,0
DA:61,0
DA:81,0
DA:103,3
LF:19
LH:5
BRDA:27,0,0,0
BRDA:27,0,1,0
BRDA:27,1,0,0
BRDA:27,1,1,0
BRDA:32,2,0,0
BRDA:32,2,1,0
BRDA:54,3,0,28
BRDA:54,3,1,84
BRDA:58,4,0,0
BRDA:58,4,1,0
BRDA:59,5,0,0
BRDA:59,5,1,0
BRDA:68,6,0,28
BRDA:68,6,1,84
BRDA:71,7,0,112
BRDA:71,7,1,112
BRDA:71,8,0,28
BRDA:71,8,1,84
BRDA:79,9,0,0
BRDA:79,9,1,28
BRF:20
BRH:9
end_of_record
TN:
SF:components/Session/ContinueSessionModal.tsx
FN:4,(anonymous_0)
FNF:1
FNH:1
FNDA:28,(anonymous_0)
DA:4,5
DA:5,28
DA:6,28
DA:7,28
DA:38,5
LF:5
LH:5
BRF:0
BRH:0
end_of_record
TN:
SF:components/Session/NewSessionOptions.tsx
FN:35,(anonymous_0)
FN:51,(anonymous_1)
FN:60,(anonymous_2)
FN:65,(anonymous_3)
FN:100,(anonymous_4)
FN:105,(anonymous_5)
FN:111,(anonymous_6)
FN:126,(anonymous_7)
FN:150,(anonymous_8)
FN:161,(anonymous_9)
FN:166,(anonymous_10)
FN:167,(anonymous_11)
FN:208,(anonymous_12)
FN:218,(anonymous_13)
FNF:14
FNH:10
FNDA:28,(anonymous_0)
FNDA:2,(anonymous_1)
FNDA:2,(anonymous_2)
FNDA:8,(anonymous_3)
FNDA:2,(anonymous_4)
FNDA:2,(anonymous_5)
FNDA:0,(anonymous_6)
FNDA:672,(anonymous_7)
FNDA:4,(anonymous_8)
FNDA:0,(anonymous_9)
FNDA:112,(anonymous_10)
FNDA:0,(anonymous_11)
FNDA:0,(anonymous_12)
FNDA:7,(anonymous_13)
DA:35,3
DA:46,28
DA:47,28
DA:48,28
DA:49,28
DA:51,28
DA:52,2
DA:53,2
DA:61,2
DA:62,2
DA:63,2
DA:65,2
DA:66,8
DA:67,0
DA:69,0
DA:70,0
DA:71,0
DA:73,0
DA:74,0
DA:76,0
DA:78,0
DA:80,0
DA:81,0
DA:83,0
DA:84,0
DA:86,0
DA:88,0
DA:90,0
DA:92,0
DA:94,0
DA:99,2
DA:100,2
DA:105,2
DA:111,0
DA:121,28
DA:126,672
DA:150,4
DA:161,0
DA:166,112
DA:167,0
DA:208,0
DA:218,7
DA:226,3
LF:43
LH:22
BRDA:52,0,0,2
BRDA:52,0,1,0
BRDA:61,1,0,2
BRDA:61,1,1,0
BRDA:66,2,0,0
BRDA:66,2,1,8
BRDA:67,3,0,0
BRDA:67,3,1,0
BRDA:67,3,2,0
BRDA:67,3,3,0
BRDA:67,3,4,0
BRDA:67,3,5,0
BRDA:67,3,6,0
BRDA:67,3,7,0
BRDA:126,4,0,28
BRDA:126,4,1,8
BRDA:166,5,0,28
BRDA:166,5,1,0
BRDA:178,6,0,16
BRDA:178,6,1,12
BRDA:178,7,0,28
BRDA:178,7,1,12
BRDA:185,8,0,28
BRDA:185,8,1,12
BRF:24
BRH:12
end_of_record
TN:
SF:components/Session/QuitSessionModal.tsx
FN:4,(anonymous_0)
FNF:1
FNH:1
FNDA:12,(anonymous_0)
DA:4,4
DA:5,12
DA:7,12
DA:29,4
LF:4
LH:4
BRDA:13,0,0,12
BRDA:13,0,1,0
BRF:2
BRH:1
end_of_record
TN:
SF:components/Session/SettingsModal.tsx
FN:7,(anonymous_0)
FN:22,(anonymous_1)
FN:36,(anonymous_2)
FN:56,(anonymous_3)
FN:81,(anonymous_4)
FN:98,(anonymous_5)
FN:115,(anonymous_6)
FN:129,(anonymous_7)
FN:130,(anonymous_8)
FN:144,(anonymous_9)
FN:145,(anonymous_10)
FN:154,(anonymous_11)
FNF:12
FNH:3
FNDA:28,(anonymous_0)
FNDA:0,(anonymous_1)
FNDA:3,(anonymous_2)
FNDA:0,(anonymous_3)
FNDA:0,(anonymous_4)
FNDA:0,(anonymous_5)
FNDA:0,(anonymous_6)
FNDA:0,(anonymous_7)
FNDA:0,(anonymous_8)
FNDA:0,(anonymous_9)
FNDA:0,(anonymous_10)
FNDA:3,(anonymous_11)
DA:7,3
DA:17,28
DA:22,0
DA:36,3
DA:57,0
DA:82,0
DA:99,0
DA:116,0
DA:130,0
DA:145,0
DA:154,3
DA:165,3
LF:12
LH:5
BRDA:130,0,0,0
BRDA:130,0,1,0
BRDA:142,1,0,0
BRDA:142,1,1,28
BRF:4
BRH:1
end_of_record
TN:
SF:components/Stats/SessionList.tsx
FN:12,(anonymous_0)
FN:14,(anonymous_1)
FN:40,(anonymous_2)
FNF:3
FNH:3
FNDA:5,(anonymous_0)
FNDA:5,(anonymous_1)
FNDA:7,(anonymous_2)
DA:12,4
DA:14,5
DA:15,5
DA:35,5
DA:40,7
DA:48,4
LF:6
LH:6
BRDA:20,0,0,5
BRDA:20,0,1,0
BRF:2
BRH:1
end_of_record
TN:
SF:components/Stats/Stats.tsx
FN:16,(anonymous_0)
FN:32,(anonymous_1)
FNF:2
FNH:2
FNDA:23,(anonymous_0)
FNDA:9,(anonymous_1)
DA:16,4
DA:22,23
DA:23,23
DA:24,23
DA:27,23
DA:28,23
DA:30,23
DA:32,23
DA:33,9
DA:43,23
DA:75,4
LF:11
LH:11
BRDA:58,0,0,23
BRDA:58,0,1,21
BRDA:64,1,0,23
BRDA:64,1,1,21
BRF:4
BRH:4
end_of_record
TN:
SF:components/Timer/SessionTimer.tsx
FN:20,(anonymous_0)
FN:30,(anonymous_1)
FN:34,(anonymous_2)
FN:35,(anonymous_3)
FN:59,(anonymous_4)
FNF:5
FNH:3
FNDA:12,(anonymous_0)
FNDA:8,(anonymous_1)
FNDA:0,(anonymous_2)
FNDA:0,(anonymous_3)
FNDA:8,(anonymous_4)
DA:20,4
DA:28,12
DA:30,12
DA:33,8
DA:34,1
DA:35,0
DA:36,0
DA:37,0
DA:38,0
DA:41,0
DA:42,0
DA:51,0
DA:53,0
DA:59,8
DA:60,8
DA:61,1
DA:66,12
DA:85,4
LF:18
LH:10
BRDA:33,0,0,1
BRDA:33,0,1,7
BRDA:33,1,0,8
BRDA:33,1,1,1
BRDA:33,1,2,1
BRDA:36,2,0,0
BRDA:36,2,1,0
BRDA:41,3,0,0
BRDA:41,3,1,0
BRDA:60,4,0,1
BRDA:60,4,1,7
BRDA:71,5,0,12
BRDA:71,5,1,8
BRDA:71,5,2,4
BRDA:73,6,0,4
BRDA:73,6,1,8
BRDA:75,7,0,0
BRDA:75,7,1,8
BRF:18
BRH:13
end_of_record
TN:
SF:components/Trails/BuyTrailModal.tsx
FN:13,(anonymous_0)
FN:31,(anonymous_1)
FN:59,(anonymous_2)
FNF:3
FNH:0
FNDA:0,(anonymous_0)
FNDA:0,(anonymous_1)
FNDA:0,(anonymous_2)
DA:13,2
DA:20,0
DA:21,0
DA:23,0
DA:31,0
DA:32,0
DA:33,0
DA:34,0
DA:36,0
DA:40,0
DA:60,0
DA:61,0
DA:77,2
LF:13
LH:2
BRDA:23,0,0,0
BRDA:23,0,1,0
BRDA:25,1,0,0
BRDA:25,1,1,0
BRDA:27,2,0,0
BRDA:27,2,1,0
BRDA:32,3,0,0
BRDA:32,3,1,0
BRDA:55,4,0,0
BRDA:55,4,1,0
BRF:10
BRH:0
end_of_record
TN:
SF:components/Trails/TrailCard.tsx
FN:14,(anonymous_0)
FN:23,(anonymous_1)
FN:72,(anonymous_2)
FNF:3
FNH:2
FNDA:5,(anonymous_0)
FNDA:0,(anonymous_1)
FNDA:5,(anonymous_2)
DA:14,2
DA:21,5
DA:23,5
DA:25,0
DA:33,5
DA:72,5
DA:78,2
DA:81,2
LF:8
LH:7
BRDA:37,0,0,4
BRDA:37,0,1,1
BRDA:46,1,0,0
BRDA:46,1,1,5
BRF:4
BRH:3
end_of_record
TN:
SF:contexts/InternetConnectionProvider.tsx
FN:6,(anonymous_0)
FN:10,(anonymous_1)
FN:20,(anonymous_2)
FN:25,(anonymous_3)
FN:31,(anonymous_4)
FNF:5
FNH:5
FNDA:158,(anonymous_0)
FNDA:102,(anonymous_1)
FNDA:51,(anonymous_2)
FNDA:51,(anonymous_3)
FNDA:51,(anonymous_4)
DA:4,13
DA:6,13
DA:7,158
DA:8,158
DA:10,158
DA:11,102
DA:12,102
DA:13,99
DA:15,3
DA:20,158
DA:21,51
DA:22,51
DA:25,158
DA:27,51
DA:29,51
DA:31,51
DA:32,51
DA:33,51
DA:35,0
DA:40,158
LF:20
LH:19
BRDA:12,0,0,99
BRDA:12,0,1,3
BRDA:12,1,0,102
BRDA:12,1,1,99
BRDA:32,2,0,51
BRDA:32,2,1,0
BRF:6
BRH:5
end_of_record
TN:
SF:helpers/ErrorHandler.tsx
FN:1,handleError
FNF:1
FNH:1
FNDA:4,handleError
DA:2,4
LF:1
LH:1
BRF:0
BRH:0
end_of_record
TN:
SF:helpers/calculateEstimatedTime.js
FN:1,calculateEstimatedTime
FNF:1
FNH:1
FNDA:5,calculateEstimatedTime
DA:2,5
DA:3,5
DA:4,5
DA:6,5
DA:7,2
DA:9,3
DA:10,3
DA:11,3
LF:8
LH:8
BRDA:6,0,0,2
BRDA:6,0,1,3
BRDA:11,1,0,2
BRDA:11,1,1,1
BRF:4
BRH:4
end_of_record
TN:
SF:helpers/formatDateTime.ts
FN:1,formatDateTime
FNF:1
FNH:1
FNDA:6,formatDateTime
DA:2,6
DA:3,6
DA:4,6
DA:5,6
DA:6,6
DA:7,6
DA:8,6
DA:9,6
LF:8
LH:8
BRF:0
BRH:0
end_of_record
TN:
SF:helpers/formatTime.tsx
FN:1,(anonymous_0)
FNF:1
FNH:1
FNDA:28,(anonymous_0)
DA:1,5
DA:2,28
DA:3,28
DA:4,28
DA:6,28
DA:8,28
DA:9,3
DA:12,28
DA:13,6
DA:16,28
DA:17,0
DA:20,28
LF:12
LH:11
BRDA:8,0,0,3
BRDA:8,0,1,25
BRDA:12,1,0,6
BRDA:12,1,1,22
BRDA:16,2,0,0
BRDA:16,2,1,28
BRF:6
BRH:5
end_of_record
TN:
SF:helpers/isToday.ts
FN:2,isToday
FNF:1
FNH:1
FNDA:12,isToday
DA:4,12
DA:5,12
DA:6,12
DA:7,12
DA:8,12
DA:11,12
LF:6
LH:6
BRDA:6,0,0,0
BRDA:6,0,1,12
BRDA:12,1,0,12
BRDA:12,1,1,12
BRDA:12,1,2,12
BRF:5
BRH:4
end_of_record
TN:
SF:helpers/isYesterday.ts
FN:2,isYesterday
FNF:1
FNH:1
FNDA:8,isYesterday
DA:3,8
DA:4,8
DA:5,8
DA:6,8
DA:7,8
DA:10,8
LF:6
LH:6
BRDA:3,0,0,0
BRDA:3,0,1,8
BRDA:11,1,0,8
BRDA:11,1,1,8
BRDA:11,1,2,8
BRF:5
BRH:4
end_of_record
TN:
SF:helpers/searchFilter.ts
FN:1,(anonymous_0)
FN:12,(anonymous_1)
FN:14,(anonymous_2)
FN:24,(anonymous_3)
FN:28,(anonymous_4)
FNF:5
FNH:0
FNDA:0,(anonymous_0)
FNDA:0,(anonymous_1)
FNDA:0,(anonymous_2)
FNDA:0,(anonymous_3)
FNDA:0,(anonymous_4)
DA:1,2
DA:9,0
DA:12,0
DA:14,0
DA:15,0
DA:16,0
DA:17,0
DA:19,0
DA:20,0
DA:24,0
DA:25,0
DA:26,0
DA:28,0
DA:29,0
DA:34,0
DA:37,0
DA:41,0
DA:42,0
LF:18
LH:1
BRDA:7,0,0,0
BRDA:25,1,0,0
BRDA:25,1,1,0
BRDA:34,2,0,0
BRDA:34,2,1,0
BRF:5
BRH:0
end_of_record
TN:
SF:helpers/Achievements/AchievementManager.ts
FN:21,(anonymous_0)
FN:25,(anonymous_1)
FN:32,(anonymous_2)
FN:42,(anonymous_3)
FN:79,(anonymous_4)
FN:92,(anonymous_5)
FN:103,(anonymous_6)
FN:118,(anonymous_7)
FN:128,(anonymous_8)
FN:149,(anonymous_9)
FNF:10
FNH:3
FNDA:4,(anonymous_0)
FNDA:4,(anonymous_1)
FNDA:0,(anonymous_2)
FNDA:0,(anonymous_3)
FNDA:0,(anonymous_4)
FNDA:0,(anonymous_5)
FNDA:0,(anonymous_6)
FNDA:0,(anonymous_7)
FNDA:0,(anonymous_8)
FNDA:7,(anonymous_9)
DA:17,4
DA:18,4
DA:19,4
DA:26,4
DA:27,4
DA:29,4
DA:33,0
DA:34,0
DA:35,0
DA:37,0
DA:38,0
DA:46,0
DA:47,0
DA:48,0
DA:50,0
DA:52,0
DA:53,0
DA:55,0
DA:56,0
DA:61,0
DA:65,0
DA:69,0
DA:73,0
DA:75,0
DA:84,0
DA:85,0
DA:86,0
DA:88,0
DA:90,0
DA:91,0
DA:92,0
DA:94,0
DA:95,0
DA:101,0
DA:102,0
DA:103,0
DA:106,0
DA:110,0
DA:116,0
DA:118,0
DA:120,0
DA:126,0
DA:128,0
DA:131,0
DA:139,0
DA:143,0
DA:145,0
DA:155,7
DA:156,0
DA:157,0
DA:159,7
DA:161,7
DA:162,7
DA:164,7
DA:165,181
DA:169,30
DA:171,30
DA:178,0
DA:186,7
DA:190,0
DA:192,7
DA:198,4
LF:62
LH:17
BRDA:26,0,0,4
BRDA:26,0,1,0
BRDA:35,1,0,0
BRDA:35,1,1,0
BRDA:46,2,0,0
BRDA:46,2,1,0
BRDA:56,3,0,0
BRDA:56,3,1,0
BRDA:57,4,0,0
BRDA:57,4,1,0
BRDA:57,4,2,0
BRDA:69,5,0,0
BRDA:69,5,1,0
BRDA:84,6,0,0
BRDA:84,6,1,0
BRDA:95,7,0,0
BRDA:95,7,1,0
BRDA:96,8,0,0
BRDA:96,8,1,0
BRDA:96,8,2,0
BRDA:96,8,3,0
BRDA:102,9,0,0
BRDA:102,9,1,0
BRDA:106,10,0,0
BRDA:106,10,1,0
BRDA:107,11,0,0
BRDA:107,11,1,0
BRDA:116,12,0,0
BRDA:116,12,1,0
BRDA:117,13,0,0
BRDA:117,13,1,0
BRDA:126,14,0,0
BRDA:126,14,1,0
BRDA:127,15,0,0
BRDA:127,15,1,0
BRDA:139,16,0,0
BRDA:139,16,1,0
BRDA:155,17,0,0
BRDA:155,17,1,7
BRDA:165,18,0,30
BRDA:165,18,1,151
BRDA:166,19,0,181
BRDA:166,19,1,181
BRDA:171,20,0,0
BRDA:171,20,1,30
BRDA:172,21,0,30
BRDA:172,21,1,0
BRDA:186,22,0,0
BRDA:186,22,1,7
BRF:49
BRH:9
end_of_record
TN:
SF:helpers/Addons/addonImages.ts
FNF:0
FNH:0
DA:1,4
LF:1
LH:1
BRF:0
BRH:0
end_of_record
TN:
SF:helpers/Addons/useAddons.tsx
FN:6,(anonymous_0)
FN:12,(anonymous_1)
FN:13,(anonymous_2)
FNF:3
FNH:3
FNDA:3,(anonymous_0)
FNDA:1,(anonymous_1)
FNDA:1,(anonymous_2)
DA:6,2
DA:7,3
DA:8,3
DA:9,3
DA:10,3
DA:12,3
DA:13,1
DA:14,1
DA:15,1
DA:16,1
DA:17,0
DA:20,1
DA:21,1
DA:23,1
DA:24,0
DA:25,0
DA:29,1
DA:31,0
DA:32,0
DA:34,1
DA:38,1
DA:41,3
LF:22
LH:17
BRDA:16,0,0,0
BRDA:16,0,1,1
BRDA:23,1,0,0
BRDA:23,1,1,1
BRF:4
BRH:2
end_of_record
TN:
SF:helpers/Ranks/getUserRank.ts
FN:9,getUserRank
FNF:1
FNH:1
FNDA:29,getUserRank
DA:10,29
DA:11,29
DA:12,29
DA:13,29
DA:15,29
DA:16,187
DA:17,29
DA:18,158
DA:19,88
DA:20,88
DA:21,70
DA:22,70
DA:23,70
DA:26,0
DA:27,0
LF:15
LH:13
BRDA:10,0,0,29
BRDA:10,0,1,0
BRDA:16,1,0,29
BRDA:16,1,1,158
BRDA:16,2,0,187
BRDA:16,2,1,99
BRDA:18,3,0,88
BRDA:18,3,1,70
BRDA:21,4,0,70
BRDA:21,4,1,0
BRF:10
BRH:8
end_of_record
TN:
SF:helpers/Ranks/ranksData.ts
FNF:0
FNH:0
DA:8,6
LF:1
LH:1
BRF:0
BRH:0
end_of_record
TN:
SF:helpers/Session/Rewards.ts
FN:8,(anonymous_0)
FN:9,(anonymous_1)
FN:16,(anonymous_2)
FN:54,(anonymous_3)
FN:62,(anonymous_4)
FNF:5
FNH:1
FNDA:0,(anonymous_0)
FNDA:0,(anonymous_1)
FNDA:9,(anonymous_2)
FNDA:0,(anonymous_3)
FNDA:0,(anonymous_4)
DA:6,5
DA:8,5
DA:9,0
DA:16,5
DA:26,9
DA:29,9
DA:32,3
DA:35,3
DA:36,3
DA:39,3
DA:44,3
DA:45,3
DA:46,0
DA:49,3
DA:51,3
DA:54,3
DA:59,3
DA:62,5
DA:71,0
DA:72,0
DA:73,0
DA:75,0
DA:77,0
LF:23
LH:16
BRDA:29,0,0,6
BRDA:29,0,1,3
BRDA:39,1,0,0
BRDA:39,1,1,3
BRDA:45,2,0,0
BRDA:45,2,1,3
BRF:6
BRH:4
end_of_record
TN:
SF:helpers/Session/checkDailyStreak.ts
FN:7,checkDailyStreak
FNF:1
FNH:1
FNDA:7,checkDailyStreak
DA:8,7
DA:9,0
DA:10,0
DA:13,7
DA:14,7
DA:17,7
DA:19,3
DA:20,1
DA:22,3
DA:23,2
DA:25,2
DA:28,2
DA:32,3
LF:13
LH:11
BRDA:8,0,0,0
BRDA:8,0,1,7
BRDA:17,1,0,4
BRDA:17,1,1,3
BRDA:19,2,0,1
BRDA:19,2,1,2
BRDA:19,3,0,3
BRDA:19,3,1,3
BRDA:22,4,0,2
BRDA:22,4,1,1
BRDA:25,5,0,0
BRDA:25,5,1,2
BRF:12
BRH:10
end_of_record
TN:
SF:helpers/Session/newSessionHandlers.ts
FN:11,(anonymous_0)
FN:34,(anonymous_1)
FN:47,(anonymous_2)
FN:49,(anonymous_3)
FN:55,(anonymous_4)
FN:61,(anonymous_5)
FN:66,(anonymous_6)
FN:70,(anonymous_7)
FN:75,(anonymous_8)
FN:79,(anonymous_9)
FN:84,(anonymous_10)
FN:88,(anonymous_11)
FN:95,(anonymous_12)
FN:104,(anonymous_13)
FN:122,(anonymous_14)
FNF:15
FNH:5
FNDA:2,(anonymous_0)
FNDA:0,(anonymous_1)
FNDA:0,(anonymous_2)
FNDA:0,(anonymous_3)
FNDA:3,(anonymous_4)
FNDA:3,(anonymous_5)
FNDA:0,(anonymous_6)
FNDA:0,(anonymous_7)
FNDA:0,(anonymous_8)
FNDA:0,(anonymous_9)
FNDA:0,(anonymous_10)
FNDA:0,(anonymous_11)
FNDA:3,(anonymous_12)
FNDA:2,(anonymous_13)
FNDA:0,(anonymous_14)
DA:9,4
DA:11,4
DA:15,2
DA:16,1
DA:19,1
DA:20,1
DA:24,1
DA:26,1
DA:28,0
DA:30,0
DA:34,4
DA:40,0
DA:42,0
DA:46,0
DA:47,0
DA:49,0
DA:51,0
DA:55,4
DA:61,3
DA:62,3
DA:66,4
DA:70,0
DA:71,0
DA:75,4
DA:79,0
DA:80,0
DA:84,4
DA:88,0
DA:89,0
DA:95,4
DA:103,3
DA:104,3
DA:105,2
DA:108,3
DA:109,3
DA:110,3
DA:111,3
DA:120,3
DA:122,0
DA:123,0
DA:131,0
LF:41
LH:24
BRDA:15,0,0,1
BRDA:15,0,1,1
BRDA:15,1,0,2
BRDA:15,1,1,1
BRDA:24,2,0,1
BRDA:24,2,1,0
BRDA:46,3,0,0
BRDA:46,3,1,0
BRDA:46,4,0,0
BRDA:46,4,1,0
BRDA:109,5,0,3
BRDA:109,5,1,0
BRDA:109,6,0,3
BRDA:109,6,1,3
BRF:14
BRH:8
end_of_record
TN:
SF:helpers/Session/timeOptions.ts
FNF:0
FNH:0
DA:1,4
LF:1
LH:1
BRF:0
BRH:0
end_of_record
TN:
SF:helpers/Stats/FilterFunction.ts
FN:1,(anonymous_0)
FN:10,(anonymous_1)
FN:55,(anonymous_2)
FNF:3
FNH:3
FNDA:3,(anonymous_0)
FNDA:12,(anonymous_1)
FNDA:7,(anonymous_2)
DA:1,4
DA:9,3
DA:11,12
DA:12,12
DA:13,12
DA:15,4
DA:20,0
DA:25,0
DA:30,0
DA:35,0
DA:40,0
DA:45,4
DA:52,4
DA:56,7
DA:62,3
DA:65,3
LF:16
LH:11
BRDA:13,0,0,4
BRDA:13,0,1,0
BRDA:13,0,2,0
BRDA:13,0,3,0
BRDA:13,0,4,0
BRDA:13,0,5,0
BRDA:13,0,6,4
BRDA:13,0,7,4
BRDA:57,1,0,7
BRDA:57,1,1,0
BRF:10
BRH:4
end_of_record
TN:
SF:helpers/Stats/GetSessionStats.ts
FN:25,(anonymous_0)
FN:44,(anonymous_1)
FN:49,(anonymous_2)
FN:54,(anonymous_3)
FN:68,(anonymous_4)
FN:75,(anonymous_5)
FN:80,(anonymous_6)
FN:89,(anonymous_7)
FN:96,(anonymous_8)
FN:103,(anonymous_9)
FN:106,(anonymous_10)
FNF:11
FNH:11
FNDA:10,(anonymous_0)
FNDA:15,(anonymous_1)
FNDA:15,(anonymous_2)
FNDA:15,(anonymous_3)
FNDA:15,(anonymous_4)
FNDA:9,(anonymous_5)
FNDA:15,(anonymous_6)
FNDA:3,(anonymous_7)
FNDA:15,(anonymous_8)
FNDA:4,(anonymous_9)
FNDA:9,(anonymous_10)
DA:25,5
DA:42,10
DA:44,15
DA:47,10
DA:49,15
DA:54,10
DA:56,15
DA:57,15
DA:59,15
DA:64,15
DA:68,10
DA:69,15
DA:70,15
DA:75,10
DA:76,9
DA:80,10
DA:82,15
DA:85,15
DA:88,10
DA:89,3
DA:91,10
DA:93,10
DA:96,10
DA:97,15
DA:98,15
DA:102,10
DA:103,4
DA:105,10
DA:107,9
DA:111,10
DA:112,10
DA:113,10
DA:114,10
DA:115,10
DA:116,10
LF:35
LH:35
BRDA:59,0,0,4
BRDA:59,0,1,11
BRDA:59,1,0,15
BRDA:59,1,1,14
BRDA:61,2,0,0
BRDA:61,2,1,11
BRDA:61,3,0,11
BRDA:61,3,1,10
BRDA:69,4,0,15
BRDA:69,4,1,9
BRDA:76,5,0,3
BRDA:76,5,1,6
BRDA:84,6,0,15
BRDA:84,6,1,8
BRDA:97,7,0,15
BRDA:97,7,1,9
BRF:16
BRH:15
end_of_record
TN:
SF:helpers/Timer/formatCountdown.ts
FN:9,formatCountdown
FNF:1
FNH:1
FNDA:52,formatCountdown
DA:13,52
DA:16,52
DA:17,52
DA:20,52
LF:4
LH:4
BRDA:17,0,0,12
BRDA:17,0,1,40
BRDA:18,1,0,52
BRDA:18,1,1,0
BRF:4
BRH:3
end_of_record
TN:
SF:helpers/Timer/getBetterTime.ts
FN:1,getBetterTime
FNF:1
FNH:0
FNDA:0,getBetterTime
DA:4,0
DA:7,0
DA:10,0
DA:14,0
DA:17,0
LF:5
LH:0
BRDA:17,0,0,0
BRDA:17,0,1,0
BRF:2
BRH:0
end_of_record
TN:
SF:helpers/Timer/getTimeDifference.ts
FN:11,getTimeDifference
FNF:1
FNH:0
FNDA:0,getTimeDifference
DA:12,0
DA:13,0
DA:15,0
DA:16,0
DA:18,0
DA:19,0
DA:20,0
DA:22,0
DA:26,0
LF:9
LH:0
BRF:0
BRH:0
end_of_record
TN:
SF:helpers/Timer/nextHundredthMileSeconds.ts
FN:1,NextHundredthMileSeconds
FNF:1
FNH:1
FNDA:4,NextHundredthMileSeconds
DA:2,4
LF:1
LH:1
BRF:0
BRH:0
end_of_record
TN:
SF:helpers/Timer/timerFlow.ts
FN:26,increaseDistanceHiked
FN:57,(anonymous_1)
FN:81,(anonymous_2)
FN:92,(anonymous_3)
FN:111,(anonymous_4)
FN:122,(anonymous_5)
FN:135,(anonymous_6)
FN:147,updateUsersTrailAndQueue
FN:174,(anonymous_8)
FN:194,resetTimerState
FN:195,(anonymous_10)
FN:214,resetSessionState
FN:217,(anonymous_12)
FN:245,resumeSession
FN:248,(anonymous_14)
FN:254,pauseSession
FN:267,(anonymous_16)
FN:268,(anonymous_17)
FN:271,(anonymous_18)
FN:280,endSession
FN:301,(anonymous_20)
FN:308,checkPaceIncrease
FN:337,(anonymous_22)
FN:342,(anonymous_23)
FN:349,skipBreak
FN:356,(anonymous_25)
FN:364,(anonymous_26)
FN:380,isTrailCompleted
FN:485,updateSession
FNF:29
FNH:5
FNDA:0,increaseDistanceHiked
FNDA:0,(anonymous_1)
FNDA:0,(anonymous_2)
FNDA:0,(anonymous_3)
FNDA:0,(anonymous_4)
FNDA:0,(anonymous_5)
FNDA:0,(anonymous_6)
FNDA:0,updateUsersTrailAndQueue
FNDA:0,(anonymous_8)
FNDA:0,resetTimerState
FNDA:0,(anonymous_10)
FNDA:0,resetSessionState
FNDA:0,(anonymous_12)
FNDA:2,resumeSession
FNDA:2,(anonymous_14)
FNDA:3,pauseSession
FNDA:2,(anonymous_16)
FNDA:2,(anonymous_17)
FNDA:0,(anonymous_18)
FNDA:0,endSession
FNDA:0,(anonymous_20)
FNDA:0,checkPaceIncrease
FNDA:0,(anonymous_22)
FNDA:0,(anonymous_23)
FNDA:0,skipBreak
FNDA:0,(anonymous_25)
FNDA:0,(anonymous_26)
FNDA:0,isTrailCompleted
FNDA:0,updateSession
DA:47,0
DA:51,0
DA:57,0
DA:58,0
DA:62,0
DA:69,0
DA:70,0
DA:73,0
DA:76,0
DA:81,4
DA:84,0
DA:85,0
DA:86,0
DA:90,0
DA:91,0
DA:92,0
DA:93,0
DA:98,0
DA:101,0
DA:104,0
DA:106,0
DA:109,0
DA:111,0
DA:112,0
DA:122,0
DA:123,0
DA:133,0
DA:135,0
DA:136,0
DA:156,0
DA:157,0
DA:159,0
DA:161,0
DA:167,0
DA:173,0
DA:174,0
DA:175,0
DA:185,0
DA:191,0
DA:195,0
DA:196,0
DA:217,0
DA:218,0
DA:248,2
DA:249,2
DA:260,3
DA:261,3
DA:262,3
DA:263,3
DA:265,3
DA:266,3
DA:267,3
DA:268,3
DA:271,0
DA:275,0
DA:293,0
DA:296,0
DA:297,0
DA:300,0
DA:301,0
DA:302,0
DA:317,0
DA:320,0
DA:323,0
DA:326,0
DA:329,0
DA:332,0
DA:335,0
DA:337,0
DA:340,0
DA:342,0
DA:354,0
DA:355,0
DA:356,0
DA:357,0
DA:364,0
DA:365,0
DA:373,0
DA:399,0
DA:400,0
DA:402,0
DA:403,0
DA:407,0
DA:410,0
DA:414,0
DA:416,0
DA:422,0
DA:430,0
DA:436,0
DA:438,0
DA:443,0
DA:444,0
DA:450,0
DA:452,0
DA:453,0
DA:459,0
DA:460,0
DA:461,0
DA:467,0
DA:469,0
DA:474,0
DA:475,0
DA:478,0
DA:481,0
DA:514,0
DA:515,0
DA:517,0
DA:529,0
DA:543,0
LF:109
LH:11
BRDA:69,0,0,0
BRDA:69,0,1,0
BRDA:69,1,0,0
BRDA:69,1,1,0
BRDA:90,2,0,0
BRDA:90,2,1,0
BRDA:104,3,0,0
BRDA:104,3,1,0
BRDA:109,4,0,0
BRDA:109,4,1,0
BRDA:133,5,0,0
BRDA:133,5,1,0
BRDA:161,6,0,0
BRDA:161,6,1,0
BRDA:173,7,0,0
BRDA:173,7,1,0
BRDA:260,8,0,3
BRDA:260,8,1,3
BRDA:263,9,0,3
BRDA:263,9,1,0
BRDA:266,10,0,3
BRDA:266,10,1,0
BRDA:317,11,0,0
BRDA:317,11,1,0
BRDA:320,12,0,0
BRDA:320,12,1,0
BRDA:320,12,2,0
BRDA:323,13,0,0
BRDA:323,13,1,0
BRDA:335,14,0,0
BRDA:335,14,1,0
BRDA:335,15,0,0
BRDA:335,15,1,0
BRDA:355,16,0,0
BRDA:355,16,1,0
BRDA:400,17,0,0
BRDA:400,17,1,0
BRDA:403,18,0,0
BRDA:403,18,1,0
BRDA:403,19,0,0
BRDA:403,19,1,0
BRDA:422,20,0,0
BRDA:422,20,1,0
BRDA:430,21,0,0
BRDA:430,21,1,0
BRDA:436,22,0,0
BRDA:436,22,1,0
BRDA:443,23,0,0
BRDA:443,23,1,0
BRDA:450,24,0,0
BRDA:450,24,1,0
BRDA:459,25,0,0
BRDA:459,25,1,0
BRDA:474,26,0,0
BRDA:474,26,1,0
BRDA:474,27,0,0
BRDA:474,27,1,0
BRDA:515,28,0,0
BRDA:515,28,1,0
BRF:59
BRH:4
end_of_record
TN:
SF:helpers/Websockets/HandleResponse.tsx
FN:1,(anonymous_0)
FN:14,reset
FN:50,(anonymous_2)
FN:66,(anonymous_3)
FN:67,(anonymous_4)
FN:72,(anonymous_5)
FN:75,(anonymous_6)
FN:76,(anonymous_7)
FN:81,(anonymous_8)
FN:82,(anonymous_9)
FN:83,(anonymous_10)
FN:89,(anonymous_11)
FN:97,(anonymous_12)
FN:107,(anonymous_13)
FN:112,(anonymous_14)
FN:120,(anonymous_15)
FN:125,(anonymous_16)
FN:126,(anonymous_17)
FN:135,(anonymous_18)
FN:136,(anonymous_19)
FN:140,(anonymous_20)
FN:141,(anonymous_21)
FN:145,(anonymous_22)
FN:146,(anonymous_23)
FN:157,(anonymous_24)
FNF:25
FNH:0
FNDA:0,(anonymous_0)
FNDA:0,reset
FNDA:0,(anonymous_2)
FNDA:0,(anonymous_3)
FNDA:0,(anonymous_4)
FNDA:0,(anonymous_5)
FNDA:0,(anonymous_6)
FNDA:0,(anonymous_7)
FNDA:0,(anonymous_8)
FNDA:0,(anonymous_9)
FNDA:0,(anonymous_10)
FNDA:0,(anonymous_11)
FNDA:0,(anonymous_12)
FNDA:0,(anonymous_13)
FNDA:0,(anonymous_14)
FNDA:0,(anonymous_15)
FNDA:0,(anonymous_16)
FNDA:0,(anonymous_17)
FNDA:0,(anonymous_18)
FNDA:0,(anonymous_19)
FNDA:0,(anonymous_20)
FNDA:0,(anonymous_21)
FNDA:0,(anonymous_22)
FNDA:0,(anonymous_23)
FNDA:0,(anonymous_24)
DA:1,3
DA:12,0
DA:15,0
DA:29,0
DA:40,0
DA:42,0
DA:44,0
DA:45,0
DA:46,0
DA:47,0
DA:50,0
DA:54,0
DA:55,0
DA:56,0
DA:57,0
DA:59,0
DA:62,0
DA:63,0
DA:66,0
DA:67,0
DA:68,0
DA:71,0
DA:72,0
DA:73,0
DA:75,0
DA:76,0
DA:77,0
DA:78,0
DA:81,0
DA:82,0
DA:83,0
DA:84,0
DA:87,0
DA:88,0
DA:89,0
DA:97,0
DA:107,0
DA:108,0
DA:111,0
DA:112,0
DA:120,0
DA:122,0
DA:125,0
DA:126,0
DA:127,0
DA:128,0
DA:131,0
DA:132,0
DA:135,0
DA:136,0
DA:137,0
DA:138,0
DA:140,0
DA:141,0
DA:142,0
DA:143,0
DA:145,0
DA:146,0
DA:147,0
DA:148,0
DA:153,0
DA:156,0
DA:157,0
DA:159,0
DA:160,0
DA:161,0
LF:66
LH:1
BRDA:42,0,0,0
BRDA:42,0,1,0
BRDA:42,0,2,0
BRDA:42,0,3,0
BRDA:42,0,4,0
BRDA:42,0,5,0
BRDA:42,0,6,0
BRDA:42,0,7,0
BRDA:42,0,8,0
BRDA:42,0,9,0
BRDA:42,0,10,0
BRDA:42,0,11,0
BRDA:42,0,12,0
BRDA:42,0,13,0
BRDA:42,0,14,0
BRDA:54,1,0,0
BRDA:54,1,1,0
BRDA:87,2,0,0
BRDA:87,2,1,0
BRDA:88,3,0,0
BRDA:88,3,1,0
BRDA:111,4,0,0
BRDA:111,4,1,0
BRDA:156,5,0,0
BRDA:156,5,1,0
BRDA:159,6,0,0
BRDA:159,6,1,0
BRF:27
BRH:0
end_of_record
TN:
SF:hooks/useAuth.ts
FN:14,useAuth
FN:31,(anonymous_1)
FN:42,(anonymous_2)
FN:48,(anonymous_3)
FN:83,(anonymous_4)
FN:125,(anonymous_5)
FNF:6
FNH:5
FNDA:120,useAuth
FNDA:49,(anonymous_1)
FNDA:49,(anonymous_2)
FNDA:2,(anonymous_3)
FNDA:4,(anonymous_4)
FNDA:0,(anonymous_5)
DA:15,120
DA:16,120
DA:17,120
DA:31,120
DA:32,49
DA:33,49
DA:34,49
DA:38,0
DA:42,120
DA:43,49
DA:47,120
DA:49,2
DA:50,2
DA:51,2
DA:52,0
DA:53,0
DA:56,2
DA:57,2
DA:59,1
DA:60,1
DA:62,0
DA:63,0
DA:66,2
DA:67,1
DA:68,1
DA:72,1
DA:73,1
DA:75,0
DA:82,120
DA:90,4
DA:91,4
DA:94,4
DA:95,0
DA:96,0
DA:98,4
DA:99,1
DA:100,1
DA:102,3
DA:103,3
DA:104,2
DA:105,2
DA:109,1
DA:112,1
DA:114,1
DA:115,1
DA:118,0
DA:125,120
DA:126,0
DA:128,0
DA:129,0
DA:130,0
DA:132,0
DA:136,120
LF:53
LH:39
BRDA:14,0,0,0
BRDA:33,1,0,49
BRDA:33,1,1,0
BRDA:51,2,0,0
BRDA:51,2,1,2
BRDA:51,3,0,2
BRDA:51,3,1,2
BRDA:57,4,0,1
BRDA:57,4,1,1
BRDA:57,5,0,2
BRDA:57,5,1,1
BRDA:60,6,0,0
BRDA:60,6,1,1
BRDA:66,7,0,1
BRDA:66,7,1,1
BRDA:94,8,0,0
BRDA:94,8,1,4
BRDA:94,9,0,4
BRDA:94,9,1,4
BRDA:94,9,2,4
BRDA:94,9,3,4
BRDA:98,10,0,1
BRDA:98,10,1,3
BRDA:103,11,0,2
BRDA:103,11,1,1
BRDA:112,12,0,1
BRDA:112,12,1,0
BRF:27
BRH:21
end_of_record
TN:
SF:hooks/useInternetConnection.ts
FN:4,(anonymous_0)
FNF:1
FNH:1
FNDA:269,(anonymous_0)
DA:4,13
DA:5,269
DA:7,269
DA:8,0
DA:13,269
LF:5
LH:4
BRDA:7,0,0,0
BRDA:7,0,1,269
BRF:2
BRH:1
end_of_record
TN:
SF:services/AuthContext.tsx
FN:26,AuthProvider
FN:39,useAuthContext
FNF:2
FNH:2
FNDA:120,AuthProvider
FNDA:99,useAuthContext
DA:23,12
DA:28,120
DA:33,120
DA:35,120
DA:40,99
DA:41,99
DA:42,0
DA:44,99
LF:8
LH:7
BRDA:26,0,0,34
BRDA:41,1,0,0
BRDA:41,1,1,99
BRF:3
BRH:2
end_of_record
TN:
SF:services/auth.ts
FN:16,(anonymous_0)
FN:35,(anonymous_1)
FN:63,registerValidation
FN:90,(anonymous_3)
FN:104,(anonymous_4)
FN:107,(anonymous_5)
FN:195,(anonymous_6)
FN:214,(anonymous_7)
FN:229,(anonymous_8)
FN:237,saveUserToLocalDB
FN:242,(anonymous_10)
FN:245,(anonymous_11)
FN:261,(anonymous_12)
FN:263,(anonymous_13)
FN:290,(anonymous_14)
FN:292,(anonymous_15)
FN:314,(anonymous_16)
FN:316,(anonymous_17)
FN:331,(anonymous_18)
FN:333,(anonymous_19)
FN:353,(anonymous_20)
FN:355,(anonymous_21)
FN:371,(anonymous_22)
FN:373,(anonymous_23)
FNF:24
FNH:11
FNDA:4,(anonymous_0)
FNDA:4,(anonymous_1)
FNDA:3,registerValidation
FNDA:1,(anonymous_3)
FNDA:1,(anonymous_4)
FNDA:1,(anonymous_5)
FNDA:1,(anonymous_6)
FNDA:49,(anonymous_7)
FNDA:0,(anonymous_8)
FNDA:1,saveUserToLocalDB
FNDA:1,(anonymous_10)
FNDA:1,(anonymous_11)
FNDA:0,(anonymous_12)
FNDA:0,(anonymous_13)
FNDA:0,(anonymous_14)
FNDA:0,(anonymous_15)
FNDA:0,(anonymous_16)
FNDA:0,(anonymous_17)
FNDA:0,(anonymous_18)
FNDA:0,(anonymous_19)
FNDA:0,(anonymous_20)
FNDA:0,(anonymous_21)
FNDA:0,(anonymous_22)
FNDA:0,(anonymous_23)
DA:16,13
DA:21,4
DA:22,4
DA:27,4
DA:29,0
DA:35,13
DA:39,4
DA:40,4
DA:48,4
DA:49,2
DA:52,2
DA:53,0
DA:55,2
DA:56,2
DA:58,0
DA:59,0
DA:65,3
DA:67,0
DA:69,3
DA:70,3
DA:77,3
DA:78,0
DA:80,3
DA:81,3
DA:83,0
DA:84,0
DA:90,13
DA:100,1
DA:102,1
DA:104,1
DA:105,1
DA:111,1
DA:113,1
DA:115,1
DA:117,1
DA:119,1
DA:121,1
DA:123,1
DA:124,1
DA:126,1
DA:128,1
DA:129,1
DA:133,1
DA:149,1
DA:150,1
DA:152,1
DA:157,1
DA:160,0
DA:195,13
DA:199,1
DA:200,1
DA:201,1
DA:207,1
DA:209,0
DA:214,13
DA:218,49
DA:220,49
DA:222,49
DA:223,0
DA:229,0
DA:232,0
DA:238,1
DA:240,1
DA:242,1
DA:245,1
DA:246,1
DA:247,1
DA:248,1
DA:249,1
DA:250,1
DA:251,1
DA:252,1
DA:253,1
DA:254,1
DA:255,1
DA:256,1
DA:257,1
DA:258,1
DA:261,1
DA:263,0
DA:264,0
DA:266,0
DA:268,0
DA:270,0
DA:272,0
DA:274,0
DA:276,0
DA:278,0
DA:280,0
DA:282,0
DA:284,0
DA:290,1
DA:292,0
DA:293,0
DA:295,0
DA:297,0
DA:299,0
DA:314,1
DA:316,0
DA:317,0
DA:319,0
DA:321,0
DA:323,0
DA:327,0
DA:331,1
DA:333,0
DA:334,0
DA:336,0
DA:338,0
DA:340,0
DA:342,0
DA:344,0
DA:345,0
DA:353,1
DA:355,0
DA:356,0
DA:358,0
DA:360,0
DA:361,0
DA:362,0
DA:363,0
DA:371,1
DA:373,0
DA:374,0
DA:376,0
DA:378,0
DA:379,0
DA:387,1
DA:390,0
LF:129
LH:72
BRDA:48,0,0,2
BRDA:48,0,1,2
BRDA:52,1,0,0
BRDA:52,1,1,2
BRDA:56,2,0,2
BRDA:56,2,1,0
BRDA:65,3,0,0
BRDA:65,3,1,3
BRDA:65,4,0,3
BRDA:65,4,1,3
BRDA:77,5,0,0
BRDA:77,5,1,3
BRDA:77,6,0,3
BRDA:77,6,1,2
BRDA:149,7,0,1
BRDA:149,7,1,0
BRDA:149,8,0,1
BRDA:149,8,1,1
BRDA:222,9,0,0
BRDA:222,9,1,49
BRDA:240,10,0,1
BRDA:240,10,1,0
BRDA:240,11,0,1
BRDA:240,11,1,1
BRF:24
BRH:17
end_of_record
TN:
SF:watermelon/migrations.js
FNF:0
FNH:0
LF:0
LH:0
BRF:0
BRH:0
end_of_record
TN:
SF:watermelon/models.ts
FN:70,(anonymous_0)
FN:73,(anonymous_1)
FN:80,(anonymous_2)
FN:136,(anonymous_3)
FN:139,(anonymous_4)
FN:147,(anonymous_5)
FN:150,(anonymous_6)
FN:158,(anonymous_7)
FN:163,(anonymous_8)
FN:168,(anonymous_9)
FN:187,(anonymous_10)
FN:191,(anonymous_11)
FN:197,(anonymous_12)
FN:207,(anonymous_13)
FN:209,(anonymous_14)
FN:218,(anonymous_15)
FN:224,(anonymous_16)
FN:243,(anonymous_17)
FN:272,(anonymous_18)
FN:290,(anonymous_19)
FN:299,(anonymous_20)
FN:317,(anonymous_21)
FN:322,(anonymous_22)
FN:334,(anonymous_23)
FN:336,(anonymous_24)
FN:342,(anonymous_25)
FN:349,(anonymous_26)
FN:356,(anonymous_27)
FN:373,(anonymous_28)
FN:375,(anonymous_29)
FN:381,(anonymous_30)
FN:383,(anonymous_31)
FN:391,(anonymous_32)
FN:394,(anonymous_33)
FN:404,(anonymous_34)
FN:411,(anonymous_35)
FN:445,(anonymous_36)
FN:473,(anonymous_37)
FN:480,(anonymous_38)
FN:490,(anonymous_39)
FN:503,(anonymous_40)
FN:508,(anonymous_41)
FN:511,(anonymous_42)
FN:534,(anonymous_43)
FN:536,(anonymous_44)
FN:542,(anonymous_45)
FN:550,(anonymous_46)
FN:562,(anonymous_47)
FN:578,(anonymous_48)
FN:587,(anonymous_49)
FN:598,(anonymous_50)
FN:608,(anonymous_51)
FN:616,(anonymous_52)
FN:624,(anonymous_53)
FN:635,(anonymous_54)
FN:644,(anonymous_55)
FN:651,(anonymous_56)
FN:659,(anonymous_57)
FN:662,(anonymous_58)
FN:815,(anonymous_59)
FN:858,(anonymous_60)
FN:859,(anonymous_61)
FN:866,(anonymous_62)
FN:867,(anonymous_63)
FNF:64
FNH:28
FNDA:0,(anonymous_0)
FNDA:0,(anonymous_1)
FNDA:0,(anonymous_2)
FNDA:0,(anonymous_3)
FNDA:0,(anonymous_4)
FNDA:0,(anonymous_5)
FNDA:0,(anonymous_6)
FNDA:2,(anonymous_7)
FNDA:2,(anonymous_8)
FNDA:2,(anonymous_9)
FNDA:1,(anonymous_10)
FNDA:1,(anonymous_11)
FNDA:1,(anonymous_12)
FNDA:3,(anonymous_13)
FNDA:1,(anonymous_14)
FNDA:5,(anonymous_15)
FNDA:5,(anonymous_16)
FNDA:1,(anonymous_17)
FNDA:2,(anonymous_18)
FNDA:0,(anonymous_19)
FNDA:0,(anonymous_20)
FNDA:3,(anonymous_21)
FNDA:3,(anonymous_22)
FNDA:1,(anonymous_23)
FNDA:1,(anonymous_24)
FNDA:0,(anonymous_25)
FNDA:0,(anonymous_26)
FNDA:0,(anonymous_27)
FNDA:0,(anonymous_28)
FNDA:0,(anonymous_29)
FNDA:0,(anonymous_30)
FNDA:0,(anonymous_31)
FNDA:1,(anonymous_32)
FNDA:1,(anonymous_33)
FNDA:0,(anonymous_34)
FNDA:0,(anonymous_35)
FNDA:8,(anonymous_36)
FNDA:4,(anonymous_37)
FNDA:2,(anonymous_38)
FNDA:6,(anonymous_39)
FNDA:0,(anonymous_40)
FNDA:0,(anonymous_41)
FNDA:0,(anonymous_42)
FNDA:0,(anonymous_43)
FNDA:0,(anonymous_44)
FNDA:0,(anonymous_45)
FNDA:0,(anonymous_46)
FNDA:0,(anonymous_47)
FNDA:0,(anonymous_48)
FNDA:0,(anonymous_49)
FNDA:0,(anonymous_50)
FNDA:0,(anonymous_51)
FNDA:0,(anonymous_52)
FNDA:4,(anonymous_53)
FNDA:2,(anonymous_54)
FNDA:2,(anonymous_55)
FNDA:4,(anonymous_56)
FNDA:3,(anonymous_57)
FNDA:3,(anonymous_58)
FNDA:0,(anonymous_59)
FNDA:0,(anonymous_60)
FNDA:0,(anonymous_61)
FNDA:0,(anonymous_62)
FNDA:0,(anonymous_63)
DA:20,19
DA:21,19
DA:36,19
DA:37,19
DA:71,0
DA:74,0
DA:75,0
DA:77,0
DA:81,0
DA:84,0
DA:85,0
DA:89,19
DA:90,19
DA:138,0
DA:139,0
DA:140,0
DA:143,0
DA:149,0
DA:150,0
DA:151,0
DA:154,0
DA:160,2
DA:161,2
DA:162,2
DA:164,2
DA:165,2
DA:169,2
DA:170,2
DA:171,2
DA:172,2
DA:173,2
DA:174,2
DA:175,2
DA:179,2
DA:182,0
DA:183,0
DA:189,1
DA:192,1
DA:193,1
DA:194,1
DA:196,1
DA:197,1
DA:198,1
DA:201,1
DA:204,0
DA:208,3
DA:209,1
DA:210,1
DA:213,2
DA:220,5
DA:222,5
DA:225,5
DA:226,5
DA:227,5
DA:228,5
DA:229,5
DA:230,5
DA:231,5
DA:234,5
DA:235,5
DA:237,5
DA:238,20
DA:241,1
DA:244,1
DA:245,1
DA:247,1
DA:249,1
DA:251,1
DA:254,0
DA:257,1
DA:258,1
DA:262,5
DA:264,5
DA:266,0
DA:267,0
DA:274,2
DA:278,2
DA:283,2
DA:286,0
DA:292,0
DA:295,0
DA:301,0
DA:322,3
DA:323,3
DA:324,3
DA:325,3
DA:336,1
DA:337,1
DA:338,1
DA:348,0
DA:350,0
DA:353,0
DA:357,0
DA:361,0
DA:375,0
DA:376,0
DA:383,0
DA:384,0
DA:385,0
DA:386,0
DA:388,0
DA:393,1
DA:394,1
DA:395,1
DA:397,1
DA:399,0
DA:411,0
DA:412,0
DA:413,0
DA:414,0
DA:415,0
DA:416,0
DA:417,0
DA:418,0
DA:419,0
DA:420,0
DA:421,0
DA:422,0
DA:423,0
DA:424,0
DA:426,0
DA:427,0
DA:447,8
DA:451,8
DA:452,1
DA:458,7
DA:459,1
DA:464,6
DA:469,6
DA:471,4
DA:474,4
DA:475,4
DA:476,4
DA:480,2
DA:481,2
DA:488,6
DA:491,6
DA:496,6
DA:498,2
DA:500,2
DA:505,0
DA:506,0
DA:509,0
DA:512,0
DA:513,0
DA:514,0
DA:516,0
DA:517,0
DA:519,0
DA:525,0
DA:527,0
DA:529,0
DA:530,0
DA:536,0
DA:537,0
DA:548,0
DA:551,0
DA:552,0
DA:553,0
DA:554,0
DA:555,0
DA:556,0
DA:564,0
DA:573,0
DA:574,0
DA:585,0
DA:588,0
DA:589,0
DA:590,0
DA:591,0
DA:592,0
DA:593,0
DA:604,0
DA:608,0
DA:609,0
DA:610,0
DA:611,0
DA:618,0
DA:621,0
DA:626,4
DA:628,4
DA:634,4
DA:635,2
DA:636,2
DA:637,2
DA:638,2
DA:639,2
DA:640,2
DA:643,2
DA:644,2
DA:645,2
DA:646,2
DA:647,2
DA:650,4
DA:652,4
DA:661,3
DA:662,3
DA:663,3
DA:664,3
DA:670,19
DA:671,19
DA:683,19
DA:684,19
DA:695,19
DA:696,19
DA:715,19
DA:716,19
DA:731,0
DA:736,19
DA:737,19
DA:755,19
DA:756,19
DA:774,19
DA:775,19
DA:798,19
DA:799,19
DA:816,0
DA:821,19
DA:822,19
DA:833,19
DA:834,19
DA:859,0
DA:860,0
DA:867,0
DA:868,0
DA:892,19
DA:893,19
DA:912,19
DA:913,19
DA:929,19
DA:930,19
DA:945,19
DA:946,19
LF:233
LH:134
BRDA:196,0,0,1
BRDA:196,0,1,0
BRDA:208,1,0,1
BRDA:208,1,1,2
BRDA:227,2,0,5
BRDA:227,2,1,4
BRDA:238,3,0,19
BRDA:238,3,1,1
BRDA:251,4,0,0
BRDA:251,4,1,1
BRDA:451,5,0,1
BRDA:451,5,1,7
BRDA:458,6,0,1
BRDA:458,6,1,6
BRDA:469,7,0,4
BRDA:469,7,1,2
BRDA:516,8,0,0
BRDA:516,8,1,0
BRDA:634,9,0,2
BRDA:634,9,1,2
BRDA:643,10,0,2
BRDA:643,10,1,0
BRF:22
BRH:17
end_of_record
TN:
SF:watermelon/schema.js
FNF:0
FNH:0
DA:3,19
LF:1
LH:1
BRF:0
BRH:0
end_of_record
TN:
SF:watermelon/sync.ts
FN:10,sync
FN:30,(anonymous_1)
FN:50,(anonymous_2)
FNF:3
FNH:3
FNDA:56,sync
FNDA:50,(anonymous_1)
FNDA:8,(anonymous_2)
DA:7,15
DA:8,15
DA:11,56
DA:12,0
DA:13,0
DA:16,56
DA:17,7
DA:18,7
DA:21,49
DA:22,49
DA:23,49
DA:25,49
DA:26,50
DA:27,50
DA:28,50
DA:31,50
DA:32,50
DA:36,50
DA:37,49
DA:38,0
DA:41,49
DA:42,49
DA:43,49
DA:45,0
DA:46,0
DA:51,8
DA:53,8
DA:55,8
DA:65,8
DA:66,2
DA:69,6
DA:71,2
DA:72,2
DA:79,47
DA:80,47
DA:82,2
DA:83,2
DA:84,1
DA:85,1
DA:87,1
DA:92,48
LF:41
LH:36
BRDA:10,0,0,0
BRDA:10,1,0,45
BRDA:11,2,0,0
BRDA:11,2,1,56
BRDA:16,3,0,7
BRDA:16,3,1,49
BRDA:32,4,0,50
BRDA:32,4,1,0
BRDA:37,5,0,0
BRDA:37,5,1,49
BRDA:65,6,0,2
BRDA:65,6,1,6
BRDA:83,7,0,1
BRDA:83,7,1,1
BRF:14
BRH:10
end_of_record
TN:
SF:watermelon/testDB.ts
FNF:0
FNH:0
DA:27,19
DA:37,19
LF:2
LH:2
BRF:0
BRH:0
end_of_record
