{"/Users/jordan/Documents/TrailTasks/__tests__/mockTestUsers.js": {"path":"/Users/jordan/Documents/TrailTasks/__tests__/mockTestUsers.js","statementMap":{"0":{"start":{"line":3,"column":23},"end":{"line":3,"column":49}},"1":{"start":{"line":4,"column":29},"end":{"line":27,"column":1}}},"fnMap":{},"branchMap":{},"s":{"0":3,"1":3},"f":{},"b":{},"_coverageSchema":"1a1c01bbd47fc00a2c39e90264f33305004495a9","hash":"fbcb3ed22e24e188a79e282136ec38d73aa1164b"}
,"/Users/jordan/Documents/TrailTasks/assets/RankBadges/advanced.png": {"path":"/Users/jordan/Documents/TrailTasks/assets/RankBadges/advanced.png","statementMap":{"0":{"start":{"line":1,"column":0},"end":{"line":4,"column":6}}},"fnMap":{},"branchMap":{},"s":{"0":1},"f":{},"b":{},"_coverageSchema":"1a1c01bbd47fc00a2c39e90264f33305004495a9","hash":"09e2feb494de9b2bd6291f5cc31f6b278c7ac8c9"}
,"/Users/jordan/Documents/TrailTasks/assets/RankBadges/amateur.png": {"path":"/Users/jordan/Documents/TrailTasks/assets/RankBadges/amateur.png","statementMap":{"0":{"start":{"line":1,"column":0},"end":{"line":4,"column":6}}},"fnMap":{},"branchMap":{},"s":{"0":1},"f":{},"b":{},"_coverageSchema":"1a1c01bbd47fc00a2c39e90264f33305004495a9","hash":"554298fec6d39bd02a6d8abc90d0b745e27fbd87"}
,"/Users/jordan/Documents/TrailTasks/assets/RankBadges/beginner.png": {"path":"/Users/jordan/Documents/TrailTasks/assets/RankBadges/beginner.png","statementMap":{"0":{"start":{"line":1,"column":0},"end":{"line":4,"column":6}}},"fnMap":{},"branchMap":{},"s":{"0":1},"f":{},"b":{},"_coverageSchema":"1a1c01bbd47fc00a2c39e90264f33305004495a9","hash":"34ff4cba0fe604a366ae3906fffaae5846e916aa"}
,"/Users/jordan/Documents/TrailTasks/assets/RankBadges/elite.png": {"path":"/Users/jordan/Documents/TrailTasks/assets/RankBadges/elite.png","statementMap":{"0":{"start":{"line":1,"column":0},"end":{"line":4,"column":6}}},"fnMap":{},"branchMap":{},"s":{"0":1},"f":{},"b":{},"_coverageSchema":"1a1c01bbd47fc00a2c39e90264f33305004495a9","hash":"fa9eacd476d67e4cd9ed72f1b68e24dc35d19bf1"}
,"/Users/jordan/Documents/TrailTasks/assets/RankBadges/experienced.png": {"path":"/Users/jordan/Documents/TrailTasks/assets/RankBadges/experienced.png","statementMap":{"0":{"start":{"line":1,"column":0},"end":{"line":4,"column":6}}},"fnMap":{},"branchMap":{},"s":{"0":1},"f":{},"b":{},"_coverageSchema":"1a1c01bbd47fc00a2c39e90264f33305004495a9","hash":"16ba2b791e8ec6383ec246e35c32560fb1cf5d44"}
,"/Users/jordan/Documents/TrailTasks/assets/RankBadges/expert.png": {"path":"/Users/jordan/Documents/TrailTasks/assets/RankBadges/expert.png","statementMap":{"0":{"start":{"line":1,"column":0},"end":{"line":4,"column":6}}},"fnMap":{},"branchMap":{},"s":{"0":1},"f":{},"b":{},"_coverageSchema":"1a1c01bbd47fc00a2c39e90264f33305004495a9","hash":"5b5872d89e2b85ef7a883742f1c538a86aed5b2c"}
,"/Users/jordan/Documents/TrailTasks/assets/RankBadges/intermediate.png": {"path":"/Users/jordan/Documents/TrailTasks/assets/RankBadges/intermediate.png","statementMap":{"0":{"start":{"line":1,"column":0},"end":{"line":4,"column":6}}},"fnMap":{},"branchMap":{},"s":{"0":1},"f":{},"b":{},"_coverageSchema":"1a1c01bbd47fc00a2c39e90264f33305004495a9","hash":"b10290b3b9bcb9b75041e3e9ca937cbd568f9f3c"}
,"/Users/jordan/Documents/TrailTasks/assets/RankBadges/journeyman.png": {"path":"/Users/jordan/Documents/TrailTasks/assets/RankBadges/journeyman.png","statementMap":{"0":{"start":{"line":1,"column":0},"end":{"line":4,"column":6}}},"fnMap":{},"branchMap":{},"s":{"0":1},"f":{},"b":{},"_coverageSchema":"1a1c01bbd47fc00a2c39e90264f33305004495a9","hash":"6ded1c68ec3710d876adb50a75dd61f537c5891d"}
,"/Users/jordan/Documents/TrailTasks/assets/RankBadges/legendary.png": {"path":"/Users/jordan/Documents/TrailTasks/assets/RankBadges/legendary.png","statementMap":{"0":{"start":{"line":1,"column":0},"end":{"line":4,"column":6}}},"fnMap":{},"branchMap":{},"s":{"0":1},"f":{},"b":{},"_coverageSchema":"1a1c01bbd47fc00a2c39e90264f33305004495a9","hash":"baca8ab83197487b5a4bd5ebae2c5b6b6093aa17"}
,"/Users/jordan/Documents/TrailTasks/assets/RankBadges/master.png": {"path":"/Users/jordan/Documents/TrailTasks/assets/RankBadges/master.png","statementMap":{"0":{"start":{"line":1,"column":0},"end":{"line":4,"column":6}}},"fnMap":{},"branchMap":{},"s":{"0":1},"f":{},"b":{},"_coverageSchema":"1a1c01bbd47fc00a2c39e90264f33305004495a9","hash":"fdc18f4b4111bf815847c1f41604452a7195785c"}
,"/Users/jordan/Documents/TrailTasks/helpers/formatDateTime.ts": {"path":"/Users/jordan/Documents/TrailTasks/helpers/formatDateTime.ts","statementMap":{"0":{"start":{"line":2,"column":23},"end":{"line":2,"column":41}},"1":{"start":{"line":3,"column":24},"end":{"line":3,"column":73}},"2":{"start":{"line":4,"column":22},"end":{"line":4,"column":64}},"3":{"start":{"line":5,"column":23},"end":{"line":5,"column":66}},"4":{"start":{"line":6,"column":25},"end":{"line":6,"column":70}},"5":{"start":{"line":7,"column":25},"end":{"line":7,"column":70}},"6":{"start":{"line":8,"column":36},"end":{"line":8,"column":89}},"7":{"start":{"line":9,"column":2},"end":{"line":9,"column":27}}},"fnMap":{"0":{"name":"formatDateTime","decl":{"start":{"line":1,"column":24},"end":{"line":1,"column":38}},"loc":{"start":{"line":1,"column":58},"end":{"line":10,"column":1}},"line":1}},"branchMap":{},"s":{"0":9,"1":9,"2":9,"3":9,"4":9,"5":9,"6":9,"7":9},"f":{"0":9},"b":{},"_coverageSchema":"1a1c01bbd47fc00a2c39e90264f33305004495a9","hash":"e7c5e1cf8378a52140e429357e36123c3abb619d"}
,"/Users/jordan/Documents/TrailTasks/helpers/formatTime.tsx": {"path":"/Users/jordan/Documents/TrailTasks/helpers/formatTime.tsx","statementMap":{"0":{"start":{"line":1,"column":19},"end":{"line":21,"column":1}},"1":{"start":{"line":2,"column":15},"end":{"line":2,"column":41}},"2":{"start":{"line":3,"column":17},"end":{"line":3,"column":50}},"3":{"start":{"line":4,"column":26},"end":{"line":4,"column":38}},"4":{"start":{"line":6,"column":23},"end":{"line":6,"column":25}},"5":{"start":{"line":8,"column":1},"end":{"line":10,"column":2}},"6":{"start":{"line":9,"column":2},"end":{"line":9,"column":36}},"7":{"start":{"line":12,"column":1},"end":{"line":14,"column":2}},"8":{"start":{"line":13,"column":2},"end":{"line":13,"column":39}},"9":{"start":{"line":16,"column":1},"end":{"line":18,"column":2}},"10":{"start":{"line":17,"column":2},"end":{"line":17,"column":48}},"11":{"start":{"line":20,"column":1},"end":{"line":20,"column":32}}},"fnMap":{"0":{"name":"(anonymous_0)","decl":{"start":{"line":1,"column":19},"end":{"line":1,"column":20}},"loc":{"start":{"line":1,"column":40},"end":{"line":21,"column":1}},"line":1}},"branchMap":{"0":{"loc":{"start":{"line":8,"column":1},"end":{"line":10,"column":2}},"type":"if","locations":[{"start":{"line":8,"column":1},"end":{"line":10,"column":2}},{"start":{},"end":{}}],"line":8},"1":{"loc":{"start":{"line":12,"column":1},"end":{"line":14,"column":2}},"type":"if","locations":[{"start":{"line":12,"column":1},"end":{"line":14,"column":2}},{"start":{},"end":{}}],"line":12},"2":{"loc":{"start":{"line":16,"column":1},"end":{"line":18,"column":2}},"type":"if","locations":[{"start":{"line":16,"column":1},"end":{"line":18,"column":2}},{"start":{},"end":{}}],"line":16}},"s":{"0":3,"1":5,"2":5,"3":5,"4":5,"5":5,"6":5,"7":5,"8":5,"9":5,"10":5,"11":5},"f":{"0":5},"b":{"0":[5,0],"1":[5,0],"2":[5,0]},"_coverageSchema":"1a1c01bbd47fc00a2c39e90264f33305004495a9","hash":"78ee7359623cc0a8a9802f7820c3c92ac2c0b871"}
,"/Users/jordan/Documents/TrailTasks/helpers/loginHelpers.ts": {"path":"/Users/jordan/Documents/TrailTasks/helpers/loginHelpers.ts","statementMap":{"0":{"start":{"line":5,"column":33},"end":{"line":20,"column":1}},"1":{"start":{"line":10,"column":2},"end":{"line":19,"column":3}},"2":{"start":{"line":11,"column":39},"end":{"line":14,"column":14}},"3":{"start":{"line":16,"column":4},"end":{"line":16,"column":27}},"4":{"start":{"line":18,"column":4},"end":{"line":18,"column":55}},"5":{"start":{"line":22,"column":37},"end":{"line":48,"column":1}},"6":{"start":{"line":26,"column":2},"end":{"line":47,"column":3}},"7":{"start":{"line":28,"column":4},"end":{"line":43,"column":5}},"8":{"start":{"line":31,"column":8},"end":{"line":33,"column":45}},"9":{"start":{"line":35,"column":6},"end":{"line":42,"column":7}},"10":{"start":{"line":37,"column":8},"end":{"line":40,"column":10}},"11":{"start":{"line":41,"column":8},"end":{"line":41,"column":33}},"12":{"start":{"line":44,"column":4},"end":{"line":44,"column":20}},"13":{"start":{"line":46,"column":4},"end":{"line":46,"column":61}},"14":{"start":{"line":50,"column":43},"end":{"line":76,"column":1}},"15":{"start":{"line":54,"column":2},"end":{"line":75,"column":3}},"16":{"start":{"line":55,"column":4},"end":{"line":55,"column":74}},"17":{"start":{"line":56,"column":4},"end":{"line":60,"column":6}},"18":{"start":{"line":62,"column":23},"end":{"line":64,"column":48}},"19":{"start":{"line":66,"column":4},"end":{"line":71,"column":5}},"20":{"start":{"line":67,"column":6},"end":{"line":70,"column":8}},"21":{"start":{"line":72,"column":4},"end":{"line":72,"column":16}},"22":{"start":{"line":74,"column":4},"end":{"line":74,"column":64}},"23":{"start":{"line":79,"column":36},"end":{"line":100,"column":1}},"24":{"start":{"line":83,"column":2},"end":{"line":99,"column":3}},"25":{"start":{"line":85,"column":6},"end":{"line":85,"column":58}},"26":{"start":{"line":87,"column":4},"end":{"line":96,"column":5}},"27":{"start":{"line":88,"column":17},"end":{"line":88,"column":79}},"28":{"start":{"line":91,"column":6},"end":{"line":93,"column":7}},"29":{"start":{"line":92,"column":8},"end":{"line":92,"column":62}},"30":{"start":{"line":95,"column":6},"end":{"line":95,"column":20}},"31":{"start":{"line":98,"column":4},"end":{"line":98,"column":61}},"32":{"start":{"line":102,"column":27},"end":{"line":144,"column":1}},"33":{"start":{"line":115,"column":2},"end":{"line":143,"column":3}},"34":{"start":{"line":116,"column":4},"end":{"line":119,"column":5}},"35":{"start":{"line":117,"column":6},"end":{"line":117,"column":42}},"36":{"start":{"line":118,"column":6},"end":{"line":118,"column":13}},"37":{"start":{"line":121,"column":25},"end":{"line":125,"column":5}},"38":{"start":{"line":127,"column":4},"end":{"line":130,"column":5}},"39":{"start":{"line":128,"column":6},"end":{"line":128,"column":44}},"40":{"start":{"line":129,"column":6},"end":{"line":129,"column":13}},"41":{"start":{"line":132,"column":4},"end":{"line":132,"column":66}},"42":{"start":{"line":133,"column":21},"end":{"line":136,"column":5}},"43":{"start":{"line":137,"column":4},"end":{"line":140,"column":5}},"44":{"start":{"line":138,"column":6},"end":{"line":138,"column":28}},"45":{"start":{"line":139,"column":6},"end":{"line":139,"column":13}},"46":{"start":{"line":142,"column":4},"end":{"line":142,"column":50}}},"fnMap":{"0":{"name":"(anonymous_0)","decl":{"start":{"line":5,"column":33},"end":{"line":5,"column":34}},"loc":{"start":{"line":9,"column":5},"end":{"line":20,"column":1}},"line":9},"1":{"name":"(anonymous_1)","decl":{"start":{"line":22,"column":37},"end":{"line":22,"column":38}},"loc":{"start":{"line":25,"column":5},"end":{"line":48,"column":1}},"line":25},"2":{"name":"(anonymous_2)","decl":{"start":{"line":50,"column":43},"end":{"line":50,"column":44}},"loc":{"start":{"line":53,"column":5},"end":{"line":76,"column":1}},"line":53},"3":{"name":"(anonymous_3)","decl":{"start":{"line":79,"column":36},"end":{"line":79,"column":37}},"loc":{"start":{"line":82,"column":5},"end":{"line":100,"column":1}},"line":82},"4":{"name":"(anonymous_4)","decl":{"start":{"line":102,"column":27},"end":{"line":102,"column":28}},"loc":{"start":{"line":114,"column":21},"end":{"line":144,"column":1}},"line":114}},"branchMap":{"0":{"loc":{"start":{"line":28,"column":4},"end":{"line":43,"column":5}},"type":"if","locations":[{"start":{"line":28,"column":4},"end":{"line":43,"column":5}},{"start":{},"end":{}}],"line":28},"1":{"loc":{"start":{"line":28,"column":8},"end":{"line":28,"column":23}},"type":"binary-expr","locations":[{"start":{"line":28,"column":8},"end":{"line":28,"column":12}},{"start":{"line":28,"column":16},"end":{"line":28,"column":23}}],"line":28},"2":{"loc":{"start":{"line":35,"column":6},"end":{"line":42,"column":7}},"type":"if","locations":[{"start":{"line":35,"column":6},"end":{"line":42,"column":7}},{"start":{},"end":{}}],"line":35},"3":{"loc":{"start":{"line":35,"column":10},"end":{"line":35,"column":41}},"type":"binary-expr","locations":[{"start":{"line":35,"column":10},"end":{"line":35,"column":22}},{"start":{"line":35,"column":26},"end":{"line":35,"column":41}}],"line":35},"4":{"loc":{"start":{"line":66,"column":4},"end":{"line":71,"column":5}},"type":"if","locations":[{"start":{"line":66,"column":4},"end":{"line":71,"column":5}},{"start":{},"end":{}}],"line":66},"5":{"loc":{"start":{"line":87,"column":4},"end":{"line":96,"column":5}},"type":"if","locations":[{"start":{"line":87,"column":4},"end":{"line":96,"column":5}},{"start":{},"end":{}}],"line":87},"6":{"loc":{"start":{"line":91,"column":6},"end":{"line":93,"column":7}},"type":"if","locations":[{"start":{"line":91,"column":6},"end":{"line":93,"column":7}},{"start":{},"end":{}}],"line":91},"7":{"loc":{"start":{"line":116,"column":4},"end":{"line":119,"column":5}},"type":"if","locations":[{"start":{"line":116,"column":4},"end":{"line":119,"column":5}},{"start":{},"end":{}}],"line":116},"8":{"loc":{"start":{"line":116,"column":8},"end":{"line":116,"column":53}},"type":"binary-expr","locations":[{"start":{"line":116,"column":8},"end":{"line":116,"column":27}},{"start":{"line":116,"column":31},"end":{"line":116,"column":53}}],"line":116},"9":{"loc":{"start":{"line":127,"column":4},"end":{"line":130,"column":5}},"type":"if","locations":[{"start":{"line":127,"column":4},"end":{"line":130,"column":5}},{"start":{},"end":{}}],"line":127},"10":{"loc":{"start":{"line":137,"column":4},"end":{"line":140,"column":5}},"type":"if","locations":[{"start":{"line":137,"column":4},"end":{"line":140,"column":5}},{"start":{},"end":{}}],"line":137}},"s":{"0":2,"1":3,"2":3,"3":3,"4":0,"5":2,"6":3,"7":3,"8":1,"9":1,"10":1,"11":1,"12":2,"13":0,"14":2,"15":1,"16":1,"17":1,"18":1,"19":1,"20":0,"21":1,"22":0,"23":2,"24":2,"25":2,"26":2,"27":1,"28":1,"29":1,"30":1,"31":0,"32":2,"33":0,"34":0,"35":0,"36":0,"37":0,"38":0,"39":0,"40":0,"41":0,"42":0,"43":0,"44":0,"45":0,"46":0},"f":{"0":3,"1":3,"2":1,"3":2,"4":0},"b":{"0":[1,2],"1":[3,3],"2":[1,0],"3":[1,1],"4":[0,1],"5":[1,1],"6":[1,0],"7":[0,0],"8":[0,0],"9":[0,0],"10":[0,0]},"_coverageSchema":"1a1c01bbd47fc00a2c39e90264f33305004495a9","hash":"f4510b933b81ad2a873892df2584af77173c7c57"}
,"/Users/jordan/Documents/TrailTasks/helpers/registerHelpers.ts": {"path":"/Users/jordan/Documents/TrailTasks/helpers/registerHelpers.ts","statementMap":{"0":{"start":{"line":6,"column":33},"end":{"line":25,"column":1}},"1":{"start":{"line":15,"column":2},"end":{"line":24,"column":3}},"2":{"start":{"line":16,"column":25},"end":{"line":19,"column":14}},"3":{"start":{"line":21,"column":4},"end":{"line":21,"column":27}},"4":{"start":{"line":23,"column":4},"end":{"line":23,"column":76}},"5":{"start":{"line":27,"column":29},"end":{"line":138,"column":1}},"6":{"start":{"line":46,"column":2},"end":{"line":137,"column":3}},"7":{"start":{"line":47,"column":27},"end":{"line":47,"column":53}},"8":{"start":{"line":50,"column":20},"end":{"line":123,"column":6}},"9":{"start":{"line":51,"column":22},"end":{"line":87,"column":10}},"10":{"start":{"line":55,"column":10},"end":{"line":55,"column":37}},"11":{"start":{"line":57,"column":10},"end":{"line":57,"column":35}},"12":{"start":{"line":59,"column":10},"end":{"line":59,"column":29}},"13":{"start":{"line":61,"column":10},"end":{"line":61,"column":35}},"14":{"start":{"line":63,"column":10},"end":{"line":63,"column":35}},"15":{"start":{"line":65,"column":10},"end":{"line":65,"column":47}},"16":{"start":{"line":67,"column":10},"end":{"line":67,"column":41}},"17":{"start":{"line":69,"column":10},"end":{"line":69,"column":29}},"18":{"start":{"line":71,"column":10},"end":{"line":71,"column":37}},"19":{"start":{"line":73,"column":10},"end":{"line":73,"column":47}},"20":{"start":{"line":88,"column":6},"end":{"line":120,"column":7}},"21":{"start":{"line":89,"column":26},"end":{"line":96,"column":12}},"22":{"start":{"line":93,"column":12},"end":{"line":93,"column":43}},"23":{"start":{"line":95,"column":12},"end":{"line":95,"column":43}},"24":{"start":{"line":98,"column":29},"end":{"line":106,"column":12}},"25":{"start":{"line":102,"column":12},"end":{"line":102,"column":45}},"26":{"start":{"line":104,"column":12},"end":{"line":104,"column":42}},"27":{"start":{"line":105,"column":12},"end":{"line":105,"column":64}},"28":{"start":{"line":108,"column":8},"end":{"line":113,"column":9}},"29":{"start":{"line":109,"column":10},"end":{"line":112,"column":12}},"30":{"start":{"line":114,"column":8},"end":{"line":119,"column":9}},"31":{"start":{"line":115,"column":10},"end":{"line":118,"column":12}},"32":{"start":{"line":122,"column":6},"end":{"line":122,"column":21}},"33":{"start":{"line":124,"column":4},"end":{"line":134,"column":5}},"34":{"start":{"line":125,"column":6},"end":{"line":125,"column":71}},"35":{"start":{"line":127,"column":6},"end":{"line":127,"column":78}},"36":{"start":{"line":128,"column":6},"end":{"line":131,"column":8}},"37":{"start":{"line":132,"column":6},"end":{"line":132,"column":23}},"38":{"start":{"line":133,"column":6},"end":{"line":133,"column":21}},"39":{"start":{"line":136,"column":4},"end":{"line":136,"column":61}},"40":{"start":{"line":140,"column":30},"end":{"line":223,"column":1}},"41":{"start":{"line":161,"column":2},"end":{"line":222,"column":3}},"42":{"start":{"line":162,"column":4},"end":{"line":171,"column":5}},"43":{"start":{"line":169,"column":6},"end":{"line":169,"column":42}},"44":{"start":{"line":170,"column":6},"end":{"line":170,"column":13}},"45":{"start":{"line":172,"column":4},"end":{"line":175,"column":5}},"46":{"start":{"line":173,"column":6},"end":{"line":173,"column":41}},"47":{"start":{"line":174,"column":6},"end":{"line":174,"column":13}},"48":{"start":{"line":177,"column":25},"end":{"line":181,"column":6}},"49":{"start":{"line":183,"column":4},"end":{"line":219,"column":5}},"50":{"start":{"line":184,"column":26},"end":{"line":193,"column":8}},"51":{"start":{"line":195,"column":6},"end":{"line":197,"column":7}},"52":{"start":{"line":196,"column":28},"end":{"line":196,"column":106}},"53":{"start":{"line":198,"column":6},"end":{"line":198,"column":13}},"54":{"start":{"line":200,"column":11},"end":{"line":219,"column":5}},"55":{"start":{"line":206,"column":6},"end":{"line":206,"column":72}},"56":{"start":{"line":207,"column":6},"end":{"line":207,"column":13}},"57":{"start":{"line":208,"column":11},"end":{"line":219,"column":5}},"58":{"start":{"line":214,"column":6},"end":{"line":214,"column":80}},"59":{"start":{"line":215,"column":6},"end":{"line":215,"column":13}},"60":{"start":{"line":217,"column":6},"end":{"line":217,"column":47}},"61":{"start":{"line":218,"column":6},"end":{"line":218,"column":13}},"62":{"start":{"line":221,"column":4},"end":{"line":221,"column":51}},"63":{"start":{"line":230,"column":85},"end":{"line":230,"column":37765}},"64":{"start":{"line":230,"column":89},"end":{"line":230,"column":37754}},"65":{"start":{"line":230,"column":37880},"end":{"line":230,"column":37886}},"66":{"start":{"line":230,"column":38001},"end":{"line":230,"column":38007}},"67":{"start":{"line":230,"column":38089},"end":{"line":230,"column":38095}},"68":{"start":{"line":230,"column":38180},"end":{"line":230,"column":38186}}},"fnMap":{"0":{"name":"(anonymous_0)","decl":{"start":{"line":6,"column":33},"end":{"line":6,"column":34}},"loc":{"start":{"line":14,"column":6},"end":{"line":25,"column":1}},"line":14},"1":{"name":"(anonymous_1)","decl":{"start":{"line":27,"column":29},"end":{"line":27,"column":30}},"loc":{"start":{"line":45,"column":6},"end":{"line":138,"column":1}},"line":45},"2":{"name":"(anonymous_2)","decl":{"start":{"line":50,"column":51},"end":{"line":50,"column":52}},"loc":{"start":{"line":50,"column":63},"end":{"line":123,"column":5}},"line":50},"3":{"name":"(anonymous_3)","decl":{"start":{"line":53,"column":16},"end":{"line":53,"column":17}},"loc":{"start":{"line":53,"column":32},"end":{"line":87,"column":9}},"line":53},"4":{"name":"(anonymous_4)","decl":{"start":{"line":91,"column":18},"end":{"line":91,"column":19}},"loc":{"start":{"line":91,"column":46},"end":{"line":96,"column":11}},"line":91},"5":{"name":"(anonymous_5)","decl":{"start":{"line":100,"column":18},"end":{"line":100,"column":19}},"loc":{"start":{"line":100,"column":50},"end":{"line":106,"column":11}},"line":100},"6":{"name":"(anonymous_6)","decl":{"start":{"line":140,"column":30},"end":{"line":140,"column":31}},"loc":{"start":{"line":160,"column":21},"end":{"line":223,"column":1}},"line":160},"7":{"name":"oo_cm","decl":{"start":{"line":230,"column":77},"end":{"line":230,"column":82}},"loc":{"start":{"line":230,"column":84},"end":{"line":230,"column":37766}},"line":230}},"branchMap":{"0":{"loc":{"start":{"line":88,"column":6},"end":{"line":120,"column":7}},"type":"if","locations":[{"start":{"line":88,"column":6},"end":{"line":120,"column":7}},{"start":{},"end":{}}],"line":88},"1":{"loc":{"start":{"line":108,"column":8},"end":{"line":113,"column":9}},"type":"if","locations":[{"start":{"line":108,"column":8},"end":{"line":113,"column":9}},{"start":{},"end":{}}],"line":108},"2":{"loc":{"start":{"line":114,"column":8},"end":{"line":119,"column":9}},"type":"if","locations":[{"start":{"line":114,"column":8},"end":{"line":119,"column":9}},{"start":{},"end":{}}],"line":114},"3":{"loc":{"start":{"line":124,"column":4},"end":{"line":134,"column":5}},"type":"if","locations":[{"start":{"line":124,"column":4},"end":{"line":134,"column":5}},{"start":{},"end":{}}],"line":124},"4":{"loc":{"start":{"line":124,"column":8},"end":{"line":124,"column":40}},"type":"binary-expr","locations":[{"start":{"line":124,"column":8},"end":{"line":124,"column":15}},{"start":{"line":124,"column":19},"end":{"line":124,"column":40}}],"line":124},"5":{"loc":{"start":{"line":162,"column":4},"end":{"line":171,"column":5}},"type":"if","locations":[{"start":{"line":162,"column":4},"end":{"line":171,"column":5}},{"start":{},"end":{}}],"line":162},"6":{"loc":{"start":{"line":163,"column":6},"end":{"line":167,"column":35}},"type":"binary-expr","locations":[{"start":{"line":163,"column":6},"end":{"line":163,"column":29}},{"start":{"line":164,"column":6},"end":{"line":164,"column":28}},{"start":{"line":165,"column":6},"end":{"line":165,"column":25}},{"start":{"line":166,"column":6},"end":{"line":166,"column":28}},{"start":{"line":167,"column":6},"end":{"line":167,"column":35}}],"line":163},"7":{"loc":{"start":{"line":172,"column":4},"end":{"line":175,"column":5}},"type":"if","locations":[{"start":{"line":172,"column":4},"end":{"line":175,"column":5}},{"start":{},"end":{}}],"line":172},"8":{"loc":{"start":{"line":183,"column":4},"end":{"line":219,"column":5}},"type":"if","locations":[{"start":{"line":183,"column":4},"end":{"line":219,"column":5}},{"start":{"line":200,"column":11},"end":{"line":219,"column":5}}],"line":183},"9":{"loc":{"start":{"line":195,"column":6},"end":{"line":197,"column":7}},"type":"if","locations":[{"start":{"line":195,"column":6},"end":{"line":197,"column":7}},{"start":{},"end":{}}],"line":195},"10":{"loc":{"start":{"line":200,"column":11},"end":{"line":219,"column":5}},"type":"if","locations":[{"start":{"line":200,"column":11},"end":{"line":219,"column":5}},{"start":{"line":208,"column":11},"end":{"line":219,"column":5}}],"line":200},"11":{"loc":{"start":{"line":201,"column":6},"end":{"line":202,"column":62}},"type":"binary-expr","locations":[{"start":{"line":201,"column":6},"end":{"line":201,"column":18}},{"start":{"line":202,"column":6},"end":{"line":202,"column":62}}],"line":201},"12":{"loc":{"start":{"line":208,"column":11},"end":{"line":219,"column":5}},"type":"if","locations":[{"start":{"line":208,"column":11},"end":{"line":219,"column":5}},{"start":{"line":216,"column":11},"end":{"line":219,"column":5}}],"line":208},"13":{"loc":{"start":{"line":209,"column":6},"end":{"line":210,"column":68}},"type":"binary-expr","locations":[{"start":{"line":209,"column":6},"end":{"line":209,"column":18}},{"start":{"line":210,"column":6},"end":{"line":210,"column":68}}],"line":209},"14":{"loc":{"start":{"line":230,"column":96},"end":{"line":230,"column":37753}},"type":"binary-expr","locations":[{"start":{"line":230,"column":96},"end":{"line":230,"column":133}},{"start":{"line":230,"column":137},"end":{"line":230,"column":37753}}],"line":230}},"s":{"0":2,"1":6,"2":6,"3":6,"4":0,"5":2,"6":2,"7":2,"8":2,"9":2,"10":2,"11":2,"12":2,"13":2,"14":2,"15":2,"16":2,"17":2,"18":2,"19":2,"20":2,"21":2,"22":2,"23":2,"24":2,"25":2,"26":2,"27":2,"28":2,"29":2,"30":2,"31":2,"32":2,"33":2,"34":2,"35":2,"36":2,"37":2,"38":2,"39":0,"40":2,"41":3,"42":3,"43":0,"44":0,"45":3,"46":0,"47":0,"48":3,"49":3,"50":1,"51":1,"52":1,"53":1,"54":2,"55":1,"56":1,"57":1,"58":1,"59":1,"60":0,"61":0,"62":0,"63":1,"64":1,"65":2,"66":2,"67":2,"68":2},"f":{"0":6,"1":2,"2":2,"3":2,"4":2,"5":2,"6":3,"7":1},"b":{"0":[2,0],"1":[2,0],"2":[2,0],"3":[2,0],"4":[2,2],"5":[0,3],"6":[3,3,3,3,3],"7":[0,3],"8":[1,2],"9":[1,0],"10":[1,1],"11":[2,2],"12":[1,0],"13":[1,1],"14":[1,1]},"_coverageSchema":"1a1c01bbd47fc00a2c39e90264f33305004495a9","hash":"a42ad2f4670a0c41b61b9ef4db6032f37150e4e0"}
,"/Users/jordan/Documents/TrailTasks/helpers/Achievements/AchievementManager.ts": {"path":"/Users/jordan/Documents/TrailTasks/helpers/Achievements/AchievementManager.ts","statementMap":{"0":{"start":{"line":4,"column":34},"end":{"line":103,"column":1}},"1":{"start":{"line":7,"column":4},"end":{"line":19,"column":5}},"2":{"start":{"line":9,"column":35},"end":{"line":12,"column":7}},"3":{"start":{"line":13,"column":6},"end":{"line":15,"column":7}},"4":{"start":{"line":14,"column":8},"end":{"line":14,"column":36}},"5":{"start":{"line":16,"column":6},"end":{"line":16,"column":17}},"6":{"start":{"line":18,"column":6},"end":{"line":18,"column":60}},"7":{"start":{"line":28,"column":33},"end":{"line":28,"column":35}},"8":{"start":{"line":29,"column":4},"end":{"line":50,"column":5}},"9":{"start":{"line":33,"column":6},"end":{"line":39,"column":7}},"10":{"start":{"line":34,"column":8},"end":{"line":38,"column":9}},"11":{"start":{"line":35,"column":10},"end":{"line":37,"column":11}},"12":{"start":{"line":36,"column":12},"end":{"line":36,"column":54}},"13":{"start":{"line":41,"column":6},"end":{"line":47,"column":7}},"14":{"start":{"line":42,"column":37},"end":{"line":45,"column":9}},"15":{"start":{"line":46,"column":8},"end":{"line":46,"column":35}},"16":{"start":{"line":49,"column":6},"end":{"line":49,"column":70}},"17":{"start":{"line":58,"column":4},"end":{"line":99,"column":5}},"18":{"start":{"line":60,"column":35},"end":{"line":60,"column":37}},"19":{"start":{"line":62,"column":58},"end":{"line":65,"column":9}},"20":{"start":{"line":66,"column":6},"end":{"line":68,"column":9}},"21":{"start":{"line":67,"column":8},"end":{"line":67,"column":55}},"22":{"start":{"line":70,"column":6},"end":{"line":89,"column":7}},"23":{"start":{"line":72,"column":8},"end":{"line":88,"column":9}},"24":{"start":{"line":73,"column":38},"end":{"line":73,"column":42}},"25":{"start":{"line":76,"column":34},"end":{"line":76,"column":78}},"26":{"start":{"line":79,"column":10},"end":{"line":84,"column":11}},"27":{"start":{"line":80,"column":12},"end":{"line":83,"column":13}},"28":{"start":{"line":81,"column":14},"end":{"line":81,"column":44}},"29":{"start":{"line":82,"column":14},"end":{"line":82,"column":20}},"30":{"start":{"line":87,"column":10},"end":{"line":87,"column":79}},"31":{"start":{"line":87,"column":37},"end":{"line":87,"column":79}},"32":{"start":{"line":91,"column":6},"end":{"line":96,"column":7}},"33":{"start":{"line":92,"column":37},"end":{"line":95,"column":9}},"34":{"start":{"line":98,"column":6},"end":{"line":98,"column":75}}},"fnMap":{"0":{"name":"(anonymous_0)","decl":{"start":{"line":6,"column":2},"end":{"line":6,"column":3}},"loc":{"start":{"line":6,"column":73},"end":{"line":20,"column":3}},"line":6},"1":{"name":"(anonymous_1)","decl":{"start":{"line":23,"column":2},"end":{"line":23,"column":3}},"loc":{"start":{"line":27,"column":4},"end":{"line":51,"column":3}},"line":27},"2":{"name":"(anonymous_2)","decl":{"start":{"line":53,"column":2},"end":{"line":53,"column":3}},"loc":{"start":{"line":57,"column":4},"end":{"line":100,"column":3}},"line":57},"3":{"name":"(anonymous_3)","decl":{"start":{"line":66,"column":30},"end":{"line":66,"column":31}},"loc":{"start":{"line":66,"column":57},"end":{"line":68,"column":7}},"line":66}},"branchMap":{"0":{"loc":{"start":{"line":13,"column":6},"end":{"line":15,"column":7}},"type":"if","locations":[{"start":{"line":13,"column":6},"end":{"line":15,"column":7}},{"start":{},"end":{}}],"line":13},"1":{"loc":{"start":{"line":34,"column":8},"end":{"line":38,"column":9}},"type":"if","locations":[{"start":{"line":34,"column":8},"end":{"line":38,"column":9}},{"start":{},"end":{}}],"line":34},"2":{"loc":{"start":{"line":34,"column":12},"end":{"line":34,"column":84}},"type":"binary-expr","locations":[{"start":{"line":34,"column":12},"end":{"line":34,"column":34}},{"start":{"line":34,"column":38},"end":{"line":34,"column":84}}],"line":34},"3":{"loc":{"start":{"line":35,"column":10},"end":{"line":37,"column":11}},"type":"if","locations":[{"start":{"line":35,"column":10},"end":{"line":37,"column":11}},{"start":{},"end":{}}],"line":35},"4":{"loc":{"start":{"line":41,"column":6},"end":{"line":47,"column":7}},"type":"if","locations":[{"start":{"line":41,"column":6},"end":{"line":47,"column":7}},{"start":{},"end":{}}],"line":41},"5":{"loc":{"start":{"line":72,"column":8},"end":{"line":88,"column":9}},"type":"if","locations":[{"start":{"line":72,"column":8},"end":{"line":88,"column":9}},{"start":{},"end":{}}],"line":72},"6":{"loc":{"start":{"line":72,"column":12},"end":{"line":72,"column":89}},"type":"binary-expr","locations":[{"start":{"line":72,"column":12},"end":{"line":72,"column":34}},{"start":{"line":72,"column":38},"end":{"line":72,"column":89}}],"line":72},"7":{"loc":{"start":{"line":80,"column":12},"end":{"line":83,"column":13}},"type":"if","locations":[{"start":{"line":80,"column":12},"end":{"line":83,"column":13}},{"start":{},"end":{}}],"line":80},"8":{"loc":{"start":{"line":87,"column":10},"end":{"line":87,"column":79}},"type":"if","locations":[{"start":{"line":87,"column":10},"end":{"line":87,"column":79}},{"start":{},"end":{}}],"line":87},"9":{"loc":{"start":{"line":91,"column":6},"end":{"line":96,"column":7}},"type":"if","locations":[{"start":{"line":91,"column":6},"end":{"line":96,"column":7}},{"start":{},"end":{}}],"line":91}},"s":{"0":1,"1":3,"2":3,"3":3,"4":3,"5":0,"6":0,"7":2,"8":2,"9":2,"10":10,"11":6,"12":3,"13":2,"14":2,"15":2,"16":0,"17":0,"18":0,"19":0,"20":0,"21":0,"22":0,"23":0,"24":0,"25":0,"26":0,"27":0,"28":0,"29":0,"30":0,"31":0,"32":0,"33":0,"34":0},"f":{"0":3,"1":2,"2":0,"3":0},"b":{"0":[3,0],"1":[6,4],"2":[10,10],"3":[3,3],"4":[2,0],"5":[0,0],"6":[0,0],"7":[0,0],"8":[0,0],"9":[0,0]},"_coverageSchema":"1a1c01bbd47fc00a2c39e90264f33305004495a9","hash":"452aa251bd32e074d44ee29254da04109722ee6a"}
,"/Users/jordan/Documents/TrailTasks/helpers/Ranks/getUserRank.ts": {"path":"/Users/jordan/Documents/TrailTasks/helpers/Ranks/getUserRank.ts","statementMap":{"0":{"start":{"line":10,"column":2},"end":{"line":10,"column":68}},"1":{"start":{"line":10,"column":36},"end":{"line":10,"column":68}},"2":{"start":{"line":11,"column":19},"end":{"line":11,"column":20}},"3":{"start":{"line":12,"column":20},"end":{"line":12,"column":36}},"4":{"start":{"line":13,"column":20},"end":{"line":13,"column":44}},"5":{"start":{"line":15,"column":2},"end":{"line":25,"column":3}},"6":{"start":{"line":16,"column":4},"end":{"line":24,"column":5}},"7":{"start":{"line":17,"column":6},"end":{"line":17,"column":24}},"8":{"start":{"line":18,"column":9},"end":{"line":24,"column":5}},"9":{"start":{"line":19,"column":6},"end":{"line":19,"column":20}},"10":{"start":{"line":20,"column":6},"end":{"line":20,"column":39}},"11":{"start":{"line":21,"column":11},"end":{"line":24,"column":5}},"12":{"start":{"line":22,"column":6},"end":{"line":22,"column":19}},"13":{"start":{"line":23,"column":6},"end":{"line":23,"column":39}},"14":{"start":{"line":26,"column":2},"end":{"line":26,"column":19}}},"fnMap":{"0":{"name":"getUserRank","decl":{"start":{"line":9,"column":9},"end":{"line":9,"column":20}},"loc":{"start":{"line":9,"column":78},"end":{"line":27,"column":1}},"line":9}},"branchMap":{"0":{"loc":{"start":{"line":10,"column":2},"end":{"line":10,"column":68}},"type":"if","locations":[{"start":{"line":10,"column":2},"end":{"line":10,"column":68}},{"start":{},"end":{}}],"line":10},"1":{"loc":{"start":{"line":16,"column":4},"end":{"line":24,"column":5}},"type":"if","locations":[{"start":{"line":16,"column":4},"end":{"line":24,"column":5}},{"start":{"line":18,"column":9},"end":{"line":24,"column":5}}],"line":16},"2":{"loc":{"start":{"line":16,"column":8},"end":{"line":16,"column":78}},"type":"binary-expr","locations":[{"start":{"line":16,"column":8},"end":{"line":16,"column":41}},{"start":{"line":16,"column":45},"end":{"line":16,"column":78}}],"line":16},"3":{"loc":{"start":{"line":18,"column":9},"end":{"line":24,"column":5}},"type":"if","locations":[{"start":{"line":18,"column":9},"end":{"line":24,"column":5}},{"start":{"line":21,"column":11},"end":{"line":24,"column":5}}],"line":18},"4":{"loc":{"start":{"line":21,"column":11},"end":{"line":24,"column":5}},"type":"if","locations":[{"start":{"line":21,"column":11},"end":{"line":24,"column":5}},{"start":{},"end":{}}],"line":21}},"s":{"0":1,"1":0,"2":1,"3":1,"4":1,"5":1,"6":5,"7":1,"8":4,"9":1,"10":1,"11":3,"12":3,"13":3,"14":0},"f":{"0":1},"b":{"0":[0,1],"1":[1,4],"2":[5,4],"3":[1,3],"4":[3,0]},"_coverageSchema":"1a1c01bbd47fc00a2c39e90264f33305004495a9","hash":"2f0237119b36a1141c8625e47521f2a1880d781a"}
,"/Users/jordan/Documents/TrailTasks/helpers/Ranks/ranksData.ts": {"path":"/Users/jordan/Documents/TrailTasks/helpers/Ranks/ranksData.ts","statementMap":{"0":{"start":{"line":8,"column":22},"end":{"line":720,"column":1}}},"fnMap":{},"branchMap":{},"s":{"0":1},"f":{},"b":{},"_coverageSchema":"1a1c01bbd47fc00a2c39e90264f33305004495a9","hash":"daae898ec756bf5db256773aa9089604cc9b962b"}
,"/Users/jordan/Documents/TrailTasks/watermelon/mockDB.ts": {"path":"/Users/jordan/Documents/TrailTasks/watermelon/mockDB.ts","statementMap":{"0":{"start":{"line":22,"column":16},"end":{"line":30,"column":2}},"1":{"start":{"line":32,"column":23},"end":{"line":50,"column":2}}},"fnMap":{},"branchMap":{},"s":{"0":3,"1":3},"f":{},"b":{},"_coverageSchema":"1a1c01bbd47fc00a2c39e90264f33305004495a9","hash":"0781f97ca4eda13575bdb9f4ae6640e7cb687560"}
,"/Users/jordan/Documents/TrailTasks/watermelon/models.js": {"path":"/Users/jordan/Documents/TrailTasks/watermelon/models.js","statementMap":{"0":{"start":{"line":17,"column":17},"end":{"line":17,"column":24}},"1":{"start":{"line":18,"column":24},"end":{"line":21,"column":3}},"2":{"start":{"line":31,"column":17},"end":{"line":31,"column":25}},"3":{"start":{"line":32,"column":24},"end":{"line":38,"column":3}},"4":{"start":{"line":63,"column":22},"end":{"line":68,"column":8}},"5":{"start":{"line":66,"column":8},"end":{"line":66,"column":31}},"6":{"start":{"line":67,"column":8},"end":{"line":67,"column":29}},"7":{"start":{"line":69,"column":4},"end":{"line":69,"column":21}},"8":{"start":{"line":73,"column":27},"end":{"line":75,"column":77}},"9":{"start":{"line":76,"column":24},"end":{"line":76,"column":92}},"10":{"start":{"line":77,"column":4},"end":{"line":77,"column":44}},"11":{"start":{"line":82,"column":17},"end":{"line":82,"column":44}},"12":{"start":{"line":83,"column":24},"end":{"line":85,"column":3}},"13":{"start":{"line":93,"column":17},"end":{"line":93,"column":24}},"14":{"start":{"line":94,"column":24},"end":{"line":103,"column":3}},"15":{"start":{"line":129,"column":20},"end":{"line":129,"column":71}},"16":{"start":{"line":130,"column":35},"end":{"line":132,"column":3}},"17":{"start":{"line":136,"column":4},"end":{"line":150,"column":6}},"18":{"start":{"line":154,"column":4},"end":{"line":166,"column":6}},"19":{"start":{"line":156,"column":8},"end":{"line":156,"column":76}},"20":{"start":{"line":159,"column":8},"end":{"line":159,"column":80}},"21":{"start":{"line":162,"column":8},"end":{"line":164,"column":21}},"22":{"start":{"line":172,"column":4},"end":{"line":174,"column":7}},"23":{"start":{"line":173,"column":6},"end":{"line":173,"column":75}},"24":{"start":{"line":178,"column":4},"end":{"line":182,"column":7}},"25":{"start":{"line":179,"column":6},"end":{"line":179,"column":29}},"26":{"start":{"line":180,"column":6},"end":{"line":180,"column":34}},"27":{"start":{"line":181,"column":6},"end":{"line":181,"column":43}},"28":{"start":{"line":193,"column":20},"end":{"line":204,"column":6}},"29":{"start":{"line":194,"column":6},"end":{"line":194,"column":31}},"30":{"start":{"line":195,"column":6},"end":{"line":195,"column":33}},"31":{"start":{"line":196,"column":6},"end":{"line":196,"column":31}},"32":{"start":{"line":197,"column":6},"end":{"line":197,"column":25}},"33":{"start":{"line":198,"column":6},"end":{"line":198,"column":31}},"34":{"start":{"line":199,"column":6},"end":{"line":199,"column":43}},"35":{"start":{"line":200,"column":6},"end":{"line":200,"column":37}},"36":{"start":{"line":201,"column":6},"end":{"line":201,"column":25}},"37":{"start":{"line":202,"column":6},"end":{"line":202,"column":33}},"38":{"start":{"line":203,"column":6},"end":{"line":203,"column":42}},"39":{"start":{"line":205,"column":4},"end":{"line":205,"column":19}},"40":{"start":{"line":209,"column":4},"end":{"line":212,"column":7}},"41":{"start":{"line":210,"column":6},"end":{"line":210,"column":35}},"42":{"start":{"line":211,"column":6},"end":{"line":211,"column":37}},"43":{"start":{"line":217,"column":4},"end":{"line":236,"column":5}},"44":{"start":{"line":218,"column":35},"end":{"line":229,"column":7}},"45":{"start":{"line":220,"column":33},"end":{"line":226,"column":14}},"46":{"start":{"line":223,"column":14},"end":{"line":223,"column":47}},"47":{"start":{"line":224,"column":14},"end":{"line":224,"column":61}},"48":{"start":{"line":225,"column":14},"end":{"line":225,"column":72}},"49":{"start":{"line":227,"column":10},"end":{"line":227,"column":32}},"50":{"start":{"line":230,"column":6},"end":{"line":230,"column":57}},"51":{"start":{"line":232,"column":6},"end":{"line":232,"column":34}},"52":{"start":{"line":234,"column":6},"end":{"line":234,"column":57}},"53":{"start":{"line":235,"column":6},"end":{"line":235,"column":16}},"54":{"start":{"line":240,"column":4},"end":{"line":242,"column":7}},"55":{"start":{"line":241,"column":6},"end":{"line":241,"column":77}},"56":{"start":{"line":250,"column":4},"end":{"line":259,"column":9}},"57":{"start":{"line":253,"column":8},"end":{"line":253,"column":39}},"58":{"start":{"line":254,"column":8},"end":{"line":254,"column":47}},"59":{"start":{"line":255,"column":8},"end":{"line":255,"column":61}},"60":{"start":{"line":256,"column":8},"end":{"line":256,"column":46}},"61":{"start":{"line":257,"column":8},"end":{"line":257,"column":42}},"62":{"start":{"line":258,"column":8},"end":{"line":258,"column":59}},"63":{"start":{"line":268,"column":4},"end":{"line":276,"column":9}},"64":{"start":{"line":271,"column":8},"end":{"line":271,"column":39}},"65":{"start":{"line":272,"column":8},"end":{"line":272,"column":40}},"66":{"start":{"line":273,"column":8},"end":{"line":273,"column":60}},"67":{"start":{"line":274,"column":8},"end":{"line":274,"column":58}},"68":{"start":{"line":275,"column":8},"end":{"line":275,"column":56}},"69":{"start":{"line":284,"column":26},"end":{"line":286,"column":28}},"70":{"start":{"line":288,"column":4},"end":{"line":291,"column":7}},"71":{"start":{"line":289,"column":6},"end":{"line":289,"column":58}},"72":{"start":{"line":290,"column":6},"end":{"line":290,"column":54}},"73":{"start":{"line":296,"column":26},"end":{"line":300,"column":7}},"74":{"start":{"line":301,"column":4},"end":{"line":301,"column":28}},"75":{"start":{"line":306,"column":17},"end":{"line":306,"column":30}},"76":{"start":{"line":307,"column":24},"end":{"line":309,"column":3}},"77":{"start":{"line":318,"column":17},"end":{"line":318,"column":25}},"78":{"start":{"line":319,"column":24},"end":{"line":321,"column":3}},"79":{"start":{"line":332,"column":17},"end":{"line":334,"column":53}},"80":{"start":{"line":338,"column":17},"end":{"line":338,"column":31}},"81":{"start":{"line":339,"column":24},"end":{"line":341,"column":3}},"82":{"start":{"line":354,"column":23},"end":{"line":356,"column":65}},"83":{"start":{"line":359,"column":17},"end":{"line":359,"column":37}},"84":{"start":{"line":360,"column":24},"end":{"line":363,"column":3}},"85":{"start":{"line":378,"column":17},"end":{"line":378,"column":34}},"86":{"start":{"line":379,"column":24},"end":{"line":382,"column":3}},"87":{"start":{"line":401,"column":17},"end":{"line":401,"column":32}},"88":{"start":{"line":402,"column":24},"end":{"line":405,"column":3}},"89":{"start":{"line":419,"column":4},"end":{"line":419,"column":31}},"90":{"start":{"line":423,"column":17},"end":{"line":423,"column":30}},"91":{"start":{"line":424,"column":24},"end":{"line":426,"column":3}},"92":{"start":{"line":438,"column":4},"end":{"line":440,"column":7}},"93":{"start":{"line":439,"column":6},"end":{"line":439,"column":69}},"94":{"start":{"line":444,"column":17},"end":{"line":444,"column":31}},"95":{"start":{"line":445,"column":24},"end":{"line":448,"column":3}},"96":{"start":{"line":462,"column":17},"end":{"line":462,"column":37}},"97":{"start":{"line":463,"column":24},"end":{"line":465,"column":3}},"98":{"start":{"line":473,"column":17},"end":{"line":473,"column":33}},"99":{"start":{"line":474,"column":24},"end":{"line":480,"column":3}},"100":{"start":{"line":499,"column":4},"end":{"line":503,"column":7}},"101":{"start":{"line":500,"column":6},"end":{"line":502,"column":19}},"102":{"start":{"line":507,"column":4},"end":{"line":509,"column":7}},"103":{"start":{"line":508,"column":6},"end":{"line":508,"column":56}},"104":{"start":{"line":514,"column":17},"end":{"line":514,"column":38}},"105":{"start":{"line":515,"column":24},"end":{"line":517,"column":3}},"106":{"start":{"line":534,"column":85},"end":{"line":534,"column":37765}},"107":{"start":{"line":534,"column":89},"end":{"line":534,"column":37754}}},"fnMap":{"0":{"name":"(anonymous_0)","decl":{"start":{"line":62,"column":2},"end":{"line":62,"column":3}},"loc":{"start":{"line":62,"column":44},"end":{"line":70,"column":3}},"line":62},"1":{"name":"(anonymous_1)","decl":{"start":{"line":65,"column":14},"end":{"line":65,"column":15}},"loc":{"start":{"line":65,"column":24},"end":{"line":68,"column":7}},"line":65},"2":{"name":"(anonymous_2)","decl":{"start":{"line":72,"column":2},"end":{"line":72,"column":3}},"loc":{"start":{"line":72,"column":49},"end":{"line":78,"column":3}},"line":72},"3":{"name":"(anonymous_3)","decl":{"start":{"line":135,"column":2},"end":{"line":135,"column":3}},"loc":{"start":{"line":135,"column":26},"end":{"line":151,"column":3}},"line":135},"4":{"name":"(anonymous_4)","decl":{"start":{"line":153,"column":2},"end":{"line":153,"column":3}},"loc":{"start":{"line":153,"column":76},"end":{"line":167,"column":3}},"line":153},"5":{"name":"(anonymous_5)","decl":{"start":{"line":155,"column":25},"end":{"line":155,"column":26}},"loc":{"start":{"line":155,"column":35},"end":{"line":157,"column":7}},"line":155},"6":{"name":"(anonymous_6)","decl":{"start":{"line":158,"column":30},"end":{"line":158,"column":31}},"loc":{"start":{"line":158,"column":45},"end":{"line":160,"column":7}},"line":158},"7":{"name":"(anonymous_7)","decl":{"start":{"line":161,"column":32},"end":{"line":161,"column":33}},"loc":{"start":{"line":161,"column":49},"end":{"line":165,"column":7}},"line":161},"8":{"name":"(anonymous_8)","decl":{"start":{"line":171,"column":2},"end":{"line":171,"column":3}},"loc":{"start":{"line":171,"column":45},"end":{"line":175,"column":3}},"line":171},"9":{"name":"(anonymous_9)","decl":{"start":{"line":172,"column":29},"end":{"line":172,"column":30}},"loc":{"start":{"line":172,"column":35},"end":{"line":174,"column":5}},"line":172},"10":{"name":"(anonymous_10)","decl":{"start":{"line":177,"column":2},"end":{"line":177,"column":3}},"loc":{"start":{"line":177,"column":59},"end":{"line":183,"column":3}},"line":177},"11":{"name":"(anonymous_11)","decl":{"start":{"line":178,"column":29},"end":{"line":178,"column":30}},"loc":{"start":{"line":178,"column":35},"end":{"line":182,"column":5}},"line":178},"12":{"name":"(anonymous_12)","decl":{"start":{"line":185,"column":2},"end":{"line":185,"column":3}},"loc":{"start":{"line":192,"column":4},"end":{"line":206,"column":3}},"line":192},"13":{"name":"(anonymous_13)","decl":{"start":{"line":193,"column":63},"end":{"line":193,"column":64}},"loc":{"start":{"line":193,"column":73},"end":{"line":204,"column":5}},"line":193},"14":{"name":"(anonymous_14)","decl":{"start":{"line":208,"column":2},"end":{"line":208,"column":3}},"loc":{"start":{"line":208,"column":30},"end":{"line":213,"column":3}},"line":208},"15":{"name":"(anonymous_15)","decl":{"start":{"line":209,"column":60},"end":{"line":209,"column":61}},"loc":{"start":{"line":209,"column":76},"end":{"line":212,"column":5}},"line":209},"16":{"name":"(anonymous_16)","decl":{"start":{"line":216,"column":2},"end":{"line":216,"column":3}},"loc":{"start":{"line":216,"column":68},"end":{"line":237,"column":3}},"line":216},"17":{"name":"(anonymous_17)","decl":{"start":{"line":219,"column":36},"end":{"line":219,"column":37}},"loc":{"start":{"line":219,"column":61},"end":{"line":228,"column":9}},"line":219},"18":{"name":"(anonymous_18)","decl":{"start":{"line":222,"column":27},"end":{"line":222,"column":28}},"loc":{"start":{"line":222,"column":49},"end":{"line":226,"column":13}},"line":222},"19":{"name":"(anonymous_19)","decl":{"start":{"line":239,"column":2},"end":{"line":239,"column":3}},"loc":{"start":{"line":239,"column":46},"end":{"line":243,"column":3}},"line":239},"20":{"name":"(anonymous_20)","decl":{"start":{"line":240,"column":40},"end":{"line":240,"column":41}},"loc":{"start":{"line":240,"column":54},"end":{"line":242,"column":5}},"line":240},"21":{"name":"(anonymous_21)","decl":{"start":{"line":245,"column":2},"end":{"line":245,"column":3}},"loc":{"start":{"line":249,"column":5},"end":{"line":260,"column":3}},"line":249},"22":{"name":"(anonymous_22)","decl":{"start":{"line":252,"column":14},"end":{"line":252,"column":15}},"loc":{"start":{"line":252,"column":32},"end":{"line":259,"column":7}},"line":252},"23":{"name":"(anonymous_23)","decl":{"start":{"line":262,"column":2},"end":{"line":262,"column":3}},"loc":{"start":{"line":267,"column":5},"end":{"line":277,"column":3}},"line":267},"24":{"name":"(anonymous_24)","decl":{"start":{"line":270,"column":14},"end":{"line":270,"column":15}},"loc":{"start":{"line":270,"column":33},"end":{"line":276,"column":7}},"line":270},"25":{"name":"(anonymous_25)","decl":{"start":{"line":279,"column":2},"end":{"line":279,"column":3}},"loc":{"start":{"line":283,"column":5},"end":{"line":292,"column":3}},"line":283},"26":{"name":"(anonymous_26)","decl":{"start":{"line":288,"column":38},"end":{"line":288,"column":39}},"loc":{"start":{"line":288,"column":57},"end":{"line":291,"column":5}},"line":288},"27":{"name":"(anonymous_27)","decl":{"start":{"line":295,"column":2},"end":{"line":295,"column":3}},"loc":{"start":{"line":295,"column":40},"end":{"line":302,"column":3}},"line":295},"28":{"name":"(anonymous_28)","decl":{"start":{"line":418,"column":2},"end":{"line":418,"column":3}},"loc":{"start":{"line":418,"column":39},"end":{"line":420,"column":3}},"line":418},"29":{"name":"(anonymous_29)","decl":{"start":{"line":437,"column":2},"end":{"line":437,"column":3}},"loc":{"start":{"line":437,"column":42},"end":{"line":441,"column":3}},"line":437},"30":{"name":"(anonymous_30)","decl":{"start":{"line":438,"column":29},"end":{"line":438,"column":30}},"loc":{"start":{"line":438,"column":35},"end":{"line":440,"column":5}},"line":438},"31":{"name":"(anonymous_31)","decl":{"start":{"line":498,"column":2},"end":{"line":498,"column":3}},"loc":{"start":{"line":498,"column":50},"end":{"line":504,"column":3}},"line":498},"32":{"name":"(anonymous_32)","decl":{"start":{"line":499,"column":29},"end":{"line":499,"column":30}},"loc":{"start":{"line":499,"column":35},"end":{"line":503,"column":5}},"line":499},"33":{"name":"(anonymous_33)","decl":{"start":{"line":506,"column":2},"end":{"line":506,"column":3}},"loc":{"start":{"line":506,"column":41},"end":{"line":510,"column":3}},"line":506},"34":{"name":"(anonymous_34)","decl":{"start":{"line":507,"column":29},"end":{"line":507,"column":30}},"loc":{"start":{"line":507,"column":35},"end":{"line":509,"column":5}},"line":507},"35":{"name":"oo_cm","decl":{"start":{"line":534,"column":77},"end":{"line":534,"column":82}},"loc":{"start":{"line":534,"column":84},"end":{"line":534,"column":37766}},"line":534}},"branchMap":{"0":{"loc":{"start":{"line":534,"column":96},"end":{"line":534,"column":37753}},"type":"binary-expr","locations":[{"start":{"line":534,"column":96},"end":{"line":534,"column":133}},{"start":{"line":534,"column":137},"end":{"line":534,"column":37753}}],"line":534}},"s":{"0":3,"1":3,"2":3,"3":3,"4":0,"5":0,"6":0,"7":0,"8":0,"9":0,"10":0,"11":3,"12":3,"13":3,"14":3,"15":0,"16":0,"17":0,"18":0,"19":0,"20":0,"21":0,"22":0,"23":0,"24":0,"25":0,"26":0,"27":0,"28":0,"29":0,"30":0,"31":0,"32":0,"33":0,"34":0,"35":0,"36":0,"37":0,"38":0,"39":0,"40":0,"41":0,"42":0,"43":3,"44":3,"45":5,"46":5,"47":5,"48":5,"49":5,"50":3,"51":3,"52":0,"53":0,"54":0,"55":0,"56":0,"57":0,"58":0,"59":0,"60":0,"61":0,"62":0,"63":0,"64":0,"65":0,"66":0,"67":0,"68":0,"69":0,"70":0,"71":0,"72":0,"73":0,"74":0,"75":3,"76":3,"77":3,"78":3,"79":0,"80":3,"81":3,"82":0,"83":3,"84":3,"85":3,"86":3,"87":3,"88":3,"89":0,"90":3,"91":3,"92":0,"93":0,"94":3,"95":3,"96":3,"97":3,"98":3,"99":3,"100":0,"101":0,"102":0,"103":0,"104":3,"105":3,"106":0,"107":0},"f":{"0":0,"1":0,"2":0,"3":0,"4":0,"5":0,"6":0,"7":0,"8":0,"9":0,"10":0,"11":0,"12":0,"13":0,"14":0,"15":0,"16":3,"17":5,"18":5,"19":0,"20":0,"21":0,"22":0,"23":0,"24":0,"25":0,"26":0,"27":0,"28":0,"29":0,"30":0,"31":0,"32":0,"33":0,"34":0,"35":0},"b":{"0":[0,0]},"_coverageSchema":"1a1c01bbd47fc00a2c39e90264f33305004495a9","hash":"e709150e0d5b2c65dbf372288486678c97679e73"}
,"/Users/jordan/Documents/TrailTasks/watermelon/schema.js": {"path":"/Users/jordan/Documents/TrailTasks/watermelon/schema.js","statementMap":{"0":{"start":{"line":3,"column":15},"end":{"line":160,"column":2}}},"fnMap":{},"branchMap":{},"s":{"0":3},"f":{},"b":{},"_coverageSchema":"1a1c01bbd47fc00a2c39e90264f33305004495a9","hash":"d9564235638ce468df09a250d67e4bef0f9120eb"}
}
