TN:
SF:__tests__/mockTestUsers.js
FNF:0
FNH:0
DA:3,3
DA:4,3
LF:2
LH:2
BRF:0
BRH:0
end_of_record
TN:
SF:assets/Achievements/addAchievementIds.js
FN:3,achievementsWithIds
FNF:1
FNH:1
FNDA:2,achievementsWithIds
DA:4,2
DA:5,2
DA:6,362
DA:8,2
DA:11,1
LF:5
LH:5
BRF:0
BRH:0
end_of_record
TN:
SF:assets/Achievements/masterAchievementList.js
FNF:0
FNH:0
DA:1,1
LF:1
LH:1
BRF:0
BRH:0
end_of_record
TN:
SF:assets/RankBadges/advanced.png
FNF:0
FNH:0
DA:1,1
LF:1
LH:1
BRF:0
BRH:0
end_of_record
TN:
SF:assets/RankBadges/amateur.png
FNF:0
FNH:0
DA:1,1
LF:1
LH:1
BRF:0
BRH:0
end_of_record
TN:
SF:assets/RankBadges/beginner.png
FNF:0
FNH:0
DA:1,1
LF:1
LH:1
BRF:0
BRH:0
end_of_record
TN:
SF:assets/RankBadges/elite.png
FNF:0
FNH:0
DA:1,1
LF:1
LH:1
BRF:0
BRH:0
end_of_record
TN:
SF:assets/RankBadges/experienced.png
FNF:0
FNH:0
DA:1,1
LF:1
LH:1
BRF:0
BRH:0
end_of_record
TN:
SF:assets/RankBadges/expert.png
FNF:0
FNH:0
DA:1,1
LF:1
LH:1
BRF:0
BRH:0
end_of_record
TN:
SF:assets/RankBadges/intermediate.png
FNF:0
FNH:0
DA:1,1
LF:1
LH:1
BRF:0
BRH:0
end_of_record
TN:
SF:assets/RankBadges/journeyman.png
FNF:0
FNH:0
DA:1,1
LF:1
LH:1
BRF:0
BRH:0
end_of_record
TN:
SF:assets/RankBadges/legendary.png
FNF:0
FNH:0
DA:1,1
LF:1
LH:1
BRF:0
BRH:0
end_of_record
TN:
SF:assets/RankBadges/master.png
FNF:0
FNH:0
DA:1,1
LF:1
LH:1
BRF:0
BRH:0
end_of_record
TN:
SF:helpers/formatDateTime.ts
FN:1,formatDateTime
FNF:1
FNH:1
FNDA:9,formatDateTime
DA:2,9
DA:3,9
DA:4,9
DA:5,9
DA:6,9
DA:7,9
DA:8,9
DA:9,9
LF:8
LH:8
BRF:0
BRH:0
end_of_record
TN:
SF:helpers/formatTime.tsx
FN:1,(anonymous_0)
FNF:1
FNH:1
FNDA:5,(anonymous_0)
DA:1,3
DA:2,5
DA:3,5
DA:4,5
DA:6,5
DA:8,5
DA:9,5
DA:12,5
DA:13,5
DA:16,5
DA:17,5
DA:20,5
LF:12
LH:12
BRDA:8,0,0,5
BRDA:8,0,1,0
BRDA:12,1,0,5
BRDA:12,1,1,0
BRDA:16,2,0,5
BRDA:16,2,1,0
BRF:6
BRH:3
end_of_record
TN:
SF:helpers/loginHelpers.ts
FN:5,(anonymous_0)
FN:22,(anonymous_1)
FN:50,(anonymous_2)
FN:79,(anonymous_3)
FN:102,(anonymous_4)
FNF:5
FNH:4
FNDA:3,(anonymous_0)
FNDA:3,(anonymous_1)
FNDA:1,(anonymous_2)
FNDA:2,(anonymous_3)
FNDA:0,(anonymous_4)
DA:5,2
DA:10,3
DA:11,3
DA:16,3
DA:18,0
DA:22,2
DA:26,3
DA:28,3
DA:31,1
DA:35,1
DA:37,1
DA:41,1
DA:44,2
DA:46,0
DA:50,2
DA:54,1
DA:55,1
DA:56,1
DA:62,1
DA:66,1
DA:67,1
DA:72,1
DA:74,0
DA:79,2
DA:83,2
DA:85,2
DA:87,2
DA:88,1
DA:91,1
DA:92,1
DA:95,1
DA:98,0
DA:102,2
DA:115,0
DA:116,0
DA:117,0
DA:118,0
DA:121,0
DA:127,0
DA:128,0
DA:129,0
DA:132,0
DA:133,0
DA:137,0
DA:138,0
DA:139,0
DA:142,0
LF:47
LH:29
BRDA:28,0,0,1
BRDA:28,0,1,2
BRDA:28,1,0,3
BRDA:28,1,1,3
BRDA:35,2,0,1
BRDA:35,2,1,0
BRDA:35,3,0,1
BRDA:35,3,1,1
BRDA:66,4,0,1
BRDA:66,4,1,0
BRDA:87,5,0,1
BRDA:87,5,1,1
BRDA:91,6,0,1
BRDA:91,6,1,0
BRDA:116,7,0,0
BRDA:116,7,1,0
BRDA:116,8,0,0
BRDA:116,8,1,0
BRDA:127,9,0,0
BRDA:127,9,1,0
BRDA:137,10,0,0
BRDA:137,10,1,0
BRF:22
BRH:11
end_of_record
TN:
SF:helpers/registerHelpers.ts
FN:6,(anonymous_0)
FN:27,(anonymous_1)
FN:50,(anonymous_2)
FN:53,(anonymous_3)
FN:91,(anonymous_4)
FN:100,(anonymous_5)
FN:140,(anonymous_6)
FN:230,oo_cm
FNF:8
FNH:8
FNDA:6,(anonymous_0)
FNDA:2,(anonymous_1)
FNDA:2,(anonymous_2)
FNDA:2,(anonymous_3)
FNDA:2,(anonymous_4)
FNDA:2,(anonymous_5)
FNDA:3,(anonymous_6)
FNDA:1,oo_cm
DA:6,2
DA:15,6
DA:16,6
DA:21,6
DA:23,0
DA:27,2
DA:46,2
DA:47,2
DA:50,2
DA:51,2
DA:55,2
DA:57,2
DA:59,2
DA:61,2
DA:63,2
DA:65,2
DA:67,2
DA:69,2
DA:71,2
DA:73,2
DA:88,2
DA:89,2
DA:93,2
DA:95,2
DA:98,2
DA:102,2
DA:104,2
DA:105,2
DA:108,2
DA:109,2
DA:114,2
DA:115,2
DA:122,2
DA:124,2
DA:125,2
DA:127,2
DA:128,2
DA:132,2
DA:133,2
DA:136,0
DA:140,2
DA:161,3
DA:162,3
DA:169,0
DA:170,0
DA:172,3
DA:173,0
DA:174,0
DA:177,3
DA:183,3
DA:184,1
DA:195,1
DA:196,1
DA:198,1
DA:200,2
DA:206,1
DA:207,1
DA:208,1
DA:214,1
DA:215,1
DA:217,0
DA:218,0
DA:221,0
DA:230,2
LF:64
LH:55
BRDA:88,0,0,2
BRDA:88,0,1,0
BRDA:108,1,0,2
BRDA:108,1,1,0
BRDA:114,2,0,2
BRDA:114,2,1,0
BRDA:124,3,0,2
BRDA:124,3,1,0
BRDA:124,4,0,2
BRDA:124,4,1,2
BRDA:162,5,0,0
BRDA:162,5,1,3
BRDA:163,6,0,3
BRDA:163,6,1,3
BRDA:163,6,2,3
BRDA:163,6,3,3
BRDA:163,6,4,3
BRDA:172,7,0,0
BRDA:172,7,1,3
BRDA:183,8,0,1
BRDA:183,8,1,2
BRDA:195,9,0,1
BRDA:195,9,1,0
BRDA:200,10,0,1
BRDA:200,10,1,1
BRDA:201,11,0,2
BRDA:201,11,1,2
BRDA:208,12,0,1
BRDA:208,12,1,0
BRDA:209,13,0,1
BRDA:209,13,1,1
BRDA:230,14,0,1
BRDA:230,14,1,1
BRF:33
BRH:25
end_of_record
TN:
SF:helpers/Achievements/AchievementManager.ts
FN:13,(anonymous_0)
FN:32,(anonymous_1)
FN:67,(anonymous_2)
FN:74,(anonymous_3)
FN:85,(anonymous_4)
FN:98,(anonymous_5)
FN:109,(anonymous_6)
FNF:7
FNH:2
FNDA:3,(anonymous_0)
FNDA:2,(anonymous_1)
FNDA:0,(anonymous_2)
FNDA:0,(anonymous_3)
FNDA:0,(anonymous_4)
FNDA:0,(anonymous_5)
FNDA:0,(anonymous_6)
DA:10,1
DA:14,3
DA:17,3
DA:21,3
DA:22,3
DA:24,0
DA:26,0
DA:27,0
DA:37,2
DA:38,2
DA:42,2
DA:43,362
DA:47,40
DA:50,4
DA:55,2
DA:56,2
DA:60,2
DA:63,0
DA:72,0
DA:73,0
DA:74,0
DA:76,0
DA:77,0
DA:83,0
DA:84,0
DA:85,0
DA:89,0
DA:90,0
DA:91,0
DA:92,0
DA:97,0
DA:98,0
DA:99,0
DA:101,0
DA:102,0
DA:107,0
DA:108,0
DA:109,0
DA:110,0
DA:112,0
DA:113,0
DA:119,0
DA:120,0
DA:123,0
LF:44
LH:14
BRDA:21,0,0,3
BRDA:21,0,1,0
BRDA:43,1,0,40
BRDA:43,1,1,322
BRDA:44,2,0,362
BRDA:44,2,1,362
BRDA:47,3,0,4
BRDA:47,3,1,36
BRDA:55,4,0,2
BRDA:55,4,1,0
BRDA:77,5,0,0
BRDA:77,5,1,0
BRDA:78,6,0,0
BRDA:78,6,1,0
BRDA:78,6,2,0
BRDA:78,6,3,0
BRDA:84,7,0,0
BRDA:84,7,1,0
BRDA:89,8,0,0
BRDA:89,8,1,0
BRDA:91,9,0,0
BRDA:91,9,1,0
BRDA:97,10,0,0
BRDA:97,10,1,0
BRDA:101,11,0,0
BRDA:101,11,1,0
BRDA:107,12,0,0
BRDA:107,12,1,0
BRDA:112,13,0,0
BRDA:112,13,1,0
BRDA:119,14,0,0
BRDA:119,14,1,0
BRF:32
BRH:8
end_of_record
TN:
SF:helpers/Ranks/getUserRank.ts
FN:9,getUserRank
FNF:1
FNH:1
FNDA:1,getUserRank
DA:10,1
DA:11,1
DA:12,1
DA:13,1
DA:15,1
DA:16,5
DA:17,1
DA:18,4
DA:19,1
DA:20,1
DA:21,3
DA:22,3
DA:23,3
DA:26,0
LF:14
LH:13
BRDA:10,0,0,0
BRDA:10,0,1,1
BRDA:16,1,0,1
BRDA:16,1,1,4
BRDA:16,2,0,5
BRDA:16,2,1,4
BRDA:18,3,0,1
BRDA:18,3,1,3
BRDA:21,4,0,3
BRDA:21,4,1,0
BRF:10
BRH:8
end_of_record
TN:
SF:helpers/Ranks/ranksData.ts
FNF:0
FNH:0
DA:8,1
LF:1
LH:1
BRF:0
BRH:0
end_of_record
TN:
SF:watermelon/mockDB.ts
FNF:0
FNH:0
DA:22,3
DA:32,3
LF:2
LH:2
BRF:0
BRH:0
end_of_record
TN:
SF:watermelon/models.js
FN:62,(anonymous_0)
FN:65,(anonymous_1)
FN:72,(anonymous_2)
FN:135,(anonymous_3)
FN:153,(anonymous_4)
FN:155,(anonymous_5)
FN:158,(anonymous_6)
FN:161,(anonymous_7)
FN:171,(anonymous_8)
FN:172,(anonymous_9)
FN:177,(anonymous_10)
FN:178,(anonymous_11)
FN:185,(anonymous_12)
FN:193,(anonymous_13)
FN:208,(anonymous_14)
FN:209,(anonymous_15)
FN:215,(anonymous_16)
FN:219,(anonymous_17)
FN:222,(anonymous_18)
FN:245,(anonymous_19)
FN:246,(anonymous_20)
FN:251,(anonymous_21)
FN:258,(anonymous_22)
FN:268,(anonymous_23)
FN:276,(anonymous_24)
FN:285,(anonymous_25)
FN:294,(anonymous_26)
FN:301,(anonymous_27)
FN:424,(anonymous_28)
FN:443,(anonymous_29)
FN:444,(anonymous_30)
FN:504,(anonymous_31)
FN:505,(anonymous_32)
FN:512,(anonymous_33)
FN:513,(anonymous_34)
FN:540,oo_cm
FNF:36
FNH:3
FNDA:0,(anonymous_0)
FNDA:0,(anonymous_1)
FNDA:0,(anonymous_2)
FNDA:0,(anonymous_3)
FNDA:0,(anonymous_4)
FNDA:0,(anonymous_5)
FNDA:0,(anonymous_6)
FNDA:0,(anonymous_7)
FNDA:0,(anonymous_8)
FNDA:0,(anonymous_9)
FNDA:0,(anonymous_10)
FNDA:0,(anonymous_11)
FNDA:0,(anonymous_12)
FNDA:0,(anonymous_13)
FNDA:0,(anonymous_14)
FNDA:0,(anonymous_15)
FNDA:3,(anonymous_16)
FNDA:5,(anonymous_17)
FNDA:5,(anonymous_18)
FNDA:0,(anonymous_19)
FNDA:0,(anonymous_20)
FNDA:0,(anonymous_21)
FNDA:0,(anonymous_22)
FNDA:0,(anonymous_23)
FNDA:0,(anonymous_24)
FNDA:0,(anonymous_25)
FNDA:0,(anonymous_26)
FNDA:0,(anonymous_27)
FNDA:0,(anonymous_28)
FNDA:0,(anonymous_29)
FNDA:0,(anonymous_30)
FNDA:0,(anonymous_31)
FNDA:0,(anonymous_32)
FNDA:0,(anonymous_33)
FNDA:0,(anonymous_34)
FNDA:0,oo_cm
DA:17,3
DA:18,3
DA:31,3
DA:32,3
DA:63,0
DA:66,0
DA:67,0
DA:69,0
DA:73,0
DA:76,0
DA:77,0
DA:82,3
DA:83,3
DA:93,3
DA:94,3
DA:129,0
DA:130,0
DA:136,0
DA:154,0
DA:156,0
DA:159,0
DA:162,0
DA:172,0
DA:173,0
DA:178,0
DA:179,0
DA:180,0
DA:181,0
DA:193,0
DA:194,0
DA:195,0
DA:196,0
DA:197,0
DA:198,0
DA:199,0
DA:200,0
DA:201,0
DA:202,0
DA:203,0
DA:205,0
DA:209,0
DA:210,0
DA:211,0
DA:216,3
DA:218,3
DA:220,5
DA:223,5
DA:224,5
DA:225,5
DA:227,5
DA:229,5
DA:231,0
DA:237,3
DA:238,3
DA:240,0
DA:241,0
DA:246,0
DA:247,0
DA:256,0
DA:259,0
DA:260,0
DA:261,0
DA:262,0
DA:263,0
DA:264,0
DA:274,0
DA:277,0
DA:278,0
DA:279,0
DA:280,0
DA:281,0
DA:290,0
DA:294,0
DA:295,0
DA:296,0
DA:302,0
DA:307,0
DA:312,3
DA:313,3
DA:324,3
DA:325,3
DA:338,0
DA:344,3
DA:345,3
DA:360,0
DA:365,3
DA:366,3
DA:384,3
DA:385,3
DA:407,3
DA:408,3
DA:425,0
DA:429,3
DA:430,3
DA:444,0
DA:445,0
DA:450,3
DA:451,3
DA:468,3
DA:469,3
DA:479,3
DA:480,3
DA:505,0
DA:506,0
DA:513,0
DA:514,0
DA:520,3
DA:521,3
DA:540,0
LF:109
LH:40
BRDA:227,0,0,5
BRDA:227,0,1,0
BRDA:540,1,0,0
BRDA:540,1,1,0
BRF:4
BRH:1
end_of_record
TN:
SF:watermelon/schema.js
FNF:0
FNH:0
DA:3,3
LF:1
LH:1
BRF:0
BRH:0
end_of_record
