TN:
SF:__tests__/mockTestUsers.js
FNF:0
FNH:0
DA:3,3
DA:4,3
LF:2
LH:2
BRF:0
BRH:0
end_of_record
TN:
SF:assets/RankBadges/advanced.png
FNF:0
FNH:0
DA:1,1
LF:1
LH:1
BRF:0
BRH:0
end_of_record
TN:
SF:assets/RankBadges/amateur.png
FNF:0
FNH:0
DA:1,1
LF:1
LH:1
BRF:0
BRH:0
end_of_record
TN:
SF:assets/RankBadges/beginner.png
FNF:0
FNH:0
DA:1,1
LF:1
LH:1
BRF:0
BRH:0
end_of_record
TN:
SF:assets/RankBadges/elite.png
FNF:0
FNH:0
DA:1,1
LF:1
LH:1
BRF:0
BRH:0
end_of_record
TN:
SF:assets/RankBadges/experienced.png
FNF:0
FNH:0
DA:1,1
LF:1
LH:1
BRF:0
BRH:0
end_of_record
TN:
SF:assets/RankBadges/expert.png
FNF:0
FNH:0
DA:1,1
LF:1
LH:1
BRF:0
BRH:0
end_of_record
TN:
SF:assets/RankBadges/intermediate.png
FNF:0
FNH:0
DA:1,1
LF:1
LH:1
BRF:0
BRH:0
end_of_record
TN:
SF:assets/RankBadges/journeyman.png
FNF:0
FNH:0
DA:1,1
LF:1
LH:1
BRF:0
BRH:0
end_of_record
TN:
SF:assets/RankBadges/legendary.png
FNF:0
FNH:0
DA:1,1
LF:1
LH:1
BRF:0
BRH:0
end_of_record
TN:
SF:assets/RankBadges/master.png
FNF:0
FNH:0
DA:1,1
LF:1
LH:1
BRF:0
BRH:0
end_of_record
TN:
SF:helpers/formatDateTime.ts
FN:1,formatDateTime
FNF:1
FNH:1
FNDA:9,formatDateTime
DA:2,9
DA:3,9
DA:4,9
DA:5,9
DA:6,9
DA:7,9
DA:8,9
DA:9,9
LF:8
LH:8
BRF:0
BRH:0
end_of_record
TN:
SF:helpers/formatTime.tsx
FN:1,(anonymous_0)
FNF:1
FNH:1
FNDA:5,(anonymous_0)
DA:1,3
DA:2,5
DA:3,5
DA:4,5
DA:6,5
DA:8,5
DA:9,5
DA:12,5
DA:13,5
DA:16,5
DA:17,4
DA:20,5
LF:12
LH:12
BRDA:8,0,0,5
BRDA:8,0,1,0
BRDA:12,1,0,5
BRDA:12,1,1,0
BRDA:16,2,0,4
BRDA:16,2,1,1
BRF:6
BRH:4
end_of_record
TN:
SF:helpers/loginHelpers.ts
FN:5,(anonymous_0)
FN:22,(anonymous_1)
FN:50,(anonymous_2)
FN:79,(anonymous_3)
FN:102,(anonymous_4)
FNF:5
FNH:4
FNDA:3,(anonymous_0)
FNDA:3,(anonymous_1)
FNDA:1,(anonymous_2)
FNDA:2,(anonymous_3)
FNDA:0,(anonymous_4)
DA:5,2
DA:10,3
DA:11,3
DA:16,3
DA:18,0
DA:22,2
DA:26,3
DA:28,3
DA:31,1
DA:35,1
DA:37,1
DA:41,1
DA:44,2
DA:46,0
DA:50,2
DA:54,1
DA:55,1
DA:56,1
DA:62,1
DA:66,1
DA:67,1
DA:72,1
DA:74,0
DA:79,2
DA:83,2
DA:85,2
DA:87,2
DA:88,1
DA:91,1
DA:92,1
DA:95,1
DA:98,0
DA:102,2
DA:115,0
DA:116,0
DA:117,0
DA:118,0
DA:121,0
DA:127,0
DA:128,0
DA:129,0
DA:132,0
DA:133,0
DA:137,0
DA:138,0
DA:139,0
DA:142,0
LF:47
LH:29
BRDA:28,0,0,1
BRDA:28,0,1,2
BRDA:28,1,0,3
BRDA:28,1,1,3
BRDA:35,2,0,1
BRDA:35,2,1,0
BRDA:35,3,0,1
BRDA:35,3,1,1
BRDA:66,4,0,1
BRDA:66,4,1,0
BRDA:87,5,0,1
BRDA:87,5,1,1
BRDA:91,6,0,1
BRDA:91,6,1,0
BRDA:116,7,0,0
BRDA:116,7,1,0
BRDA:116,8,0,0
BRDA:116,8,1,0
BRDA:127,9,0,0
BRDA:127,9,1,0
BRDA:137,10,0,0
BRDA:137,10,1,0
BRF:22
BRH:11
end_of_record
TN:
SF:helpers/registerHelpers.ts
FN:6,(anonymous_0)
FN:27,(anonymous_1)
FN:50,(anonymous_2)
FN:53,(anonymous_3)
FN:91,(anonymous_4)
FN:100,(anonymous_5)
FN:140,(anonymous_6)
FN:230,oo_cm
FNF:8
FNH:8
FNDA:6,(anonymous_0)
FNDA:2,(anonymous_1)
FNDA:2,(anonymous_2)
FNDA:2,(anonymous_3)
FNDA:2,(anonymous_4)
FNDA:2,(anonymous_5)
FNDA:3,(anonymous_6)
FNDA:1,oo_cm
DA:6,2
DA:15,6
DA:16,6
DA:21,6
DA:23,0
DA:27,2
DA:46,2
DA:47,2
DA:50,2
DA:51,2
DA:55,2
DA:57,2
DA:59,2
DA:61,2
DA:63,2
DA:65,2
DA:67,2
DA:69,2
DA:71,2
DA:73,2
DA:88,2
DA:89,2
DA:93,2
DA:95,2
DA:98,2
DA:102,2
DA:104,2
DA:105,2
DA:108,2
DA:109,2
DA:114,2
DA:115,2
DA:122,2
DA:124,2
DA:125,2
DA:127,2
DA:128,2
DA:132,2
DA:133,2
DA:136,0
DA:140,2
DA:161,3
DA:162,3
DA:169,0
DA:170,0
DA:172,3
DA:173,0
DA:174,0
DA:177,3
DA:183,3
DA:184,1
DA:195,1
DA:196,1
DA:198,1
DA:200,2
DA:206,1
DA:207,1
DA:208,1
DA:214,1
DA:215,1
DA:217,0
DA:218,0
DA:221,0
DA:230,2
LF:64
LH:55
BRDA:88,0,0,2
BRDA:88,0,1,0
BRDA:108,1,0,2
BRDA:108,1,1,0
BRDA:114,2,0,2
BRDA:114,2,1,0
BRDA:124,3,0,2
BRDA:124,3,1,0
BRDA:124,4,0,2
BRDA:124,4,1,2
BRDA:162,5,0,0
BRDA:162,5,1,3
BRDA:163,6,0,3
BRDA:163,6,1,3
BRDA:163,6,2,3
BRDA:163,6,3,3
BRDA:163,6,4,3
BRDA:172,7,0,0
BRDA:172,7,1,3
BRDA:183,8,0,1
BRDA:183,8,1,2
BRDA:195,9,0,1
BRDA:195,9,1,0
BRDA:200,10,0,1
BRDA:200,10,1,1
BRDA:201,11,0,2
BRDA:201,11,1,2
BRDA:208,12,0,1
BRDA:208,12,1,0
BRDA:209,13,0,1
BRDA:209,13,1,1
BRDA:230,14,0,1
BRDA:230,14,1,1
BRF:33
BRH:25
end_of_record
TN:
SF:helpers/Achievements/AchievementManager.ts
FN:6,(anonymous_0)
FN:23,(anonymous_1)
FN:53,(anonymous_2)
FN:66,(anonymous_3)
FNF:4
FNH:2
FNDA:3,(anonymous_0)
FNDA:2,(anonymous_1)
FNDA:0,(anonymous_2)
FNDA:0,(anonymous_3)
DA:4,1
DA:7,3
DA:9,3
DA:13,3
DA:14,3
DA:16,0
DA:18,0
DA:28,2
DA:29,2
DA:33,2
DA:34,10
DA:35,6
DA:36,3
DA:41,2
DA:42,2
DA:46,2
DA:49,0
DA:58,0
DA:60,0
DA:62,0
DA:66,0
DA:67,0
DA:70,0
DA:72,0
DA:73,0
DA:76,0
DA:79,0
DA:80,0
DA:81,0
DA:82,0
DA:87,0
DA:91,0
DA:92,0
DA:98,0
LF:34
LH:14
BRDA:13,0,0,3
BRDA:13,0,1,0
BRDA:34,1,0,6
BRDA:34,1,1,4
BRDA:34,2,0,10
BRDA:34,2,1,10
BRDA:35,3,0,3
BRDA:35,3,1,3
BRDA:41,4,0,2
BRDA:41,4,1,0
BRDA:72,5,0,0
BRDA:72,5,1,0
BRDA:72,6,0,0
BRDA:72,6,1,0
BRDA:80,7,0,0
BRDA:80,7,1,0
BRDA:87,8,0,0
BRDA:87,8,1,0
BRDA:91,9,0,0
BRDA:91,9,1,0
BRF:20
BRH:8
end_of_record
TN:
SF:helpers/Ranks/getUserRank.ts
FN:9,getUserRank
FNF:1
FNH:1
FNDA:1,getUserRank
DA:10,1
DA:11,1
DA:12,1
DA:13,1
DA:15,1
DA:16,5
DA:17,1
DA:18,4
DA:19,1
DA:20,1
DA:21,3
DA:22,3
DA:23,3
DA:26,0
LF:14
LH:13
BRDA:10,0,0,0
BRDA:10,0,1,1
BRDA:16,1,0,1
BRDA:16,1,1,4
BRDA:16,2,0,5
BRDA:16,2,1,4
BRDA:18,3,0,1
BRDA:18,3,1,3
BRDA:21,4,0,3
BRDA:21,4,1,0
BRF:10
BRH:8
end_of_record
TN:
SF:helpers/Ranks/ranksData.ts
FNF:0
FNH:0
DA:8,1
LF:1
LH:1
BRF:0
BRH:0
end_of_record
TN:
SF:watermelon/mockDB.ts
FNF:0
FNH:0
DA:22,3
DA:32,3
LF:2
LH:2
BRF:0
BRH:0
end_of_record
TN:
SF:watermelon/models.js
FN:62,(anonymous_0)
FN:65,(anonymous_1)
FN:72,(anonymous_2)
FN:135,(anonymous_3)
FN:153,(anonymous_4)
FN:155,(anonymous_5)
FN:158,(anonymous_6)
FN:161,(anonymous_7)
FN:171,(anonymous_8)
FN:172,(anonymous_9)
FN:177,(anonymous_10)
FN:178,(anonymous_11)
FN:185,(anonymous_12)
FN:193,(anonymous_13)
FN:208,(anonymous_14)
FN:209,(anonymous_15)
FN:216,(anonymous_16)
FN:219,(anonymous_17)
FN:222,(anonymous_18)
FN:239,(anonymous_19)
FN:240,(anonymous_20)
FN:245,(anonymous_21)
FN:252,(anonymous_22)
FN:262,(anonymous_23)
FN:270,(anonymous_24)
FN:279,(anonymous_25)
FN:288,(anonymous_26)
FN:295,(anonymous_27)
FN:418,(anonymous_28)
FN:437,(anonymous_29)
FN:438,(anonymous_30)
FN:498,(anonymous_31)
FN:499,(anonymous_32)
FN:506,(anonymous_33)
FN:507,(anonymous_34)
FN:534,oo_cm
FNF:36
FNH:3
FNDA:0,(anonymous_0)
FNDA:0,(anonymous_1)
FNDA:0,(anonymous_2)
FNDA:0,(anonymous_3)
FNDA:0,(anonymous_4)
FNDA:0,(anonymous_5)
FNDA:0,(anonymous_6)
FNDA:0,(anonymous_7)
FNDA:0,(anonymous_8)
FNDA:0,(anonymous_9)
FNDA:0,(anonymous_10)
FNDA:0,(anonymous_11)
FNDA:0,(anonymous_12)
FNDA:0,(anonymous_13)
FNDA:0,(anonymous_14)
FNDA:0,(anonymous_15)
FNDA:3,(anonymous_16)
FNDA:5,(anonymous_17)
FNDA:5,(anonymous_18)
FNDA:0,(anonymous_19)
FNDA:0,(anonymous_20)
FNDA:0,(anonymous_21)
FNDA:0,(anonymous_22)
FNDA:0,(anonymous_23)
FNDA:0,(anonymous_24)
FNDA:0,(anonymous_25)
FNDA:0,(anonymous_26)
FNDA:0,(anonymous_27)
FNDA:0,(anonymous_28)
FNDA:0,(anonymous_29)
FNDA:0,(anonymous_30)
FNDA:0,(anonymous_31)
FNDA:0,(anonymous_32)
FNDA:0,(anonymous_33)
FNDA:0,(anonymous_34)
FNDA:0,oo_cm
DA:17,3
DA:18,3
DA:31,3
DA:32,3
DA:63,0
DA:66,0
DA:67,0
DA:69,0
DA:73,0
DA:76,0
DA:77,0
DA:82,3
DA:83,3
DA:93,3
DA:94,3
DA:129,0
DA:130,0
DA:136,0
DA:154,0
DA:156,0
DA:159,0
DA:162,0
DA:172,0
DA:173,0
DA:178,0
DA:179,0
DA:180,0
DA:181,0
DA:193,0
DA:194,0
DA:195,0
DA:196,0
DA:197,0
DA:198,0
DA:199,0
DA:200,0
DA:201,0
DA:202,0
DA:203,0
DA:205,0
DA:209,0
DA:210,0
DA:211,0
DA:217,3
DA:218,3
DA:220,5
DA:223,5
DA:224,5
DA:225,5
DA:227,5
DA:230,3
DA:232,3
DA:234,0
DA:235,0
DA:240,0
DA:241,0
DA:250,0
DA:253,0
DA:254,0
DA:255,0
DA:256,0
DA:257,0
DA:258,0
DA:268,0
DA:271,0
DA:272,0
DA:273,0
DA:274,0
DA:275,0
DA:284,0
DA:288,0
DA:289,0
DA:290,0
DA:296,0
DA:301,0
DA:306,3
DA:307,3
DA:318,3
DA:319,3
DA:332,0
DA:338,3
DA:339,3
DA:354,0
DA:359,3
DA:360,3
DA:378,3
DA:379,3
DA:401,3
DA:402,3
DA:419,0
DA:423,3
DA:424,3
DA:438,0
DA:439,0
DA:444,3
DA:445,3
DA:462,3
DA:463,3
DA:473,3
DA:474,3
DA:499,0
DA:500,0
DA:507,0
DA:508,0
DA:514,3
DA:515,3
DA:534,0
LF:107
LH:39
BRDA:534,0,0,0
BRDA:534,0,1,0
BRF:2
BRH:0
end_of_record
TN:
SF:watermelon/schema.js
FNF:0
FNH:0
DA:3,3
LF:1
LH:1
BRF:0
BRH:0
end_of_record
